2021-08-18T01:00:30+00:00 CRITICAL Uncaught Error: Call to private WPGraphQL\CardNet\Template\CardNetTemplate::__construct() from context 'CardNet' in /var/www/html/wp-content/plugins/wp-grapql-cardnet/wp-graphql-cardnet.php:101
Stack trace:
#0 /var/www/html/wp-content/plugins/wp-grapql-cardnet/wp-graphql-cardnet.php(74): CardNet::init()
#1 /var/www/html/wp-content/plugins/wp-grapql-cardnet/wp-graphql-cardnet.php(115): CardNet::instance()
#2 /var/www/html/wp-includes/class-wp-hook.php(303): init('')
#3 /var/www/html/wp-includes/class-wp-hook.php(327): WP_Hook->apply_filters(NULL, Array)
#4 /var/www/html/wp-includes/plugin.php(470): WP_Hook->do_action(Array)
#5 /var/www/html/wp-settings.php(441): do_action('plugins_loaded')
#6 /var/www/html/wp-config.php(131): require_once('/var/www/html/w...')
#7 /var/www/html/wp-load.php(50): require_once('/var/www/html/w...')
#8 /var/www/html/wp-admin/admin-ajax.php(22): require_once('/var/www/html/w...')
#9 {main}
  thrown in /var/www/html/wp-content/plugins/wp-grapql-cardnet/wp-graphql-cardnet.php on line 101

2021-08-18T01:00:30+00:00 CRITICAL Uncaught Error: Call to private WPGraphQL\CardNet\Template\CardNetTemplate::__construct() from context 'CardNet' in /var/www/html/wp-content/plugins/wp-grapql-cardnet/wp-graphql-cardnet.php:101
Stack trace:
#0 /var/www/html/wp-content/plugins/wp-grapql-cardnet/wp-graphql-cardnet.php(74): CardNet::init()
#1 /var/www/html/wp-content/plugins/wp-grapql-cardnet/wp-graphql-cardnet.php(115): CardNet::instance()
#2 /var/www/html/wp-includes/class-wp-hook.php(303): init('')
#3 /var/www/html/wp-includes/class-wp-hook.php(327): WP_Hook->apply_filters(NULL, Array)
#4 /var/www/html/wp-includes/plugin.php(470): WP_Hook->do_action(Array)
#5 /var/www/html/wp-settings.php(441): do_action('plugins_loaded')
#6 /var/www/html/wp-config.php(131): require_once('/var/www/html/w...')
#7 /var/www/html/wp-load.php(50): require_once('/var/www/html/w...')
#8 /var/www/html/wp-blog-header.php(13): require_once('/var/www/html/w...')
#9 /var/www/html/index.php(17): require('/var/www/html/w...')
#10 {main}
  thrown in /var/www/html/wp-content/plugins/wp-grapql-cardnet/wp-graphql-cardnet.php on line 101

2021-08-18T01:25:32+00:00 CRITICAL syntax error, unexpected end of file in /var/www/html/wp-content/plugins/wp-grapql-cardnet/src/Template/cardnet-theme.php on line 36

2021-08-18T01:26:32+00:00 CRITICAL syntax error, unexpected end of file in /var/www/html/wp-content/plugins/wp-grapql-cardnet/src/Template/cardnet-theme.php on line 37

