2021-09-24T19:30:36+00:00 CRITICAL Uncaught Error: Class 'MSeller\AuthExtensions' not found in /var/www/html/wp-content/plugins/wp-grapql-mseller/wp-graphql-mseller.php:55
Stack trace:
#0 /var/www/html/wp-includes/class-wp-hook.php(303): MSeller\init('')
#1 /var/www/html/wp-includes/class-wp-hook.php(327): WP_Hook->apply_filters(Object(WPGraphQL\JWT_Authentication\JWT_Authentication), Array)
#2 /var/www/html/wp-includes/plugin.php(470): WP_Hook->do_action(Array)
#3 /var/www/html/wp-settings.php(441): do_action('plugins_loaded')
#4 /var/www/html/wp-config.php(131): require_once('/var/www/html/w...')
#5 /var/www/html/wp-load.php(50): require_once('/var/www/html/w...')
#6 /var/www/html/wp-blog-header.php(13): require_once('/var/www/html/w...')
#7 /var/www/html/index.php(17): require('/var/www/html/w...')
#8 {main}
  thrown in /var/www/html/wp-content/plugins/wp-grapql-mseller/wp-graphql-mseller.php on line 55

2021-09-24T19:30:37+00:00 CRITICAL Uncaught Error: Class 'MSeller\AuthExtensions' not found in /var/www/html/wp-content/plugins/wp-grapql-mseller/wp-graphql-mseller.php:55
Stack trace:
#0 /var/www/html/wp-includes/class-wp-hook.php(303): MSeller\init('')
#1 /var/www/html/wp-includes/class-wp-hook.php(327): WP_Hook->apply_filters(Object(WPGraphQL\JWT_Authentication\JWT_Authentication), Array)
#2 /var/www/html/wp-includes/plugin.php(470): WP_Hook->do_action(Array)
#3 /var/www/html/wp-settings.php(441): do_action('plugins_loaded')
#4 /var/www/html/wp-config.php(131): require_once('/var/www/html/w...')
#5 /var/www/html/wp-load.php(50): require_once('/var/www/html/w...')
#6 /var/www/html/wp-blog-header.php(13): require_once('/var/www/html/w...')
#7 /var/www/html/index.php(17): require('/var/www/html/w...')
#8 {main}
  thrown in /var/www/html/wp-content/plugins/wp-grapql-mseller/wp-graphql-mseller.php on line 55

2021-09-24T19:55:26+00:00 CRITICAL syntax error, unexpected 'return' (T_RETURN) in /var/www/html/wp-content/plugins/wp-grapql-mseller/src/AuthExtensions.php on line 37

