2021-08-15T00:02:01+00:00 CRITICAL Uncaught Error: Class 'WPGraphQL\CardNet\CarNetCustomer' not found in /var/www/html/wp-content/plugins/wp-grapql-cardnet/wp-graphql-cardnet.php:101
Stack trace:
#0 /var/www/html/wp-content/plugins/wp-grapql-cardnet/wp-graphql-cardnet.php(76): CardNet::init()
#1 /var/www/html/wp-content/plugins/wp-grapql-cardnet/wp-graphql-cardnet.php(115): CardNet::instance()
#2 /var/www/html/wp-includes/class-wp-hook.php(303): init('')
#3 /var/www/html/wp-includes/class-wp-hook.php(327): WP_Hook->apply_filters(NULL, Array)
#4 /var/www/html/wp-includes/plugin.php(470): WP_Hook->do_action(Array)
#5 /var/www/html/wp-settings.php(441): do_action('plugins_loaded')
#6 /var/www/html/wp-config.php(131): require_once('/var/www/html/w...')
#7 /var/www/html/wp-load.php(50): require_once('/var/www/html/w...')
#8 /var/www/html/wp-admin/admin-ajax.php(22): require_once('/var/www/html/w...')
#9 {main}
  thrown in /var/www/html/wp-content/plugins/wp-grapql-cardnet/wp-graphql-cardnet.php on line 101

2021-08-15T00:04:01+00:00 CRITICAL Uncaught Error: Class 'WPGraphQL\CardNet\CarNetCustomer' not found in /var/www/html/wp-content/plugins/wp-grapql-cardnet/wp-graphql-cardnet.php:101
Stack trace:
#0 /var/www/html/wp-content/plugins/wp-grapql-cardnet/wp-graphql-cardnet.php(76): CardNet::init()
#1 /var/www/html/wp-content/plugins/wp-grapql-cardnet/wp-graphql-cardnet.php(115): CardNet::instance()
#2 /var/www/html/wp-includes/class-wp-hook.php(303): init('')
#3 /var/www/html/wp-includes/class-wp-hook.php(327): WP_Hook->apply_filters(NULL, Array)
#4 /var/www/html/wp-includes/plugin.php(470): WP_Hook->do_action(Array)
#5 /var/www/html/wp-settings.php(441): do_action('plugins_loaded')
#6 /var/www/html/wp-config.php(131): require_once('/var/www/html/w...')
#7 /var/www/html/wp-load.php(50): require_once('/var/www/html/w...')
#8 /var/www/html/wp-admin/admin-ajax.php(22): require_once('/var/www/html/w...')
#9 {main}
  thrown in /var/www/html/wp-content/plugins/wp-grapql-cardnet/wp-graphql-cardnet.php on line 101

2021-08-15T00:06:01+00:00 CRITICAL Uncaught Error: Class 'WPGraphQL\CardNet\CarNetCustomer' not found in /var/www/html/wp-content/plugins/wp-grapql-cardnet/wp-graphql-cardnet.php:101
Stack trace:
#0 /var/www/html/wp-content/plugins/wp-grapql-cardnet/wp-graphql-cardnet.php(76): CardNet::init()
#1 /var/www/html/wp-content/plugins/wp-grapql-cardnet/wp-graphql-cardnet.php(115): CardNet::instance()
#2 /var/www/html/wp-includes/class-wp-hook.php(303): init('')
#3 /var/www/html/wp-includes/class-wp-hook.php(327): WP_Hook->apply_filters(NULL, Array)
#4 /var/www/html/wp-includes/plugin.php(470): WP_Hook->do_action(Array)
#5 /var/www/html/wp-settings.php(441): do_action('plugins_loaded')
#6 /var/www/html/wp-config.php(131): require_once('/var/www/html/w...')
#7 /var/www/html/wp-load.php(50): require_once('/var/www/html/w...')
#8 /var/www/html/wp-admin/admin-ajax.php(22): require_once('/var/www/html/w...')
#9 {main}
  thrown in /var/www/html/wp-content/plugins/wp-grapql-cardnet/wp-graphql-cardnet.php on line 101

2021-08-15T00:08:02+00:00 CRITICAL Uncaught Error: Class 'WPGraphQL\CardNet\CarNetCustomer' not found in /var/www/html/wp-content/plugins/wp-grapql-cardnet/wp-graphql-cardnet.php:101
Stack trace:
#0 /var/www/html/wp-content/plugins/wp-grapql-cardnet/wp-graphql-cardnet.php(76): CardNet::init()
#1 /var/www/html/wp-content/plugins/wp-grapql-cardnet/wp-graphql-cardnet.php(115): CardNet::instance()
#2 /var/www/html/wp-includes/class-wp-hook.php(303): init('')
#3 /var/www/html/wp-includes/class-wp-hook.php(327): WP_Hook->apply_filters(NULL, Array)
#4 /var/www/html/wp-includes/plugin.php(470): WP_Hook->do_action(Array)
#5 /var/www/html/wp-settings.php(441): do_action('plugins_loaded')
#6 /var/www/html/wp-config.php(131): require_once('/var/www/html/w...')
#7 /var/www/html/wp-load.php(50): require_once('/var/www/html/w...')
#8 /var/www/html/wp-admin/admin-ajax.php(22): require_once('/var/www/html/w...')
#9 {main}
  thrown in /var/www/html/wp-content/plugins/wp-grapql-cardnet/wp-graphql-cardnet.php on line 101

2021-08-15T00:10:04+00:00 CRITICAL Uncaught Error: Class 'WPGraphQL\CardNet\CarNetCustomer' not found in /var/www/html/wp-content/plugins/wp-grapql-cardnet/wp-graphql-cardnet.php:101
Stack trace:
#0 /var/www/html/wp-content/plugins/wp-grapql-cardnet/wp-graphql-cardnet.php(76): CardNet::init()
#1 /var/www/html/wp-content/plugins/wp-grapql-cardnet/wp-graphql-cardnet.php(115): CardNet::instance()
#2 /var/www/html/wp-includes/class-wp-hook.php(303): init('')
#3 /var/www/html/wp-includes/class-wp-hook.php(327): WP_Hook->apply_filters(NULL, Array)
#4 /var/www/html/wp-includes/plugin.php(470): WP_Hook->do_action(Array)
#5 /var/www/html/wp-settings.php(441): do_action('plugins_loaded')
#6 /var/www/html/wp-config.php(131): require_once('/var/www/html/w...')
#7 /var/www/html/wp-load.php(50): require_once('/var/www/html/w...')
#8 /var/www/html/wp-admin/admin-ajax.php(22): require_once('/var/www/html/w...')
#9 {main}
  thrown in /var/www/html/wp-content/plugins/wp-grapql-cardnet/wp-graphql-cardnet.php on line 101

2021-08-15T00:12:03+00:00 CRITICAL Uncaught Error: Class 'WPGraphQL\CardNet\CarNetCustomer' not found in /var/www/html/wp-content/plugins/wp-grapql-cardnet/wp-graphql-cardnet.php:101
Stack trace:
#0 /var/www/html/wp-content/plugins/wp-grapql-cardnet/wp-graphql-cardnet.php(76): CardNet::init()
#1 /var/www/html/wp-content/plugins/wp-grapql-cardnet/wp-graphql-cardnet.php(115): CardNet::instance()
#2 /var/www/html/wp-includes/class-wp-hook.php(303): init('')
#3 /var/www/html/wp-includes/class-wp-hook.php(327): WP_Hook->apply_filters(NULL, Array)
#4 /var/www/html/wp-includes/plugin.php(470): WP_Hook->do_action(Array)
#5 /var/www/html/wp-settings.php(441): do_action('plugins_loaded')
#6 /var/www/html/wp-config.php(131): require_once('/var/www/html/w...')
#7 /var/www/html/wp-load.php(50): require_once('/var/www/html/w...')
#8 /var/www/html/wp-admin/admin-ajax.php(22): require_once('/var/www/html/w...')
#9 {main}
  thrown in /var/www/html/wp-content/plugins/wp-grapql-cardnet/wp-graphql-cardnet.php on line 101

2021-08-15T00:14:04+00:00 CRITICAL Uncaught Error: Class 'WPGraphQL\CardNet\CarNetCustomer' not found in /var/www/html/wp-content/plugins/wp-grapql-cardnet/wp-graphql-cardnet.php:101
Stack trace:
#0 /var/www/html/wp-content/plugins/wp-grapql-cardnet/wp-graphql-cardnet.php(76): CardNet::init()
#1 /var/www/html/wp-content/plugins/wp-grapql-cardnet/wp-graphql-cardnet.php(115): CardNet::instance()
#2 /var/www/html/wp-includes/class-wp-hook.php(303): init('')
#3 /var/www/html/wp-includes/class-wp-hook.php(327): WP_Hook->apply_filters(NULL, Array)
#4 /var/www/html/wp-includes/plugin.php(470): WP_Hook->do_action(Array)
#5 /var/www/html/wp-settings.php(441): do_action('plugins_loaded')
#6 /var/www/html/wp-config.php(131): require_once('/var/www/html/w...')
#7 /var/www/html/wp-load.php(50): require_once('/var/www/html/w...')
#8 /var/www/html/wp-admin/admin-ajax.php(22): require_once('/var/www/html/w...')
#9 {main}
  thrown in /var/www/html/wp-content/plugins/wp-grapql-cardnet/wp-graphql-cardnet.php on line 101

2021-08-15T01:16:39+00:00 CRITICAL Uncaught Error: Class 'WPGraphQL\CardNet\CarNetCustomer' not found in /var/www/html/wp-content/plugins/wp-grapql-cardnet/wp-graphql-cardnet.php:101
Stack trace:
#0 /var/www/html/wp-content/plugins/wp-grapql-cardnet/wp-graphql-cardnet.php(76): CardNet::init()
#1 /var/www/html/wp-content/plugins/wp-grapql-cardnet/wp-graphql-cardnet.php(115): CardNet::instance()
#2 /var/www/html/wp-includes/class-wp-hook.php(303): init('')
#3 /var/www/html/wp-includes/class-wp-hook.php(327): WP_Hook->apply_filters(NULL, Array)
#4 /var/www/html/wp-includes/plugin.php(470): WP_Hook->do_action(Array)
#5 /var/www/html/wp-settings.php(441): do_action('plugins_loaded')
#6 /var/www/html/wp-config.php(131): require_once('/var/www/html/w...')
#7 /var/www/html/wp-load.php(50): require_once('/var/www/html/w...')
#8 /var/www/html/wp-admin/admin-ajax.php(22): require_once('/var/www/html/w...')
#9 {main}
  thrown in /var/www/html/wp-content/plugins/wp-grapql-cardnet/wp-graphql-cardnet.php on line 101

2021-08-15T01:18:40+00:00 CRITICAL Uncaught Error: Class 'WPGraphQL\CardNet\CarNetCustomer' not found in /var/www/html/wp-content/plugins/wp-grapql-cardnet/wp-graphql-cardnet.php:101
Stack trace:
#0 /var/www/html/wp-content/plugins/wp-grapql-cardnet/wp-graphql-cardnet.php(76): CardNet::init()
#1 /var/www/html/wp-content/plugins/wp-grapql-cardnet/wp-graphql-cardnet.php(115): CardNet::instance()
#2 /var/www/html/wp-includes/class-wp-hook.php(303): init('')
#3 /var/www/html/wp-includes/class-wp-hook.php(327): WP_Hook->apply_filters(NULL, Array)
#4 /var/www/html/wp-includes/plugin.php(470): WP_Hook->do_action(Array)
#5 /var/www/html/wp-settings.php(441): do_action('plugins_loaded')
#6 /var/www/html/wp-config.php(131): require_once('/var/www/html/w...')
#7 /var/www/html/wp-load.php(50): require_once('/var/www/html/w...')
#8 /var/www/html/wp-admin/admin-ajax.php(22): require_once('/var/www/html/w...')
#9 {main}
  thrown in /var/www/html/wp-content/plugins/wp-grapql-cardnet/wp-graphql-cardnet.php on line 101

2021-08-15T01:20:41+00:00 CRITICAL Uncaught Error: Class 'WPGraphQL\CardNet\CarNetCustomer' not found in /var/www/html/wp-content/plugins/wp-grapql-cardnet/wp-graphql-cardnet.php:101
Stack trace:
#0 /var/www/html/wp-content/plugins/wp-grapql-cardnet/wp-graphql-cardnet.php(76): CardNet::init()
#1 /var/www/html/wp-content/plugins/wp-grapql-cardnet/wp-graphql-cardnet.php(115): CardNet::instance()
#2 /var/www/html/wp-includes/class-wp-hook.php(303): init('')
#3 /var/www/html/wp-includes/class-wp-hook.php(327): WP_Hook->apply_filters(NULL, Array)
#4 /var/www/html/wp-includes/plugin.php(470): WP_Hook->do_action(Array)
#5 /var/www/html/wp-settings.php(441): do_action('plugins_loaded')
#6 /var/www/html/wp-config.php(131): require_once('/var/www/html/w...')
#7 /var/www/html/wp-load.php(50): require_once('/var/www/html/w...')
#8 /var/www/html/wp-admin/admin-ajax.php(22): require_once('/var/www/html/w...')
#9 {main}
  thrown in /var/www/html/wp-content/plugins/wp-grapql-cardnet/wp-graphql-cardnet.php on line 101

2021-08-15T01:22:42+00:00 CRITICAL Uncaught Error: Class 'WPGraphQL\CardNet\CarNetCustomer' not found in /var/www/html/wp-content/plugins/wp-grapql-cardnet/wp-graphql-cardnet.php:101
Stack trace:
#0 /var/www/html/wp-content/plugins/wp-grapql-cardnet/wp-graphql-cardnet.php(76): CardNet::init()
#1 /var/www/html/wp-content/plugins/wp-grapql-cardnet/wp-graphql-cardnet.php(115): CardNet::instance()
#2 /var/www/html/wp-includes/class-wp-hook.php(303): init('')
#3 /var/www/html/wp-includes/class-wp-hook.php(327): WP_Hook->apply_filters(NULL, Array)
#4 /var/www/html/wp-includes/plugin.php(470): WP_Hook->do_action(Array)
#5 /var/www/html/wp-settings.php(441): do_action('plugins_loaded')
#6 /var/www/html/wp-config.php(131): require_once('/var/www/html/w...')
#7 /var/www/html/wp-load.php(50): require_once('/var/www/html/w...')
#8 /var/www/html/wp-admin/admin-ajax.php(22): require_once('/var/www/html/w...')
#9 {main}
  thrown in /var/www/html/wp-content/plugins/wp-grapql-cardnet/wp-graphql-cardnet.php on line 101

2021-08-15T01:24:42+00:00 CRITICAL Uncaught Error: Class 'WPGraphQL\CardNet\CarNetCustomer' not found in /var/www/html/wp-content/plugins/wp-grapql-cardnet/wp-graphql-cardnet.php:101
Stack trace:
#0 /var/www/html/wp-content/plugins/wp-grapql-cardnet/wp-graphql-cardnet.php(76): CardNet::init()
#1 /var/www/html/wp-content/plugins/wp-grapql-cardnet/wp-graphql-cardnet.php(115): CardNet::instance()
#2 /var/www/html/wp-includes/class-wp-hook.php(303): init('')
#3 /var/www/html/wp-includes/class-wp-hook.php(327): WP_Hook->apply_filters(NULL, Array)
#4 /var/www/html/wp-includes/plugin.php(470): WP_Hook->do_action(Array)
#5 /var/www/html/wp-settings.php(441): do_action('plugins_loaded')
#6 /var/www/html/wp-config.php(131): require_once('/var/www/html/w...')
#7 /var/www/html/wp-load.php(50): require_once('/var/www/html/w...')
#8 /var/www/html/wp-admin/admin-ajax.php(22): require_once('/var/www/html/w...')
#9 {main}
  thrown in /var/www/html/wp-content/plugins/wp-grapql-cardnet/wp-graphql-cardnet.php on line 101

2021-08-15T02:27:13+00:00 CRITICAL Uncaught Error: Class 'WPGraphQL\CardNet\CarNetCustomer' not found in /var/www/html/wp-content/plugins/wp-grapql-cardnet/wp-graphql-cardnet.php:101
Stack trace:
#0 /var/www/html/wp-content/plugins/wp-grapql-cardnet/wp-graphql-cardnet.php(76): CardNet::init()
#1 /var/www/html/wp-content/plugins/wp-grapql-cardnet/wp-graphql-cardnet.php(115): CardNet::instance()
#2 /var/www/html/wp-includes/class-wp-hook.php(303): init('')
#3 /var/www/html/wp-includes/class-wp-hook.php(327): WP_Hook->apply_filters(NULL, Array)
#4 /var/www/html/wp-includes/plugin.php(470): WP_Hook->do_action(Array)
#5 /var/www/html/wp-settings.php(441): do_action('plugins_loaded')
#6 /var/www/html/wp-config.php(131): require_once('/var/www/html/w...')
#7 /var/www/html/wp-load.php(50): require_once('/var/www/html/w...')
#8 /var/www/html/wp-admin/admin-ajax.php(22): require_once('/var/www/html/w...')
#9 {main}
  thrown in /var/www/html/wp-content/plugins/wp-grapql-cardnet/wp-graphql-cardnet.php on line 101

2021-08-15T02:29:17+00:00 CRITICAL Uncaught Error: Class 'WPGraphQL\CardNet\CarNetCustomer' not found in /var/www/html/wp-content/plugins/wp-grapql-cardnet/wp-graphql-cardnet.php:101
Stack trace:
#0 /var/www/html/wp-content/plugins/wp-grapql-cardnet/wp-graphql-cardnet.php(76): CardNet::init()
#1 /var/www/html/wp-content/plugins/wp-grapql-cardnet/wp-graphql-cardnet.php(115): CardNet::instance()
#2 /var/www/html/wp-includes/class-wp-hook.php(303): init('')
#3 /var/www/html/wp-includes/class-wp-hook.php(327): WP_Hook->apply_filters(NULL, Array)
#4 /var/www/html/wp-includes/plugin.php(470): WP_Hook->do_action(Array)
#5 /var/www/html/wp-settings.php(441): do_action('plugins_loaded')
#6 /var/www/html/wp-config.php(131): require_once('/var/www/html/w...')
#7 /var/www/html/wp-load.php(50): require_once('/var/www/html/w...')
#8 /var/www/html/wp-admin/admin-ajax.php(22): require_once('/var/www/html/w...')
#9 {main}
  thrown in /var/www/html/wp-content/plugins/wp-grapql-cardnet/wp-graphql-cardnet.php on line 101

2021-08-15T03:31:51+00:00 CRITICAL Uncaught Error: Class 'WPGraphQL\CardNet\CarNetCustomer' not found in /var/www/html/wp-content/plugins/wp-grapql-cardnet/wp-graphql-cardnet.php:101
Stack trace:
#0 /var/www/html/wp-content/plugins/wp-grapql-cardnet/wp-graphql-cardnet.php(76): CardNet::init()
#1 /var/www/html/wp-content/plugins/wp-grapql-cardnet/wp-graphql-cardnet.php(115): CardNet::instance()
#2 /var/www/html/wp-includes/class-wp-hook.php(303): init('')
#3 /var/www/html/wp-includes/class-wp-hook.php(327): WP_Hook->apply_filters(NULL, Array)
#4 /var/www/html/wp-includes/plugin.php(470): WP_Hook->do_action(Array)
#5 /var/www/html/wp-settings.php(441): do_action('plugins_loaded')
#6 /var/www/html/wp-config.php(131): require_once('/var/www/html/w...')
#7 /var/www/html/wp-load.php(50): require_once('/var/www/html/w...')
#8 /var/www/html/wp-admin/admin-ajax.php(22): require_once('/var/www/html/w...')
#9 {main}
  thrown in /var/www/html/wp-content/plugins/wp-grapql-cardnet/wp-graphql-cardnet.php on line 101

2021-08-15T03:33:52+00:00 CRITICAL Uncaught Error: Class 'WPGraphQL\CardNet\CarNetCustomer' not found in /var/www/html/wp-content/plugins/wp-grapql-cardnet/wp-graphql-cardnet.php:101
Stack trace:
#0 /var/www/html/wp-content/plugins/wp-grapql-cardnet/wp-graphql-cardnet.php(76): CardNet::init()
#1 /var/www/html/wp-content/plugins/wp-grapql-cardnet/wp-graphql-cardnet.php(115): CardNet::instance()
#2 /var/www/html/wp-includes/class-wp-hook.php(303): init('')
#3 /var/www/html/wp-includes/class-wp-hook.php(327): WP_Hook->apply_filters(NULL, Array)
#4 /var/www/html/wp-includes/plugin.php(470): WP_Hook->do_action(Array)
#5 /var/www/html/wp-settings.php(441): do_action('plugins_loaded')
#6 /var/www/html/wp-config.php(131): require_once('/var/www/html/w...')
#7 /var/www/html/wp-load.php(50): require_once('/var/www/html/w...')
#8 /var/www/html/wp-admin/admin-ajax.php(22): require_once('/var/www/html/w...')
#9 {main}
  thrown in /var/www/html/wp-content/plugins/wp-grapql-cardnet/wp-graphql-cardnet.php on line 101

2021-08-15T03:35:53+00:00 CRITICAL Uncaught Error: Class 'WPGraphQL\CardNet\CarNetCustomer' not found in /var/www/html/wp-content/plugins/wp-grapql-cardnet/wp-graphql-cardnet.php:101
Stack trace:
#0 /var/www/html/wp-content/plugins/wp-grapql-cardnet/wp-graphql-cardnet.php(76): CardNet::init()
#1 /var/www/html/wp-content/plugins/wp-grapql-cardnet/wp-graphql-cardnet.php(115): CardNet::instance()
#2 /var/www/html/wp-includes/class-wp-hook.php(303): init('')
#3 /var/www/html/wp-includes/class-wp-hook.php(327): WP_Hook->apply_filters(NULL, Array)
#4 /var/www/html/wp-includes/plugin.php(470): WP_Hook->do_action(Array)
#5 /var/www/html/wp-settings.php(441): do_action('plugins_loaded')
#6 /var/www/html/wp-config.php(131): require_once('/var/www/html/w...')
#7 /var/www/html/wp-load.php(50): require_once('/var/www/html/w...')
#8 /var/www/html/wp-admin/admin-ajax.php(22): require_once('/var/www/html/w...')
#9 {main}
  thrown in /var/www/html/wp-content/plugins/wp-grapql-cardnet/wp-graphql-cardnet.php on line 101

2021-08-15T04:38:23+00:00 CRITICAL Uncaught Error: Class 'WPGraphQL\CardNet\CarNetCustomer' not found in /var/www/html/wp-content/plugins/wp-grapql-cardnet/wp-graphql-cardnet.php:101
Stack trace:
#0 /var/www/html/wp-content/plugins/wp-grapql-cardnet/wp-graphql-cardnet.php(76): CardNet::init()
#1 /var/www/html/wp-content/plugins/wp-grapql-cardnet/wp-graphql-cardnet.php(115): CardNet::instance()
#2 /var/www/html/wp-includes/class-wp-hook.php(303): init('')
#3 /var/www/html/wp-includes/class-wp-hook.php(327): WP_Hook->apply_filters(NULL, Array)
#4 /var/www/html/wp-includes/plugin.php(470): WP_Hook->do_action(Array)
#5 /var/www/html/wp-settings.php(441): do_action('plugins_loaded')
#6 /var/www/html/wp-config.php(131): require_once('/var/www/html/w...')
#7 /var/www/html/wp-load.php(50): require_once('/var/www/html/w...')
#8 /var/www/html/wp-admin/admin-ajax.php(22): require_once('/var/www/html/w...')
#9 {main}
  thrown in /var/www/html/wp-content/plugins/wp-grapql-cardnet/wp-graphql-cardnet.php on line 101

2021-08-15T04:40:24+00:00 CRITICAL Uncaught Error: Class 'WPGraphQL\CardNet\CarNetCustomer' not found in /var/www/html/wp-content/plugins/wp-grapql-cardnet/wp-graphql-cardnet.php:101
Stack trace:
#0 /var/www/html/wp-content/plugins/wp-grapql-cardnet/wp-graphql-cardnet.php(76): CardNet::init()
#1 /var/www/html/wp-content/plugins/wp-grapql-cardnet/wp-graphql-cardnet.php(115): CardNet::instance()
#2 /var/www/html/wp-includes/class-wp-hook.php(303): init('')
#3 /var/www/html/wp-includes/class-wp-hook.php(327): WP_Hook->apply_filters(NULL, Array)
#4 /var/www/html/wp-includes/plugin.php(470): WP_Hook->do_action(Array)
#5 /var/www/html/wp-settings.php(441): do_action('plugins_loaded')
#6 /var/www/html/wp-config.php(131): require_once('/var/www/html/w...')
#7 /var/www/html/wp-load.php(50): require_once('/var/www/html/w...')
#8 /var/www/html/wp-admin/admin-ajax.php(22): require_once('/var/www/html/w...')
#9 {main}
  thrown in /var/www/html/wp-content/plugins/wp-grapql-cardnet/wp-graphql-cardnet.php on line 101

2021-08-15T04:42:26+00:00 CRITICAL Uncaught Error: Class 'WPGraphQL\CardNet\CarNetCustomer' not found in /var/www/html/wp-content/plugins/wp-grapql-cardnet/wp-graphql-cardnet.php:101
Stack trace:
#0 /var/www/html/wp-content/plugins/wp-grapql-cardnet/wp-graphql-cardnet.php(76): CardNet::init()
#1 /var/www/html/wp-content/plugins/wp-grapql-cardnet/wp-graphql-cardnet.php(115): CardNet::instance()
#2 /var/www/html/wp-includes/class-wp-hook.php(303): init('')
#3 /var/www/html/wp-includes/class-wp-hook.php(327): WP_Hook->apply_filters(NULL, Array)
#4 /var/www/html/wp-includes/plugin.php(470): WP_Hook->do_action(Array)
#5 /var/www/html/wp-settings.php(441): do_action('plugins_loaded')
#6 /var/www/html/wp-config.php(131): require_once('/var/www/html/w...')
#7 /var/www/html/wp-load.php(50): require_once('/var/www/html/w...')
#8 /var/www/html/wp-admin/admin-ajax.php(22): require_once('/var/www/html/w...')
#9 {main}
  thrown in /var/www/html/wp-content/plugins/wp-grapql-cardnet/wp-graphql-cardnet.php on line 101

2021-08-15T04:44:27+00:00 CRITICAL Uncaught Error: Class 'WPGraphQL\CardNet\CarNetCustomer' not found in /var/www/html/wp-content/plugins/wp-grapql-cardnet/wp-graphql-cardnet.php:101
Stack trace:
#0 /var/www/html/wp-content/plugins/wp-grapql-cardnet/wp-graphql-cardnet.php(76): CardNet::init()
#1 /var/www/html/wp-content/plugins/wp-grapql-cardnet/wp-graphql-cardnet.php(115): CardNet::instance()
#2 /var/www/html/wp-includes/class-wp-hook.php(303): init('')
#3 /var/www/html/wp-includes/class-wp-hook.php(327): WP_Hook->apply_filters(NULL, Array)
#4 /var/www/html/wp-includes/plugin.php(470): WP_Hook->do_action(Array)
#5 /var/www/html/wp-settings.php(441): do_action('plugins_loaded')
#6 /var/www/html/wp-config.php(131): require_once('/var/www/html/w...')
#7 /var/www/html/wp-load.php(50): require_once('/var/www/html/w...')
#8 /var/www/html/wp-admin/admin-ajax.php(22): require_once('/var/www/html/w...')
#9 {main}
  thrown in /var/www/html/wp-content/plugins/wp-grapql-cardnet/wp-graphql-cardnet.php on line 101

2021-08-15T04:46:27+00:00 CRITICAL Uncaught Error: Class 'WPGraphQL\CardNet\CarNetCustomer' not found in /var/www/html/wp-content/plugins/wp-grapql-cardnet/wp-graphql-cardnet.php:101
Stack trace:
#0 /var/www/html/wp-content/plugins/wp-grapql-cardnet/wp-graphql-cardnet.php(76): CardNet::init()
#1 /var/www/html/wp-content/plugins/wp-grapql-cardnet/wp-graphql-cardnet.php(115): CardNet::instance()
#2 /var/www/html/wp-includes/class-wp-hook.php(303): init('')
#3 /var/www/html/wp-includes/class-wp-hook.php(327): WP_Hook->apply_filters(NULL, Array)
#4 /var/www/html/wp-includes/plugin.php(470): WP_Hook->do_action(Array)
#5 /var/www/html/wp-settings.php(441): do_action('plugins_loaded')
#6 /var/www/html/wp-config.php(131): require_once('/var/www/html/w...')
#7 /var/www/html/wp-load.php(50): require_once('/var/www/html/w...')
#8 /var/www/html/wp-admin/admin-ajax.php(22): require_once('/var/www/html/w...')
#9 {main}
  thrown in /var/www/html/wp-content/plugins/wp-grapql-cardnet/wp-graphql-cardnet.php on line 101

2021-08-15T04:48:30+00:00 CRITICAL Uncaught Error: Class 'WPGraphQL\CardNet\CarNetCustomer' not found in /var/www/html/wp-content/plugins/wp-grapql-cardnet/wp-graphql-cardnet.php:101
Stack trace:
#0 /var/www/html/wp-content/plugins/wp-grapql-cardnet/wp-graphql-cardnet.php(76): CardNet::init()
#1 /var/www/html/wp-content/plugins/wp-grapql-cardnet/wp-graphql-cardnet.php(115): CardNet::instance()
#2 /var/www/html/wp-includes/class-wp-hook.php(303): init('')
#3 /var/www/html/wp-includes/class-wp-hook.php(327): WP_Hook->apply_filters(NULL, Array)
#4 /var/www/html/wp-includes/plugin.php(470): WP_Hook->do_action(Array)
#5 /var/www/html/wp-settings.php(441): do_action('plugins_loaded')
#6 /var/www/html/wp-config.php(131): require_once('/var/www/html/w...')
#7 /var/www/html/wp-load.php(50): require_once('/var/www/html/w...')
#8 /var/www/html/wp-admin/admin-ajax.php(22): require_once('/var/www/html/w...')
#9 {main}
  thrown in /var/www/html/wp-content/plugins/wp-grapql-cardnet/wp-graphql-cardnet.php on line 101

2021-08-15T04:50:33+00:00 CRITICAL Uncaught Error: Class 'WPGraphQL\CardNet\CarNetCustomer' not found in /var/www/html/wp-content/plugins/wp-grapql-cardnet/wp-graphql-cardnet.php:101
Stack trace:
#0 /var/www/html/wp-content/plugins/wp-grapql-cardnet/wp-graphql-cardnet.php(76): CardNet::init()
#1 /var/www/html/wp-content/plugins/wp-grapql-cardnet/wp-graphql-cardnet.php(115): CardNet::instance()
#2 /var/www/html/wp-includes/class-wp-hook.php(303): init('')
#3 /var/www/html/wp-includes/class-wp-hook.php(327): WP_Hook->apply_filters(NULL, Array)
#4 /var/www/html/wp-includes/plugin.php(470): WP_Hook->do_action(Array)
#5 /var/www/html/wp-settings.php(441): do_action('plugins_loaded')
#6 /var/www/html/wp-config.php(131): require_once('/var/www/html/w...')
#7 /var/www/html/wp-load.php(50): require_once('/var/www/html/w...')
#8 /var/www/html/wp-admin/admin-ajax.php(22): require_once('/var/www/html/w...')
#9 {main}
  thrown in /var/www/html/wp-content/plugins/wp-grapql-cardnet/wp-graphql-cardnet.php on line 101

2021-08-15T04:52:34+00:00 CRITICAL Uncaught Error: Class 'WPGraphQL\CardNet\CarNetCustomer' not found in /var/www/html/wp-content/plugins/wp-grapql-cardnet/wp-graphql-cardnet.php:101
Stack trace:
#0 /var/www/html/wp-content/plugins/wp-grapql-cardnet/wp-graphql-cardnet.php(76): CardNet::init()
#1 /var/www/html/wp-content/plugins/wp-grapql-cardnet/wp-graphql-cardnet.php(115): CardNet::instance()
#2 /var/www/html/wp-includes/class-wp-hook.php(303): init('')
#3 /var/www/html/wp-includes/class-wp-hook.php(327): WP_Hook->apply_filters(NULL, Array)
#4 /var/www/html/wp-includes/plugin.php(470): WP_Hook->do_action(Array)
#5 /var/www/html/wp-settings.php(441): do_action('plugins_loaded')
#6 /var/www/html/wp-config.php(131): require_once('/var/www/html/w...')
#7 /var/www/html/wp-load.php(50): require_once('/var/www/html/w...')
#8 /var/www/html/wp-admin/admin-ajax.php(22): require_once('/var/www/html/w...')
#9 {main}
  thrown in /var/www/html/wp-content/plugins/wp-grapql-cardnet/wp-graphql-cardnet.php on line 101

2021-08-15T04:54:34+00:00 CRITICAL Uncaught Error: Class 'WPGraphQL\CardNet\CarNetCustomer' not found in /var/www/html/wp-content/plugins/wp-grapql-cardnet/wp-graphql-cardnet.php:101
Stack trace:
#0 /var/www/html/wp-content/plugins/wp-grapql-cardnet/wp-graphql-cardnet.php(76): CardNet::init()
#1 /var/www/html/wp-content/plugins/wp-grapql-cardnet/wp-graphql-cardnet.php(115): CardNet::instance()
#2 /var/www/html/wp-includes/class-wp-hook.php(303): init('')
#3 /var/www/html/wp-includes/class-wp-hook.php(327): WP_Hook->apply_filters(NULL, Array)
#4 /var/www/html/wp-includes/plugin.php(470): WP_Hook->do_action(Array)
#5 /var/www/html/wp-settings.php(441): do_action('plugins_loaded')
#6 /var/www/html/wp-config.php(131): require_once('/var/www/html/w...')
#7 /var/www/html/wp-load.php(50): require_once('/var/www/html/w...')
#8 /var/www/html/wp-admin/admin-ajax.php(22): require_once('/var/www/html/w...')
#9 {main}
  thrown in /var/www/html/wp-content/plugins/wp-grapql-cardnet/wp-graphql-cardnet.php on line 101

2021-08-15T04:56:35+00:00 CRITICAL Uncaught Error: Class 'WPGraphQL\CardNet\CarNetCustomer' not found in /var/www/html/wp-content/plugins/wp-grapql-cardnet/wp-graphql-cardnet.php:101
Stack trace:
#0 /var/www/html/wp-content/plugins/wp-grapql-cardnet/wp-graphql-cardnet.php(76): CardNet::init()
#1 /var/www/html/wp-content/plugins/wp-grapql-cardnet/wp-graphql-cardnet.php(115): CardNet::instance()
#2 /var/www/html/wp-includes/class-wp-hook.php(303): init('')
#3 /var/www/html/wp-includes/class-wp-hook.php(327): WP_Hook->apply_filters(NULL, Array)
#4 /var/www/html/wp-includes/plugin.php(470): WP_Hook->do_action(Array)
#5 /var/www/html/wp-settings.php(441): do_action('plugins_loaded')
#6 /var/www/html/wp-config.php(131): require_once('/var/www/html/w...')
#7 /var/www/html/wp-load.php(50): require_once('/var/www/html/w...')
#8 /var/www/html/wp-admin/admin-ajax.php(22): require_once('/var/www/html/w...')
#9 {main}
  thrown in /var/www/html/wp-content/plugins/wp-grapql-cardnet/wp-graphql-cardnet.php on line 101

2021-08-15T04:58:36+00:00 CRITICAL Uncaught Error: Class 'WPGraphQL\CardNet\CarNetCustomer' not found in /var/www/html/wp-content/plugins/wp-grapql-cardnet/wp-graphql-cardnet.php:101
Stack trace:
#0 /var/www/html/wp-content/plugins/wp-grapql-cardnet/wp-graphql-cardnet.php(76): CardNet::init()
#1 /var/www/html/wp-content/plugins/wp-grapql-cardnet/wp-graphql-cardnet.php(115): CardNet::instance()
#2 /var/www/html/wp-includes/class-wp-hook.php(303): init('')
#3 /var/www/html/wp-includes/class-wp-hook.php(327): WP_Hook->apply_filters(NULL, Array)
#4 /var/www/html/wp-includes/plugin.php(470): WP_Hook->do_action(Array)
#5 /var/www/html/wp-settings.php(441): do_action('plugins_loaded')
#6 /var/www/html/wp-config.php(131): require_once('/var/www/html/w...')
#7 /var/www/html/wp-load.php(50): require_once('/var/www/html/w...')
#8 /var/www/html/wp-admin/admin-ajax.php(22): require_once('/var/www/html/w...')
#9 {main}
  thrown in /var/www/html/wp-content/plugins/wp-grapql-cardnet/wp-graphql-cardnet.php on line 101

2021-08-15T05:00:36+00:00 CRITICAL Uncaught Error: Class 'WPGraphQL\CardNet\CarNetCustomer' not found in /var/www/html/wp-content/plugins/wp-grapql-cardnet/wp-graphql-cardnet.php:101
Stack trace:
#0 /var/www/html/wp-content/plugins/wp-grapql-cardnet/wp-graphql-cardnet.php(76): CardNet::init()
#1 /var/www/html/wp-content/plugins/wp-grapql-cardnet/wp-graphql-cardnet.php(115): CardNet::instance()
#2 /var/www/html/wp-includes/class-wp-hook.php(303): init('')
#3 /var/www/html/wp-includes/class-wp-hook.php(327): WP_Hook->apply_filters(NULL, Array)
#4 /var/www/html/wp-includes/plugin.php(470): WP_Hook->do_action(Array)
#5 /var/www/html/wp-settings.php(441): do_action('plugins_loaded')
#6 /var/www/html/wp-config.php(131): require_once('/var/www/html/w...')
#7 /var/www/html/wp-load.php(50): require_once('/var/www/html/w...')
#8 /var/www/html/wp-admin/admin-ajax.php(22): require_once('/var/www/html/w...')
#9 {main}
  thrown in /var/www/html/wp-content/plugins/wp-grapql-cardnet/wp-graphql-cardnet.php on line 101

2021-08-15T05:02:36+00:00 CRITICAL Uncaught Error: Class 'WPGraphQL\CardNet\CarNetCustomer' not found in /var/www/html/wp-content/plugins/wp-grapql-cardnet/wp-graphql-cardnet.php:101
Stack trace:
#0 /var/www/html/wp-content/plugins/wp-grapql-cardnet/wp-graphql-cardnet.php(76): CardNet::init()
#1 /var/www/html/wp-content/plugins/wp-grapql-cardnet/wp-graphql-cardnet.php(115): CardNet::instance()
#2 /var/www/html/wp-includes/class-wp-hook.php(303): init('')
#3 /var/www/html/wp-includes/class-wp-hook.php(327): WP_Hook->apply_filters(NULL, Array)
#4 /var/www/html/wp-includes/plugin.php(470): WP_Hook->do_action(Array)
#5 /var/www/html/wp-settings.php(441): do_action('plugins_loaded')
#6 /var/www/html/wp-config.php(131): require_once('/var/www/html/w...')
#7 /var/www/html/wp-load.php(50): require_once('/var/www/html/w...')
#8 /var/www/html/wp-admin/admin-ajax.php(22): require_once('/var/www/html/w...')
#9 {main}
  thrown in /var/www/html/wp-content/plugins/wp-grapql-cardnet/wp-graphql-cardnet.php on line 101

2021-08-15T05:04:37+00:00 CRITICAL Uncaught Error: Class 'WPGraphQL\CardNet\CarNetCustomer' not found in /var/www/html/wp-content/plugins/wp-grapql-cardnet/wp-graphql-cardnet.php:101
Stack trace:
#0 /var/www/html/wp-content/plugins/wp-grapql-cardnet/wp-graphql-cardnet.php(76): CardNet::init()
#1 /var/www/html/wp-content/plugins/wp-grapql-cardnet/wp-graphql-cardnet.php(115): CardNet::instance()
#2 /var/www/html/wp-includes/class-wp-hook.php(303): init('')
#3 /var/www/html/wp-includes/class-wp-hook.php(327): WP_Hook->apply_filters(NULL, Array)
#4 /var/www/html/wp-includes/plugin.php(470): WP_Hook->do_action(Array)
#5 /var/www/html/wp-settings.php(441): do_action('plugins_loaded')
#6 /var/www/html/wp-config.php(131): require_once('/var/www/html/w...')
#7 /var/www/html/wp-load.php(50): require_once('/var/www/html/w...')
#8 /var/www/html/wp-admin/admin-ajax.php(22): require_once('/var/www/html/w...')
#9 {main}
  thrown in /var/www/html/wp-content/plugins/wp-grapql-cardnet/wp-graphql-cardnet.php on line 101

2021-08-15T05:06:38+00:00 CRITICAL Uncaught Error: Class 'WPGraphQL\CardNet\CarNetCustomer' not found in /var/www/html/wp-content/plugins/wp-grapql-cardnet/wp-graphql-cardnet.php:101
Stack trace:
#0 /var/www/html/wp-content/plugins/wp-grapql-cardnet/wp-graphql-cardnet.php(76): CardNet::init()
#1 /var/www/html/wp-content/plugins/wp-grapql-cardnet/wp-graphql-cardnet.php(115): CardNet::instance()
#2 /var/www/html/wp-includes/class-wp-hook.php(303): init('')
#3 /var/www/html/wp-includes/class-wp-hook.php(327): WP_Hook->apply_filters(NULL, Array)
#4 /var/www/html/wp-includes/plugin.php(470): WP_Hook->do_action(Array)
#5 /var/www/html/wp-settings.php(441): do_action('plugins_loaded')
#6 /var/www/html/wp-config.php(131): require_once('/var/www/html/w...')
#7 /var/www/html/wp-load.php(50): require_once('/var/www/html/w...')
#8 /var/www/html/wp-admin/admin-ajax.php(22): require_once('/var/www/html/w...')
#9 {main}
  thrown in /var/www/html/wp-content/plugins/wp-grapql-cardnet/wp-graphql-cardnet.php on line 101

2021-08-15T05:08:39+00:00 CRITICAL Uncaught Error: Class 'WPGraphQL\CardNet\CarNetCustomer' not found in /var/www/html/wp-content/plugins/wp-grapql-cardnet/wp-graphql-cardnet.php:101
Stack trace:
#0 /var/www/html/wp-content/plugins/wp-grapql-cardnet/wp-graphql-cardnet.php(76): CardNet::init()
#1 /var/www/html/wp-content/plugins/wp-grapql-cardnet/wp-graphql-cardnet.php(115): CardNet::instance()
#2 /var/www/html/wp-includes/class-wp-hook.php(303): init('')
#3 /var/www/html/wp-includes/class-wp-hook.php(327): WP_Hook->apply_filters(NULL, Array)
#4 /var/www/html/wp-includes/plugin.php(470): WP_Hook->do_action(Array)
#5 /var/www/html/wp-settings.php(441): do_action('plugins_loaded')
#6 /var/www/html/wp-config.php(131): require_once('/var/www/html/w...')
#7 /var/www/html/wp-load.php(50): require_once('/var/www/html/w...')
#8 /var/www/html/wp-admin/admin-ajax.php(22): require_once('/var/www/html/w...')
#9 {main}
  thrown in /var/www/html/wp-content/plugins/wp-grapql-cardnet/wp-graphql-cardnet.php on line 101

2021-08-15T05:10:40+00:00 CRITICAL Uncaught Error: Class 'WPGraphQL\CardNet\CarNetCustomer' not found in /var/www/html/wp-content/plugins/wp-grapql-cardnet/wp-graphql-cardnet.php:101
Stack trace:
#0 /var/www/html/wp-content/plugins/wp-grapql-cardnet/wp-graphql-cardnet.php(76): CardNet::init()
#1 /var/www/html/wp-content/plugins/wp-grapql-cardnet/wp-graphql-cardnet.php(115): CardNet::instance()
#2 /var/www/html/wp-includes/class-wp-hook.php(303): init('')
#3 /var/www/html/wp-includes/class-wp-hook.php(327): WP_Hook->apply_filters(NULL, Array)
#4 /var/www/html/wp-includes/plugin.php(470): WP_Hook->do_action(Array)
#5 /var/www/html/wp-settings.php(441): do_action('plugins_loaded')
#6 /var/www/html/wp-config.php(131): require_once('/var/www/html/w...')
#7 /var/www/html/wp-load.php(50): require_once('/var/www/html/w...')
#8 /var/www/html/wp-admin/admin-ajax.php(22): require_once('/var/www/html/w...')
#9 {main}
  thrown in /var/www/html/wp-content/plugins/wp-grapql-cardnet/wp-graphql-cardnet.php on line 101

2021-08-15T05:12:42+00:00 CRITICAL Uncaught Error: Class 'WPGraphQL\CardNet\CarNetCustomer' not found in /var/www/html/wp-content/plugins/wp-grapql-cardnet/wp-graphql-cardnet.php:101
Stack trace:
#0 /var/www/html/wp-content/plugins/wp-grapql-cardnet/wp-graphql-cardnet.php(76): CardNet::init()
#1 /var/www/html/wp-content/plugins/wp-grapql-cardnet/wp-graphql-cardnet.php(115): CardNet::instance()
#2 /var/www/html/wp-includes/class-wp-hook.php(303): init('')
#3 /var/www/html/wp-includes/class-wp-hook.php(327): WP_Hook->apply_filters(NULL, Array)
#4 /var/www/html/wp-includes/plugin.php(470): WP_Hook->do_action(Array)
#5 /var/www/html/wp-settings.php(441): do_action('plugins_loaded')
#6 /var/www/html/wp-config.php(131): require_once('/var/www/html/w...')
#7 /var/www/html/wp-load.php(50): require_once('/var/www/html/w...')
#8 /var/www/html/wp-admin/admin-ajax.php(22): require_once('/var/www/html/w...')
#9 {main}
  thrown in /var/www/html/wp-content/plugins/wp-grapql-cardnet/wp-graphql-cardnet.php on line 101

2021-08-15T06:15:18+00:00 CRITICAL Uncaught Error: Class 'WPGraphQL\CardNet\CarNetCustomer' not found in /var/www/html/wp-content/plugins/wp-grapql-cardnet/wp-graphql-cardnet.php:101
Stack trace:
#0 /var/www/html/wp-content/plugins/wp-grapql-cardnet/wp-graphql-cardnet.php(76): CardNet::init()
#1 /var/www/html/wp-content/plugins/wp-grapql-cardnet/wp-graphql-cardnet.php(115): CardNet::instance()
#2 /var/www/html/wp-includes/class-wp-hook.php(303): init('')
#3 /var/www/html/wp-includes/class-wp-hook.php(327): WP_Hook->apply_filters(NULL, Array)
#4 /var/www/html/wp-includes/plugin.php(470): WP_Hook->do_action(Array)
#5 /var/www/html/wp-settings.php(441): do_action('plugins_loaded')
#6 /var/www/html/wp-config.php(131): require_once('/var/www/html/w...')
#7 /var/www/html/wp-load.php(50): require_once('/var/www/html/w...')
#8 /var/www/html/wp-admin/admin-ajax.php(22): require_once('/var/www/html/w...')
#9 {main}
  thrown in /var/www/html/wp-content/plugins/wp-grapql-cardnet/wp-graphql-cardnet.php on line 101

2021-08-15T06:17:22+00:00 CRITICAL Uncaught Error: Class 'WPGraphQL\CardNet\CarNetCustomer' not found in /var/www/html/wp-content/plugins/wp-grapql-cardnet/wp-graphql-cardnet.php:101
Stack trace:
#0 /var/www/html/wp-content/plugins/wp-grapql-cardnet/wp-graphql-cardnet.php(76): CardNet::init()
#1 /var/www/html/wp-content/plugins/wp-grapql-cardnet/wp-graphql-cardnet.php(115): CardNet::instance()
#2 /var/www/html/wp-includes/class-wp-hook.php(303): init('')
#3 /var/www/html/wp-includes/class-wp-hook.php(327): WP_Hook->apply_filters(NULL, Array)
#4 /var/www/html/wp-includes/plugin.php(470): WP_Hook->do_action(Array)
#5 /var/www/html/wp-settings.php(441): do_action('plugins_loaded')
#6 /var/www/html/wp-config.php(131): require_once('/var/www/html/w...')
#7 /var/www/html/wp-load.php(50): require_once('/var/www/html/w...')
#8 /var/www/html/wp-admin/admin-ajax.php(22): require_once('/var/www/html/w...')
#9 {main}
  thrown in /var/www/html/wp-content/plugins/wp-grapql-cardnet/wp-graphql-cardnet.php on line 101

2021-08-15T06:19:23+00:00 CRITICAL Uncaught Error: Class 'WPGraphQL\CardNet\CarNetCustomer' not found in /var/www/html/wp-content/plugins/wp-grapql-cardnet/wp-graphql-cardnet.php:101
Stack trace:
#0 /var/www/html/wp-content/plugins/wp-grapql-cardnet/wp-graphql-cardnet.php(76): CardNet::init()
#1 /var/www/html/wp-content/plugins/wp-grapql-cardnet/wp-graphql-cardnet.php(115): CardNet::instance()
#2 /var/www/html/wp-includes/class-wp-hook.php(303): init('')
#3 /var/www/html/wp-includes/class-wp-hook.php(327): WP_Hook->apply_filters(NULL, Array)
#4 /var/www/html/wp-includes/plugin.php(470): WP_Hook->do_action(Array)
#5 /var/www/html/wp-settings.php(441): do_action('plugins_loaded')
#6 /var/www/html/wp-config.php(131): require_once('/var/www/html/w...')
#7 /var/www/html/wp-load.php(50): require_once('/var/www/html/w...')
#8 /var/www/html/wp-admin/admin-ajax.php(22): require_once('/var/www/html/w...')
#9 {main}
  thrown in /var/www/html/wp-content/plugins/wp-grapql-cardnet/wp-graphql-cardnet.php on line 101

2021-08-15T06:21:24+00:00 CRITICAL Uncaught Error: Class 'WPGraphQL\CardNet\CarNetCustomer' not found in /var/www/html/wp-content/plugins/wp-grapql-cardnet/wp-graphql-cardnet.php:101
Stack trace:
#0 /var/www/html/wp-content/plugins/wp-grapql-cardnet/wp-graphql-cardnet.php(76): CardNet::init()
#1 /var/www/html/wp-content/plugins/wp-grapql-cardnet/wp-graphql-cardnet.php(115): CardNet::instance()
#2 /var/www/html/wp-includes/class-wp-hook.php(303): init('')
#3 /var/www/html/wp-includes/class-wp-hook.php(327): WP_Hook->apply_filters(NULL, Array)
#4 /var/www/html/wp-includes/plugin.php(470): WP_Hook->do_action(Array)
#5 /var/www/html/wp-settings.php(441): do_action('plugins_loaded')
#6 /var/www/html/wp-config.php(131): require_once('/var/www/html/w...')
#7 /var/www/html/wp-load.php(50): require_once('/var/www/html/w...')
#8 /var/www/html/wp-admin/admin-ajax.php(22): require_once('/var/www/html/w...')
#9 {main}
  thrown in /var/www/html/wp-content/plugins/wp-grapql-cardnet/wp-graphql-cardnet.php on line 101

2021-08-15T07:23:56+00:00 CRITICAL Uncaught Error: Class 'WPGraphQL\CardNet\CarNetCustomer' not found in /var/www/html/wp-content/plugins/wp-grapql-cardnet/wp-graphql-cardnet.php:101
Stack trace:
#0 /var/www/html/wp-content/plugins/wp-grapql-cardnet/wp-graphql-cardnet.php(76): CardNet::init()
#1 /var/www/html/wp-content/plugins/wp-grapql-cardnet/wp-graphql-cardnet.php(115): CardNet::instance()
#2 /var/www/html/wp-includes/class-wp-hook.php(303): init('')
#3 /var/www/html/wp-includes/class-wp-hook.php(327): WP_Hook->apply_filters(NULL, Array)
#4 /var/www/html/wp-includes/plugin.php(470): WP_Hook->do_action(Array)
#5 /var/www/html/wp-settings.php(441): do_action('plugins_loaded')
#6 /var/www/html/wp-config.php(131): require_once('/var/www/html/w...')
#7 /var/www/html/wp-load.php(50): require_once('/var/www/html/w...')
#8 /var/www/html/wp-admin/admin-ajax.php(22): require_once('/var/www/html/w...')
#9 {main}
  thrown in /var/www/html/wp-content/plugins/wp-grapql-cardnet/wp-graphql-cardnet.php on line 101

2021-08-15T12:28:46+00:00 CRITICAL Uncaught Error: Class 'WPGraphQL\CardNet\CarNetCustomer' not found in /var/www/html/wp-content/plugins/wp-grapql-cardnet/wp-graphql-cardnet.php:101
Stack trace:
#0 /var/www/html/wp-content/plugins/wp-grapql-cardnet/wp-graphql-cardnet.php(76): CardNet::init()
#1 /var/www/html/wp-content/plugins/wp-grapql-cardnet/wp-graphql-cardnet.php(115): CardNet::instance()
#2 /var/www/html/wp-includes/class-wp-hook.php(303): init('')
#3 /var/www/html/wp-includes/class-wp-hook.php(327): WP_Hook->apply_filters(NULL, Array)
#4 /var/www/html/wp-includes/plugin.php(470): WP_Hook->do_action(Array)
#5 /var/www/html/wp-settings.php(441): do_action('plugins_loaded')
#6 /var/www/html/wp-config.php(131): require_once('/var/www/html/w...')
#7 /var/www/html/wp-load.php(50): require_once('/var/www/html/w...')
#8 /var/www/html/wp-admin/admin-ajax.php(22): require_once('/var/www/html/w...')
#9 {main}
  thrown in /var/www/html/wp-content/plugins/wp-grapql-cardnet/wp-graphql-cardnet.php on line 101

2021-08-15T14:32:08+00:00 CRITICAL Uncaught Error: Class 'WPGraphQL\CardNet\CarNetCustomer' not found in /var/www/html/wp-content/plugins/wp-grapql-cardnet/wp-graphql-cardnet.php:101
Stack trace:
#0 /var/www/html/wp-content/plugins/wp-grapql-cardnet/wp-graphql-cardnet.php(76): CardNet::init()
#1 /var/www/html/wp-content/plugins/wp-grapql-cardnet/wp-graphql-cardnet.php(115): CardNet::instance()
#2 /var/www/html/wp-includes/class-wp-hook.php(303): init('')
#3 /var/www/html/wp-includes/class-wp-hook.php(327): WP_Hook->apply_filters(NULL, Array)
#4 /var/www/html/wp-includes/plugin.php(470): WP_Hook->do_action(Array)
#5 /var/www/html/wp-settings.php(441): do_action('plugins_loaded')
#6 /var/www/html/wp-config.php(131): require_once('/var/www/html/w...')
#7 /var/www/html/wp-load.php(50): require_once('/var/www/html/w...')
#8 /var/www/html/wp-admin/admin-ajax.php(22): require_once('/var/www/html/w...')
#9 {main}
  thrown in /var/www/html/wp-content/plugins/wp-grapql-cardnet/wp-graphql-cardnet.php on line 101

2021-08-15T14:34:09+00:00 CRITICAL Uncaught Error: Class 'WPGraphQL\CardNet\CarNetCustomer' not found in /var/www/html/wp-content/plugins/wp-grapql-cardnet/wp-graphql-cardnet.php:101
Stack trace:
#0 /var/www/html/wp-content/plugins/wp-grapql-cardnet/wp-graphql-cardnet.php(76): CardNet::init()
#1 /var/www/html/wp-content/plugins/wp-grapql-cardnet/wp-graphql-cardnet.php(115): CardNet::instance()
#2 /var/www/html/wp-includes/class-wp-hook.php(303): init('')
#3 /var/www/html/wp-includes/class-wp-hook.php(327): WP_Hook->apply_filters(NULL, Array)
#4 /var/www/html/wp-includes/plugin.php(470): WP_Hook->do_action(Array)
#5 /var/www/html/wp-settings.php(441): do_action('plugins_loaded')
#6 /var/www/html/wp-config.php(131): require_once('/var/www/html/w...')
#7 /var/www/html/wp-load.php(50): require_once('/var/www/html/w...')
#8 /var/www/html/wp-admin/admin-ajax.php(22): require_once('/var/www/html/w...')
#9 {main}
  thrown in /var/www/html/wp-content/plugins/wp-grapql-cardnet/wp-graphql-cardnet.php on line 101

2021-08-15T14:36:10+00:00 CRITICAL Uncaught Error: Class 'WPGraphQL\CardNet\CarNetCustomer' not found in /var/www/html/wp-content/plugins/wp-grapql-cardnet/wp-graphql-cardnet.php:101
Stack trace:
#0 /var/www/html/wp-content/plugins/wp-grapql-cardnet/wp-graphql-cardnet.php(76): CardNet::init()
#1 /var/www/html/wp-content/plugins/wp-grapql-cardnet/wp-graphql-cardnet.php(115): CardNet::instance()
#2 /var/www/html/wp-includes/class-wp-hook.php(303): init('')
#3 /var/www/html/wp-includes/class-wp-hook.php(327): WP_Hook->apply_filters(NULL, Array)
#4 /var/www/html/wp-includes/plugin.php(470): WP_Hook->do_action(Array)
#5 /var/www/html/wp-settings.php(441): do_action('plugins_loaded')
#6 /var/www/html/wp-config.php(131): require_once('/var/www/html/w...')
#7 /var/www/html/wp-load.php(50): require_once('/var/www/html/w...')
#8 /var/www/html/wp-admin/admin-ajax.php(22): require_once('/var/www/html/w...')
#9 {main}
  thrown in /var/www/html/wp-content/plugins/wp-grapql-cardnet/wp-graphql-cardnet.php on line 101

2021-08-15T15:38:48+00:00 CRITICAL Uncaught Error: Class 'WPGraphQL\CardNet\CarNetCustomer' not found in /var/www/html/wp-content/plugins/wp-grapql-cardnet/wp-graphql-cardnet.php:101
Stack trace:
#0 /var/www/html/wp-content/plugins/wp-grapql-cardnet/wp-graphql-cardnet.php(76): CardNet::init()
#1 /var/www/html/wp-content/plugins/wp-grapql-cardnet/wp-graphql-cardnet.php(115): CardNet::instance()
#2 /var/www/html/wp-includes/class-wp-hook.php(303): init('')
#3 /var/www/html/wp-includes/class-wp-hook.php(327): WP_Hook->apply_filters(NULL, Array)
#4 /var/www/html/wp-includes/plugin.php(470): WP_Hook->do_action(Array)
#5 /var/www/html/wp-settings.php(441): do_action('plugins_loaded')
#6 /var/www/html/wp-config.php(131): require_once('/var/www/html/w...')
#7 /var/www/html/wp-load.php(50): require_once('/var/www/html/w...')
#8 /var/www/html/wp-admin/admin-ajax.php(22): require_once('/var/www/html/w...')
#9 {main}
  thrown in /var/www/html/wp-content/plugins/wp-grapql-cardnet/wp-graphql-cardnet.php on line 101

2021-08-15T15:40:53+00:00 CRITICAL Uncaught Error: Class 'WPGraphQL\CardNet\CarNetCustomer' not found in /var/www/html/wp-content/plugins/wp-grapql-cardnet/wp-graphql-cardnet.php:101
Stack trace:
#0 /var/www/html/wp-content/plugins/wp-grapql-cardnet/wp-graphql-cardnet.php(76): CardNet::init()
#1 /var/www/html/wp-content/plugins/wp-grapql-cardnet/wp-graphql-cardnet.php(115): CardNet::instance()
#2 /var/www/html/wp-includes/class-wp-hook.php(303): init('')
#3 /var/www/html/wp-includes/class-wp-hook.php(327): WP_Hook->apply_filters(NULL, Array)
#4 /var/www/html/wp-includes/plugin.php(470): WP_Hook->do_action(Array)
#5 /var/www/html/wp-settings.php(441): do_action('plugins_loaded')
#6 /var/www/html/wp-config.php(131): require_once('/var/www/html/w...')
#7 /var/www/html/wp-load.php(50): require_once('/var/www/html/w...')
#8 /var/www/html/wp-admin/admin-ajax.php(22): require_once('/var/www/html/w...')
#9 {main}
  thrown in /var/www/html/wp-content/plugins/wp-grapql-cardnet/wp-graphql-cardnet.php on line 101

2021-08-15T15:42:54+00:00 CRITICAL Uncaught Error: Class 'WPGraphQL\CardNet\CarNetCustomer' not found in /var/www/html/wp-content/plugins/wp-grapql-cardnet/wp-graphql-cardnet.php:101
Stack trace:
#0 /var/www/html/wp-content/plugins/wp-grapql-cardnet/wp-graphql-cardnet.php(76): CardNet::init()
#1 /var/www/html/wp-content/plugins/wp-grapql-cardnet/wp-graphql-cardnet.php(115): CardNet::instance()
#2 /var/www/html/wp-includes/class-wp-hook.php(303): init('')
#3 /var/www/html/wp-includes/class-wp-hook.php(327): WP_Hook->apply_filters(NULL, Array)
#4 /var/www/html/wp-includes/plugin.php(470): WP_Hook->do_action(Array)
#5 /var/www/html/wp-settings.php(441): do_action('plugins_loaded')
#6 /var/www/html/wp-config.php(131): require_once('/var/www/html/w...')
#7 /var/www/html/wp-load.php(50): require_once('/var/www/html/w...')
#8 /var/www/html/wp-admin/admin-ajax.php(22): require_once('/var/www/html/w...')
#9 {main}
  thrown in /var/www/html/wp-content/plugins/wp-grapql-cardnet/wp-graphql-cardnet.php on line 101

2021-08-15T15:44:55+00:00 CRITICAL Uncaught Error: Class 'WPGraphQL\CardNet\CarNetCustomer' not found in /var/www/html/wp-content/plugins/wp-grapql-cardnet/wp-graphql-cardnet.php:101
Stack trace:
#0 /var/www/html/wp-content/plugins/wp-grapql-cardnet/wp-graphql-cardnet.php(76): CardNet::init()
#1 /var/www/html/wp-content/plugins/wp-grapql-cardnet/wp-graphql-cardnet.php(115): CardNet::instance()
#2 /var/www/html/wp-includes/class-wp-hook.php(303): init('')
#3 /var/www/html/wp-includes/class-wp-hook.php(327): WP_Hook->apply_filters(NULL, Array)
#4 /var/www/html/wp-includes/plugin.php(470): WP_Hook->do_action(Array)
#5 /var/www/html/wp-settings.php(441): do_action('plugins_loaded')
#6 /var/www/html/wp-config.php(131): require_once('/var/www/html/w...')
#7 /var/www/html/wp-load.php(50): require_once('/var/www/html/w...')
#8 /var/www/html/wp-admin/admin-ajax.php(22): require_once('/var/www/html/w...')
#9 {main}
  thrown in /var/www/html/wp-content/plugins/wp-grapql-cardnet/wp-graphql-cardnet.php on line 101

2021-08-15T15:46:56+00:00 CRITICAL Uncaught Error: Class 'WPGraphQL\CardNet\CarNetCustomer' not found in /var/www/html/wp-content/plugins/wp-grapql-cardnet/wp-graphql-cardnet.php:101
Stack trace:
#0 /var/www/html/wp-content/plugins/wp-grapql-cardnet/wp-graphql-cardnet.php(76): CardNet::init()
#1 /var/www/html/wp-content/plugins/wp-grapql-cardnet/wp-graphql-cardnet.php(115): CardNet::instance()
#2 /var/www/html/wp-includes/class-wp-hook.php(303): init('')
#3 /var/www/html/wp-includes/class-wp-hook.php(327): WP_Hook->apply_filters(NULL, Array)
#4 /var/www/html/wp-includes/plugin.php(470): WP_Hook->do_action(Array)
#5 /var/www/html/wp-settings.php(441): do_action('plugins_loaded')
#6 /var/www/html/wp-config.php(131): require_once('/var/www/html/w...')
#7 /var/www/html/wp-load.php(50): require_once('/var/www/html/w...')
#8 /var/www/html/wp-admin/admin-ajax.php(22): require_once('/var/www/html/w...')
#9 {main}
  thrown in /var/www/html/wp-content/plugins/wp-grapql-cardnet/wp-graphql-cardnet.php on line 101

2021-08-15T15:48:58+00:00 CRITICAL Uncaught Error: Class 'WPGraphQL\CardNet\CarNetCustomer' not found in /var/www/html/wp-content/plugins/wp-grapql-cardnet/wp-graphql-cardnet.php:101
Stack trace:
#0 /var/www/html/wp-content/plugins/wp-grapql-cardnet/wp-graphql-cardnet.php(76): CardNet::init()
#1 /var/www/html/wp-content/plugins/wp-grapql-cardnet/wp-graphql-cardnet.php(115): CardNet::instance()
#2 /var/www/html/wp-includes/class-wp-hook.php(303): init('')
#3 /var/www/html/wp-includes/class-wp-hook.php(327): WP_Hook->apply_filters(NULL, Array)
#4 /var/www/html/wp-includes/plugin.php(470): WP_Hook->do_action(Array)
#5 /var/www/html/wp-settings.php(441): do_action('plugins_loaded')
#6 /var/www/html/wp-config.php(131): require_once('/var/www/html/w...')
#7 /var/www/html/wp-load.php(50): require_once('/var/www/html/w...')
#8 /var/www/html/wp-admin/admin-ajax.php(22): require_once('/var/www/html/w...')
#9 {main}
  thrown in /var/www/html/wp-content/plugins/wp-grapql-cardnet/wp-graphql-cardnet.php on line 101

2021-08-15T15:51:05+00:00 CRITICAL Uncaught Error: Class 'WPGraphQL\CardNet\CarNetCustomer' not found in /var/www/html/wp-content/plugins/wp-grapql-cardnet/wp-graphql-cardnet.php:101
Stack trace:
#0 /var/www/html/wp-content/plugins/wp-grapql-cardnet/wp-graphql-cardnet.php(76): CardNet::init()
#1 /var/www/html/wp-content/plugins/wp-grapql-cardnet/wp-graphql-cardnet.php(115): CardNet::instance()
#2 /var/www/html/wp-includes/class-wp-hook.php(303): init('')
#3 /var/www/html/wp-includes/class-wp-hook.php(327): WP_Hook->apply_filters(NULL, Array)
#4 /var/www/html/wp-includes/plugin.php(470): WP_Hook->do_action(Array)
#5 /var/www/html/wp-settings.php(441): do_action('plugins_loaded')
#6 /var/www/html/wp-config.php(131): require_once('/var/www/html/w...')
#7 /var/www/html/wp-load.php(50): require_once('/var/www/html/w...')
#8 /var/www/html/wp-admin/admin-ajax.php(22): require_once('/var/www/html/w...')
#9 {main}
  thrown in /var/www/html/wp-content/plugins/wp-grapql-cardnet/wp-graphql-cardnet.php on line 101

2021-08-15T15:53:06+00:00 CRITICAL Uncaught Error: Class 'WPGraphQL\CardNet\CarNetCustomer' not found in /var/www/html/wp-content/plugins/wp-grapql-cardnet/wp-graphql-cardnet.php:101
Stack trace:
#0 /var/www/html/wp-content/plugins/wp-grapql-cardnet/wp-graphql-cardnet.php(76): CardNet::init()
#1 /var/www/html/wp-content/plugins/wp-grapql-cardnet/wp-graphql-cardnet.php(115): CardNet::instance()
#2 /var/www/html/wp-includes/class-wp-hook.php(303): init('')
#3 /var/www/html/wp-includes/class-wp-hook.php(327): WP_Hook->apply_filters(NULL, Array)
#4 /var/www/html/wp-includes/plugin.php(470): WP_Hook->do_action(Array)
#5 /var/www/html/wp-settings.php(441): do_action('plugins_loaded')
#6 /var/www/html/wp-config.php(131): require_once('/var/www/html/w...')
#7 /var/www/html/wp-load.php(50): require_once('/var/www/html/w...')
#8 /var/www/html/wp-admin/admin-ajax.php(22): require_once('/var/www/html/w...')
#9 {main}
  thrown in /var/www/html/wp-content/plugins/wp-grapql-cardnet/wp-graphql-cardnet.php on line 101

2021-08-15T15:55:07+00:00 CRITICAL Uncaught Error: Class 'WPGraphQL\CardNet\CarNetCustomer' not found in /var/www/html/wp-content/plugins/wp-grapql-cardnet/wp-graphql-cardnet.php:101
Stack trace:
#0 /var/www/html/wp-content/plugins/wp-grapql-cardnet/wp-graphql-cardnet.php(76): CardNet::init()
#1 /var/www/html/wp-content/plugins/wp-grapql-cardnet/wp-graphql-cardnet.php(115): CardNet::instance()
#2 /var/www/html/wp-includes/class-wp-hook.php(303): init('')
#3 /var/www/html/wp-includes/class-wp-hook.php(327): WP_Hook->apply_filters(NULL, Array)
#4 /var/www/html/wp-includes/plugin.php(470): WP_Hook->do_action(Array)
#5 /var/www/html/wp-settings.php(441): do_action('plugins_loaded')
#6 /var/www/html/wp-config.php(131): require_once('/var/www/html/w...')
#7 /var/www/html/wp-load.php(50): require_once('/var/www/html/w...')
#8 /var/www/html/wp-admin/admin-ajax.php(22): require_once('/var/www/html/w...')
#9 {main}
  thrown in /var/www/html/wp-content/plugins/wp-grapql-cardnet/wp-graphql-cardnet.php on line 101

2021-08-15T15:57:08+00:00 CRITICAL Uncaught Error: Class 'WPGraphQL\CardNet\CarNetCustomer' not found in /var/www/html/wp-content/plugins/wp-grapql-cardnet/wp-graphql-cardnet.php:101
Stack trace:
#0 /var/www/html/wp-content/plugins/wp-grapql-cardnet/wp-graphql-cardnet.php(76): CardNet::init()
#1 /var/www/html/wp-content/plugins/wp-grapql-cardnet/wp-graphql-cardnet.php(115): CardNet::instance()
#2 /var/www/html/wp-includes/class-wp-hook.php(303): init('')
#3 /var/www/html/wp-includes/class-wp-hook.php(327): WP_Hook->apply_filters(NULL, Array)
#4 /var/www/html/wp-includes/plugin.php(470): WP_Hook->do_action(Array)
#5 /var/www/html/wp-settings.php(441): do_action('plugins_loaded')
#6 /var/www/html/wp-config.php(131): require_once('/var/www/html/w...')
#7 /var/www/html/wp-load.php(50): require_once('/var/www/html/w...')
#8 /var/www/html/wp-admin/admin-ajax.php(22): require_once('/var/www/html/w...')
#9 {main}
  thrown in /var/www/html/wp-content/plugins/wp-grapql-cardnet/wp-graphql-cardnet.php on line 101

2021-08-15T15:59:09+00:00 CRITICAL Uncaught Error: Class 'WPGraphQL\CardNet\CarNetCustomer' not found in /var/www/html/wp-content/plugins/wp-grapql-cardnet/wp-graphql-cardnet.php:101
Stack trace:
#0 /var/www/html/wp-content/plugins/wp-grapql-cardnet/wp-graphql-cardnet.php(76): CardNet::init()
#1 /var/www/html/wp-content/plugins/wp-grapql-cardnet/wp-graphql-cardnet.php(115): CardNet::instance()
#2 /var/www/html/wp-includes/class-wp-hook.php(303): init('')
#3 /var/www/html/wp-includes/class-wp-hook.php(327): WP_Hook->apply_filters(NULL, Array)
#4 /var/www/html/wp-includes/plugin.php(470): WP_Hook->do_action(Array)
#5 /var/www/html/wp-settings.php(441): do_action('plugins_loaded')
#6 /var/www/html/wp-config.php(131): require_once('/var/www/html/w...')
#7 /var/www/html/wp-load.php(50): require_once('/var/www/html/w...')
#8 /var/www/html/wp-admin/admin-ajax.php(22): require_once('/var/www/html/w...')
#9 {main}
  thrown in /var/www/html/wp-content/plugins/wp-grapql-cardnet/wp-graphql-cardnet.php on line 101

2021-08-15T17:02:00+00:00 CRITICAL Uncaught Error: Class 'WPGraphQL\CardNet\CarNetCustomer' not found in /var/www/html/wp-content/plugins/wp-grapql-cardnet/wp-graphql-cardnet.php:101
Stack trace:
#0 /var/www/html/wp-content/plugins/wp-grapql-cardnet/wp-graphql-cardnet.php(76): CardNet::init()
#1 /var/www/html/wp-content/plugins/wp-grapql-cardnet/wp-graphql-cardnet.php(115): CardNet::instance()
#2 /var/www/html/wp-includes/class-wp-hook.php(303): init('')
#3 /var/www/html/wp-includes/class-wp-hook.php(327): WP_Hook->apply_filters(NULL, Array)
#4 /var/www/html/wp-includes/plugin.php(470): WP_Hook->do_action(Array)
#5 /var/www/html/wp-settings.php(441): do_action('plugins_loaded')
#6 /var/www/html/wp-config.php(131): require_once('/var/www/html/w...')
#7 /var/www/html/wp-load.php(50): require_once('/var/www/html/w...')
#8 /var/www/html/wp-admin/admin-ajax.php(22): require_once('/var/www/html/w...')
#9 {main}
  thrown in /var/www/html/wp-content/plugins/wp-grapql-cardnet/wp-graphql-cardnet.php on line 101

2021-08-15T17:04:01+00:00 CRITICAL Uncaught Error: Class 'WPGraphQL\CardNet\CarNetCustomer' not found in /var/www/html/wp-content/plugins/wp-grapql-cardnet/wp-graphql-cardnet.php:101
Stack trace:
#0 /var/www/html/wp-content/plugins/wp-grapql-cardnet/wp-graphql-cardnet.php(76): CardNet::init()
#1 /var/www/html/wp-content/plugins/wp-grapql-cardnet/wp-graphql-cardnet.php(115): CardNet::instance()
#2 /var/www/html/wp-includes/class-wp-hook.php(303): init('')
#3 /var/www/html/wp-includes/class-wp-hook.php(327): WP_Hook->apply_filters(NULL, Array)
#4 /var/www/html/wp-includes/plugin.php(470): WP_Hook->do_action(Array)
#5 /var/www/html/wp-settings.php(441): do_action('plugins_loaded')
#6 /var/www/html/wp-config.php(131): require_once('/var/www/html/w...')
#7 /var/www/html/wp-load.php(50): require_once('/var/www/html/w...')
#8 /var/www/html/wp-admin/admin-ajax.php(22): require_once('/var/www/html/w...')
#9 {main}
  thrown in /var/www/html/wp-content/plugins/wp-grapql-cardnet/wp-graphql-cardnet.php on line 101

2021-08-15T19:07:13+00:00 CRITICAL Uncaught Error: Class 'WPGraphQL\CardNet\CarNetCustomer' not found in /var/www/html/wp-content/plugins/wp-grapql-cardnet/wp-graphql-cardnet.php:101
Stack trace:
#0 /var/www/html/wp-content/plugins/wp-grapql-cardnet/wp-graphql-cardnet.php(76): CardNet::init()
#1 /var/www/html/wp-content/plugins/wp-grapql-cardnet/wp-graphql-cardnet.php(115): CardNet::instance()
#2 /var/www/html/wp-includes/class-wp-hook.php(303): init('')
#3 /var/www/html/wp-includes/class-wp-hook.php(327): WP_Hook->apply_filters(NULL, Array)
#4 /var/www/html/wp-includes/plugin.php(470): WP_Hook->do_action(Array)
#5 /var/www/html/wp-settings.php(441): do_action('plugins_loaded')
#6 /var/www/html/wp-config.php(131): require_once('/var/www/html/w...')
#7 /var/www/html/wp-load.php(50): require_once('/var/www/html/w...')
#8 /var/www/html/wp-admin/admin-ajax.php(22): require_once('/var/www/html/w...')
#9 {main}
  thrown in /var/www/html/wp-content/plugins/wp-grapql-cardnet/wp-graphql-cardnet.php on line 101

2021-08-15T19:09:16+00:00 CRITICAL Uncaught Error: Class 'WPGraphQL\CardNet\CarNetCustomer' not found in /var/www/html/wp-content/plugins/wp-grapql-cardnet/wp-graphql-cardnet.php:101
Stack trace:
#0 /var/www/html/wp-content/plugins/wp-grapql-cardnet/wp-graphql-cardnet.php(76): CardNet::init()
#1 /var/www/html/wp-content/plugins/wp-grapql-cardnet/wp-graphql-cardnet.php(115): CardNet::instance()
#2 /var/www/html/wp-includes/class-wp-hook.php(303): init('')
#3 /var/www/html/wp-includes/class-wp-hook.php(327): WP_Hook->apply_filters(NULL, Array)
#4 /var/www/html/wp-includes/plugin.php(470): WP_Hook->do_action(Array)
#5 /var/www/html/wp-settings.php(441): do_action('plugins_loaded')
#6 /var/www/html/wp-config.php(131): require_once('/var/www/html/w...')
#7 /var/www/html/wp-load.php(50): require_once('/var/www/html/w...')
#8 /var/www/html/wp-admin/admin-ajax.php(22): require_once('/var/www/html/w...')
#9 {main}
  thrown in /var/www/html/wp-content/plugins/wp-grapql-cardnet/wp-graphql-cardnet.php on line 101

2021-08-15T19:11:17+00:00 CRITICAL Uncaught Error: Class 'WPGraphQL\CardNet\CarNetCustomer' not found in /var/www/html/wp-content/plugins/wp-grapql-cardnet/wp-graphql-cardnet.php:101
Stack trace:
#0 /var/www/html/wp-content/plugins/wp-grapql-cardnet/wp-graphql-cardnet.php(76): CardNet::init()
#1 /var/www/html/wp-content/plugins/wp-grapql-cardnet/wp-graphql-cardnet.php(115): CardNet::instance()
#2 /var/www/html/wp-includes/class-wp-hook.php(303): init('')
#3 /var/www/html/wp-includes/class-wp-hook.php(327): WP_Hook->apply_filters(NULL, Array)
#4 /var/www/html/wp-includes/plugin.php(470): WP_Hook->do_action(Array)
#5 /var/www/html/wp-settings.php(441): do_action('plugins_loaded')
#6 /var/www/html/wp-config.php(131): require_once('/var/www/html/w...')
#7 /var/www/html/wp-load.php(50): require_once('/var/www/html/w...')
#8 /var/www/html/wp-admin/admin-ajax.php(22): require_once('/var/www/html/w...')
#9 {main}
  thrown in /var/www/html/wp-content/plugins/wp-grapql-cardnet/wp-graphql-cardnet.php on line 101

2021-08-15T19:13:18+00:00 CRITICAL Uncaught Error: Class 'WPGraphQL\CardNet\CarNetCustomer' not found in /var/www/html/wp-content/plugins/wp-grapql-cardnet/wp-graphql-cardnet.php:101
Stack trace:
#0 /var/www/html/wp-content/plugins/wp-grapql-cardnet/wp-graphql-cardnet.php(76): CardNet::init()
#1 /var/www/html/wp-content/plugins/wp-grapql-cardnet/wp-graphql-cardnet.php(115): CardNet::instance()
#2 /var/www/html/wp-includes/class-wp-hook.php(303): init('')
#3 /var/www/html/wp-includes/class-wp-hook.php(327): WP_Hook->apply_filters(NULL, Array)
#4 /var/www/html/wp-includes/plugin.php(470): WP_Hook->do_action(Array)
#5 /var/www/html/wp-settings.php(441): do_action('plugins_loaded')
#6 /var/www/html/wp-config.php(131): require_once('/var/www/html/w...')
#7 /var/www/html/wp-load.php(50): require_once('/var/www/html/w...')
#8 /var/www/html/wp-admin/admin-ajax.php(22): require_once('/var/www/html/w...')
#9 {main}
  thrown in /var/www/html/wp-content/plugins/wp-grapql-cardnet/wp-graphql-cardnet.php on line 101

2021-08-15T19:15:23+00:00 CRITICAL Uncaught Error: Class 'WPGraphQL\CardNet\CarNetCustomer' not found in /var/www/html/wp-content/plugins/wp-grapql-cardnet/wp-graphql-cardnet.php:101
Stack trace:
#0 /var/www/html/wp-content/plugins/wp-grapql-cardnet/wp-graphql-cardnet.php(76): CardNet::init()
#1 /var/www/html/wp-content/plugins/wp-grapql-cardnet/wp-graphql-cardnet.php(115): CardNet::instance()
#2 /var/www/html/wp-includes/class-wp-hook.php(303): init('')
#3 /var/www/html/wp-includes/class-wp-hook.php(327): WP_Hook->apply_filters(NULL, Array)
#4 /var/www/html/wp-includes/plugin.php(470): WP_Hook->do_action(Array)
#5 /var/www/html/wp-settings.php(441): do_action('plugins_loaded')
#6 /var/www/html/wp-config.php(131): require_once('/var/www/html/w...')
#7 /var/www/html/wp-load.php(50): require_once('/var/www/html/w...')
#8 /var/www/html/wp-admin/admin-ajax.php(22): require_once('/var/www/html/w...')
#9 {main}
  thrown in /var/www/html/wp-content/plugins/wp-grapql-cardnet/wp-graphql-cardnet.php on line 101

2021-08-15T19:17:24+00:00 CRITICAL Uncaught Error: Class 'WPGraphQL\CardNet\CarNetCustomer' not found in /var/www/html/wp-content/plugins/wp-grapql-cardnet/wp-graphql-cardnet.php:101
Stack trace:
#0 /var/www/html/wp-content/plugins/wp-grapql-cardnet/wp-graphql-cardnet.php(76): CardNet::init()
#1 /var/www/html/wp-content/plugins/wp-grapql-cardnet/wp-graphql-cardnet.php(115): CardNet::instance()
#2 /var/www/html/wp-includes/class-wp-hook.php(303): init('')
#3 /var/www/html/wp-includes/class-wp-hook.php(327): WP_Hook->apply_filters(NULL, Array)
#4 /var/www/html/wp-includes/plugin.php(470): WP_Hook->do_action(Array)
#5 /var/www/html/wp-settings.php(441): do_action('plugins_loaded')
#6 /var/www/html/wp-config.php(131): require_once('/var/www/html/w...')
#7 /var/www/html/wp-load.php(50): require_once('/var/www/html/w...')
#8 /var/www/html/wp-admin/admin-ajax.php(22): require_once('/var/www/html/w...')
#9 {main}
  thrown in /var/www/html/wp-content/plugins/wp-grapql-cardnet/wp-graphql-cardnet.php on line 101

2021-08-15T19:19:33+00:00 CRITICAL Uncaught Error: Class 'WPGraphQL\CardNet\CarNetCustomer' not found in /var/www/html/wp-content/plugins/wp-grapql-cardnet/wp-graphql-cardnet.php:101
Stack trace:
#0 /var/www/html/wp-content/plugins/wp-grapql-cardnet/wp-graphql-cardnet.php(76): CardNet::init()
#1 /var/www/html/wp-content/plugins/wp-grapql-cardnet/wp-graphql-cardnet.php(115): CardNet::instance()
#2 /var/www/html/wp-includes/class-wp-hook.php(303): init('')
#3 /var/www/html/wp-includes/class-wp-hook.php(327): WP_Hook->apply_filters(NULL, Array)
#4 /var/www/html/wp-includes/plugin.php(470): WP_Hook->do_action(Array)
#5 /var/www/html/wp-settings.php(441): do_action('plugins_loaded')
#6 /var/www/html/wp-config.php(131): require_once('/var/www/html/w...')
#7 /var/www/html/wp-load.php(50): require_once('/var/www/html/w...')
#8 /var/www/html/wp-admin/admin-ajax.php(22): require_once('/var/www/html/w...')
#9 {main}
  thrown in /var/www/html/wp-content/plugins/wp-grapql-cardnet/wp-graphql-cardnet.php on line 101

2021-08-15T19:21:34+00:00 CRITICAL Uncaught Error: Class 'WPGraphQL\CardNet\CarNetCustomer' not found in /var/www/html/wp-content/plugins/wp-grapql-cardnet/wp-graphql-cardnet.php:101
Stack trace:
#0 /var/www/html/wp-content/plugins/wp-grapql-cardnet/wp-graphql-cardnet.php(76): CardNet::init()
#1 /var/www/html/wp-content/plugins/wp-grapql-cardnet/wp-graphql-cardnet.php(115): CardNet::instance()
#2 /var/www/html/wp-includes/class-wp-hook.php(303): init('')
#3 /var/www/html/wp-includes/class-wp-hook.php(327): WP_Hook->apply_filters(NULL, Array)
#4 /var/www/html/wp-includes/plugin.php(470): WP_Hook->do_action(Array)
#5 /var/www/html/wp-settings.php(441): do_action('plugins_loaded')
#6 /var/www/html/wp-config.php(131): require_once('/var/www/html/w...')
#7 /var/www/html/wp-load.php(50): require_once('/var/www/html/w...')
#8 /var/www/html/wp-admin/admin-ajax.php(22): require_once('/var/www/html/w...')
#9 {main}
  thrown in /var/www/html/wp-content/plugins/wp-grapql-cardnet/wp-graphql-cardnet.php on line 101

2021-08-15T19:23:35+00:00 CRITICAL Uncaught Error: Class 'WPGraphQL\CardNet\CarNetCustomer' not found in /var/www/html/wp-content/plugins/wp-grapql-cardnet/wp-graphql-cardnet.php:101
Stack trace:
#0 /var/www/html/wp-content/plugins/wp-grapql-cardnet/wp-graphql-cardnet.php(76): CardNet::init()
#1 /var/www/html/wp-content/plugins/wp-grapql-cardnet/wp-graphql-cardnet.php(115): CardNet::instance()
#2 /var/www/html/wp-includes/class-wp-hook.php(303): init('')
#3 /var/www/html/wp-includes/class-wp-hook.php(327): WP_Hook->apply_filters(NULL, Array)
#4 /var/www/html/wp-includes/plugin.php(470): WP_Hook->do_action(Array)
#5 /var/www/html/wp-settings.php(441): do_action('plugins_loaded')
#6 /var/www/html/wp-config.php(131): require_once('/var/www/html/w...')
#7 /var/www/html/wp-load.php(50): require_once('/var/www/html/w...')
#8 /var/www/html/wp-admin/admin-ajax.php(22): require_once('/var/www/html/w...')
#9 {main}
  thrown in /var/www/html/wp-content/plugins/wp-grapql-cardnet/wp-graphql-cardnet.php on line 101

2021-08-15T19:25:36+00:00 CRITICAL Uncaught Error: Class 'WPGraphQL\CardNet\CarNetCustomer' not found in /var/www/html/wp-content/plugins/wp-grapql-cardnet/wp-graphql-cardnet.php:101
Stack trace:
#0 /var/www/html/wp-content/plugins/wp-grapql-cardnet/wp-graphql-cardnet.php(76): CardNet::init()
#1 /var/www/html/wp-content/plugins/wp-grapql-cardnet/wp-graphql-cardnet.php(115): CardNet::instance()
#2 /var/www/html/wp-includes/class-wp-hook.php(303): init('')
#3 /var/www/html/wp-includes/class-wp-hook.php(327): WP_Hook->apply_filters(NULL, Array)
#4 /var/www/html/wp-includes/plugin.php(470): WP_Hook->do_action(Array)
#5 /var/www/html/wp-settings.php(441): do_action('plugins_loaded')
#6 /var/www/html/wp-config.php(131): require_once('/var/www/html/w...')
#7 /var/www/html/wp-load.php(50): require_once('/var/www/html/w...')
#8 /var/www/html/wp-admin/admin-ajax.php(22): require_once('/var/www/html/w...')
#9 {main}
  thrown in /var/www/html/wp-content/plugins/wp-grapql-cardnet/wp-graphql-cardnet.php on line 101

2021-08-15T19:27:36+00:00 CRITICAL Uncaught Error: Class 'WPGraphQL\CardNet\CarNetCustomer' not found in /var/www/html/wp-content/plugins/wp-grapql-cardnet/wp-graphql-cardnet.php:101
Stack trace:
#0 /var/www/html/wp-content/plugins/wp-grapql-cardnet/wp-graphql-cardnet.php(76): CardNet::init()
#1 /var/www/html/wp-content/plugins/wp-grapql-cardnet/wp-graphql-cardnet.php(115): CardNet::instance()
#2 /var/www/html/wp-includes/class-wp-hook.php(303): init('')
#3 /var/www/html/wp-includes/class-wp-hook.php(327): WP_Hook->apply_filters(NULL, Array)
#4 /var/www/html/wp-includes/plugin.php(470): WP_Hook->do_action(Array)
#5 /var/www/html/wp-settings.php(441): do_action('plugins_loaded')
#6 /var/www/html/wp-config.php(131): require_once('/var/www/html/w...')
#7 /var/www/html/wp-load.php(50): require_once('/var/www/html/w...')
#8 /var/www/html/wp-admin/admin-ajax.php(22): require_once('/var/www/html/w...')
#9 {main}
  thrown in /var/www/html/wp-content/plugins/wp-grapql-cardnet/wp-graphql-cardnet.php on line 101

2021-08-15T19:29:37+00:00 CRITICAL Uncaught Error: Class 'WPGraphQL\CardNet\CarNetCustomer' not found in /var/www/html/wp-content/plugins/wp-grapql-cardnet/wp-graphql-cardnet.php:101
Stack trace:
#0 /var/www/html/wp-content/plugins/wp-grapql-cardnet/wp-graphql-cardnet.php(76): CardNet::init()
#1 /var/www/html/wp-content/plugins/wp-grapql-cardnet/wp-graphql-cardnet.php(115): CardNet::instance()
#2 /var/www/html/wp-includes/class-wp-hook.php(303): init('')
#3 /var/www/html/wp-includes/class-wp-hook.php(327): WP_Hook->apply_filters(NULL, Array)
#4 /var/www/html/wp-includes/plugin.php(470): WP_Hook->do_action(Array)
#5 /var/www/html/wp-settings.php(441): do_action('plugins_loaded')
#6 /var/www/html/wp-config.php(131): require_once('/var/www/html/w...')
#7 /var/www/html/wp-load.php(50): require_once('/var/www/html/w...')
#8 /var/www/html/wp-admin/admin-ajax.php(22): require_once('/var/www/html/w...')
#9 {main}
  thrown in /var/www/html/wp-content/plugins/wp-grapql-cardnet/wp-graphql-cardnet.php on line 101

2021-08-15T19:31:38+00:00 CRITICAL Uncaught Error: Class 'WPGraphQL\CardNet\CarNetCustomer' not found in /var/www/html/wp-content/plugins/wp-grapql-cardnet/wp-graphql-cardnet.php:101
Stack trace:
#0 /var/www/html/wp-content/plugins/wp-grapql-cardnet/wp-graphql-cardnet.php(76): CardNet::init()
#1 /var/www/html/wp-content/plugins/wp-grapql-cardnet/wp-graphql-cardnet.php(115): CardNet::instance()
#2 /var/www/html/wp-includes/class-wp-hook.php(303): init('')
#3 /var/www/html/wp-includes/class-wp-hook.php(327): WP_Hook->apply_filters(NULL, Array)
#4 /var/www/html/wp-includes/plugin.php(470): WP_Hook->do_action(Array)
#5 /var/www/html/wp-settings.php(441): do_action('plugins_loaded')
#6 /var/www/html/wp-config.php(131): require_once('/var/www/html/w...')
#7 /var/www/html/wp-load.php(50): require_once('/var/www/html/w...')
#8 /var/www/html/wp-admin/admin-ajax.php(22): require_once('/var/www/html/w...')
#9 {main}
  thrown in /var/www/html/wp-content/plugins/wp-grapql-cardnet/wp-graphql-cardnet.php on line 101

2021-08-15T19:33:39+00:00 CRITICAL Uncaught Error: Class 'WPGraphQL\CardNet\CarNetCustomer' not found in /var/www/html/wp-content/plugins/wp-grapql-cardnet/wp-graphql-cardnet.php:101
Stack trace:
#0 /var/www/html/wp-content/plugins/wp-grapql-cardnet/wp-graphql-cardnet.php(76): CardNet::init()
#1 /var/www/html/wp-content/plugins/wp-grapql-cardnet/wp-graphql-cardnet.php(115): CardNet::instance()
#2 /var/www/html/wp-includes/class-wp-hook.php(303): init('')
#3 /var/www/html/wp-includes/class-wp-hook.php(327): WP_Hook->apply_filters(NULL, Array)
#4 /var/www/html/wp-includes/plugin.php(470): WP_Hook->do_action(Array)
#5 /var/www/html/wp-settings.php(441): do_action('plugins_loaded')
#6 /var/www/html/wp-config.php(131): require_once('/var/www/html/w...')
#7 /var/www/html/wp-load.php(50): require_once('/var/www/html/w...')
#8 /var/www/html/wp-admin/admin-ajax.php(22): require_once('/var/www/html/w...')
#9 {main}
  thrown in /var/www/html/wp-content/plugins/wp-grapql-cardnet/wp-graphql-cardnet.php on line 101

2021-08-15T19:35:40+00:00 CRITICAL Uncaught Error: Class 'WPGraphQL\CardNet\CarNetCustomer' not found in /var/www/html/wp-content/plugins/wp-grapql-cardnet/wp-graphql-cardnet.php:101
Stack trace:
#0 /var/www/html/wp-content/plugins/wp-grapql-cardnet/wp-graphql-cardnet.php(76): CardNet::init()
#1 /var/www/html/wp-content/plugins/wp-grapql-cardnet/wp-graphql-cardnet.php(115): CardNet::instance()
#2 /var/www/html/wp-includes/class-wp-hook.php(303): init('')
#3 /var/www/html/wp-includes/class-wp-hook.php(327): WP_Hook->apply_filters(NULL, Array)
#4 /var/www/html/wp-includes/plugin.php(470): WP_Hook->do_action(Array)
#5 /var/www/html/wp-settings.php(441): do_action('plugins_loaded')
#6 /var/www/html/wp-config.php(131): require_once('/var/www/html/w...')
#7 /var/www/html/wp-load.php(50): require_once('/var/www/html/w...')
#8 /var/www/html/wp-admin/admin-ajax.php(22): require_once('/var/www/html/w...')
#9 {main}
  thrown in /var/www/html/wp-content/plugins/wp-grapql-cardnet/wp-graphql-cardnet.php on line 101

2021-08-15T20:38:14+00:00 CRITICAL Uncaught Error: Class 'WPGraphQL\CardNet\CarNetCustomer' not found in /var/www/html/wp-content/plugins/wp-grapql-cardnet/wp-graphql-cardnet.php:101
Stack trace:
#0 /var/www/html/wp-content/plugins/wp-grapql-cardnet/wp-graphql-cardnet.php(76): CardNet::init()
#1 /var/www/html/wp-content/plugins/wp-grapql-cardnet/wp-graphql-cardnet.php(115): CardNet::instance()
#2 /var/www/html/wp-includes/class-wp-hook.php(303): init('')
#3 /var/www/html/wp-includes/class-wp-hook.php(327): WP_Hook->apply_filters(NULL, Array)
#4 /var/www/html/wp-includes/plugin.php(470): WP_Hook->do_action(Array)
#5 /var/www/html/wp-settings.php(441): do_action('plugins_loaded')
#6 /var/www/html/wp-config.php(131): require_once('/var/www/html/w...')
#7 /var/www/html/wp-load.php(50): require_once('/var/www/html/w...')
#8 /var/www/html/wp-admin/admin-ajax.php(22): require_once('/var/www/html/w...')
#9 {main}
  thrown in /var/www/html/wp-content/plugins/wp-grapql-cardnet/wp-graphql-cardnet.php on line 101

2021-08-15T20:40:15+00:00 CRITICAL Uncaught Error: Class 'WPGraphQL\CardNet\CarNetCustomer' not found in /var/www/html/wp-content/plugins/wp-grapql-cardnet/wp-graphql-cardnet.php:101
Stack trace:
#0 /var/www/html/wp-content/plugins/wp-grapql-cardnet/wp-graphql-cardnet.php(76): CardNet::init()
#1 /var/www/html/wp-content/plugins/wp-grapql-cardnet/wp-graphql-cardnet.php(115): CardNet::instance()
#2 /var/www/html/wp-includes/class-wp-hook.php(303): init('')
#3 /var/www/html/wp-includes/class-wp-hook.php(327): WP_Hook->apply_filters(NULL, Array)
#4 /var/www/html/wp-includes/plugin.php(470): WP_Hook->do_action(Array)
#5 /var/www/html/wp-settings.php(441): do_action('plugins_loaded')
#6 /var/www/html/wp-config.php(131): require_once('/var/www/html/w...')
#7 /var/www/html/wp-load.php(50): require_once('/var/www/html/w...')
#8 /var/www/html/wp-admin/admin-ajax.php(22): require_once('/var/www/html/w...')
#9 {main}
  thrown in /var/www/html/wp-content/plugins/wp-grapql-cardnet/wp-graphql-cardnet.php on line 101

2021-08-15T20:42:16+00:00 CRITICAL Uncaught Error: Class 'WPGraphQL\CardNet\CarNetCustomer' not found in /var/www/html/wp-content/plugins/wp-grapql-cardnet/wp-graphql-cardnet.php:101
Stack trace:
#0 /var/www/html/wp-content/plugins/wp-grapql-cardnet/wp-graphql-cardnet.php(76): CardNet::init()
#1 /var/www/html/wp-content/plugins/wp-grapql-cardnet/wp-graphql-cardnet.php(115): CardNet::instance()
#2 /var/www/html/wp-includes/class-wp-hook.php(303): init('')
#3 /var/www/html/wp-includes/class-wp-hook.php(327): WP_Hook->apply_filters(NULL, Array)
#4 /var/www/html/wp-includes/plugin.php(470): WP_Hook->do_action(Array)
#5 /var/www/html/wp-settings.php(441): do_action('plugins_loaded')
#6 /var/www/html/wp-config.php(131): require_once('/var/www/html/w...')
#7 /var/www/html/wp-load.php(50): require_once('/var/www/html/w...')
#8 /var/www/html/wp-admin/admin-ajax.php(22): require_once('/var/www/html/w...')
#9 {main}
  thrown in /var/www/html/wp-content/plugins/wp-grapql-cardnet/wp-graphql-cardnet.php on line 101

2021-08-15T20:44:17+00:00 CRITICAL Uncaught Error: Class 'WPGraphQL\CardNet\CarNetCustomer' not found in /var/www/html/wp-content/plugins/wp-grapql-cardnet/wp-graphql-cardnet.php:101
Stack trace:
#0 /var/www/html/wp-content/plugins/wp-grapql-cardnet/wp-graphql-cardnet.php(76): CardNet::init()
#1 /var/www/html/wp-content/plugins/wp-grapql-cardnet/wp-graphql-cardnet.php(115): CardNet::instance()
#2 /var/www/html/wp-includes/class-wp-hook.php(303): init('')
#3 /var/www/html/wp-includes/class-wp-hook.php(327): WP_Hook->apply_filters(NULL, Array)
#4 /var/www/html/wp-includes/plugin.php(470): WP_Hook->do_action(Array)
#5 /var/www/html/wp-settings.php(441): do_action('plugins_loaded')
#6 /var/www/html/wp-config.php(131): require_once('/var/www/html/w...')
#7 /var/www/html/wp-load.php(50): require_once('/var/www/html/w...')
#8 /var/www/html/wp-admin/admin-ajax.php(22): require_once('/var/www/html/w...')
#9 {main}
  thrown in /var/www/html/wp-content/plugins/wp-grapql-cardnet/wp-graphql-cardnet.php on line 101

2021-08-15T20:46:17+00:00 CRITICAL Uncaught Error: Class 'WPGraphQL\CardNet\CarNetCustomer' not found in /var/www/html/wp-content/plugins/wp-grapql-cardnet/wp-graphql-cardnet.php:101
Stack trace:
#0 /var/www/html/wp-content/plugins/wp-grapql-cardnet/wp-graphql-cardnet.php(76): CardNet::init()
#1 /var/www/html/wp-content/plugins/wp-grapql-cardnet/wp-graphql-cardnet.php(115): CardNet::instance()
#2 /var/www/html/wp-includes/class-wp-hook.php(303): init('')
#3 /var/www/html/wp-includes/class-wp-hook.php(327): WP_Hook->apply_filters(NULL, Array)
#4 /var/www/html/wp-includes/plugin.php(470): WP_Hook->do_action(Array)
#5 /var/www/html/wp-settings.php(441): do_action('plugins_loaded')
#6 /var/www/html/wp-config.php(131): require_once('/var/www/html/w...')
#7 /var/www/html/wp-load.php(50): require_once('/var/www/html/w...')
#8 /var/www/html/wp-admin/admin-ajax.php(22): require_once('/var/www/html/w...')
#9 {main}
  thrown in /var/www/html/wp-content/plugins/wp-grapql-cardnet/wp-graphql-cardnet.php on line 101

2021-08-15T20:48:18+00:00 CRITICAL Uncaught Error: Class 'WPGraphQL\CardNet\CarNetCustomer' not found in /var/www/html/wp-content/plugins/wp-grapql-cardnet/wp-graphql-cardnet.php:101
Stack trace:
#0 /var/www/html/wp-content/plugins/wp-grapql-cardnet/wp-graphql-cardnet.php(76): CardNet::init()
#1 /var/www/html/wp-content/plugins/wp-grapql-cardnet/wp-graphql-cardnet.php(115): CardNet::instance()
#2 /var/www/html/wp-includes/class-wp-hook.php(303): init('')
#3 /var/www/html/wp-includes/class-wp-hook.php(327): WP_Hook->apply_filters(NULL, Array)
#4 /var/www/html/wp-includes/plugin.php(470): WP_Hook->do_action(Array)
#5 /var/www/html/wp-settings.php(441): do_action('plugins_loaded')
#6 /var/www/html/wp-config.php(131): require_once('/var/www/html/w...')
#7 /var/www/html/wp-load.php(50): require_once('/var/www/html/w...')
#8 /var/www/html/wp-admin/admin-ajax.php(22): require_once('/var/www/html/w...')
#9 {main}
  thrown in /var/www/html/wp-content/plugins/wp-grapql-cardnet/wp-graphql-cardnet.php on line 101

2021-08-15T20:50:19+00:00 CRITICAL Uncaught Error: Class 'WPGraphQL\CardNet\CarNetCustomer' not found in /var/www/html/wp-content/plugins/wp-grapql-cardnet/wp-graphql-cardnet.php:101
Stack trace:
#0 /var/www/html/wp-content/plugins/wp-grapql-cardnet/wp-graphql-cardnet.php(76): CardNet::init()
#1 /var/www/html/wp-content/plugins/wp-grapql-cardnet/wp-graphql-cardnet.php(115): CardNet::instance()
#2 /var/www/html/wp-includes/class-wp-hook.php(303): init('')
#3 /var/www/html/wp-includes/class-wp-hook.php(327): WP_Hook->apply_filters(NULL, Array)
#4 /var/www/html/wp-includes/plugin.php(470): WP_Hook->do_action(Array)
#5 /var/www/html/wp-settings.php(441): do_action('plugins_loaded')
#6 /var/www/html/wp-config.php(131): require_once('/var/www/html/w...')
#7 /var/www/html/wp-load.php(50): require_once('/var/www/html/w...')
#8 /var/www/html/wp-admin/admin-ajax.php(22): require_once('/var/www/html/w...')
#9 {main}
  thrown in /var/www/html/wp-content/plugins/wp-grapql-cardnet/wp-graphql-cardnet.php on line 101

2021-08-15T20:52:20+00:00 CRITICAL Uncaught Error: Class 'WPGraphQL\CardNet\CarNetCustomer' not found in /var/www/html/wp-content/plugins/wp-grapql-cardnet/wp-graphql-cardnet.php:101
Stack trace:
#0 /var/www/html/wp-content/plugins/wp-grapql-cardnet/wp-graphql-cardnet.php(76): CardNet::init()
#1 /var/www/html/wp-content/plugins/wp-grapql-cardnet/wp-graphql-cardnet.php(115): CardNet::instance()
#2 /var/www/html/wp-includes/class-wp-hook.php(303): init('')
#3 /var/www/html/wp-includes/class-wp-hook.php(327): WP_Hook->apply_filters(NULL, Array)
#4 /var/www/html/wp-includes/plugin.php(470): WP_Hook->do_action(Array)
#5 /var/www/html/wp-settings.php(441): do_action('plugins_loaded')
#6 /var/www/html/wp-config.php(131): require_once('/var/www/html/w...')
#7 /var/www/html/wp-load.php(50): require_once('/var/www/html/w...')
#8 /var/www/html/wp-admin/admin-ajax.php(22): require_once('/var/www/html/w...')
#9 {main}
  thrown in /var/www/html/wp-content/plugins/wp-grapql-cardnet/wp-graphql-cardnet.php on line 101

2021-08-15T20:54:21+00:00 CRITICAL Uncaught Error: Class 'WPGraphQL\CardNet\CarNetCustomer' not found in /var/www/html/wp-content/plugins/wp-grapql-cardnet/wp-graphql-cardnet.php:101
Stack trace:
#0 /var/www/html/wp-content/plugins/wp-grapql-cardnet/wp-graphql-cardnet.php(76): CardNet::init()
#1 /var/www/html/wp-content/plugins/wp-grapql-cardnet/wp-graphql-cardnet.php(115): CardNet::instance()
#2 /var/www/html/wp-includes/class-wp-hook.php(303): init('')
#3 /var/www/html/wp-includes/class-wp-hook.php(327): WP_Hook->apply_filters(NULL, Array)
#4 /var/www/html/wp-includes/plugin.php(470): WP_Hook->do_action(Array)
#5 /var/www/html/wp-settings.php(441): do_action('plugins_loaded')
#6 /var/www/html/wp-config.php(131): require_once('/var/www/html/w...')
#7 /var/www/html/wp-load.php(50): require_once('/var/www/html/w...')
#8 /var/www/html/wp-admin/admin-ajax.php(22): require_once('/var/www/html/w...')
#9 {main}
  thrown in /var/www/html/wp-content/plugins/wp-grapql-cardnet/wp-graphql-cardnet.php on line 101

2021-08-15T20:56:22+00:00 CRITICAL Uncaught Error: Class 'WPGraphQL\CardNet\CarNetCustomer' not found in /var/www/html/wp-content/plugins/wp-grapql-cardnet/wp-graphql-cardnet.php:101
Stack trace:
#0 /var/www/html/wp-content/plugins/wp-grapql-cardnet/wp-graphql-cardnet.php(76): CardNet::init()
#1 /var/www/html/wp-content/plugins/wp-grapql-cardnet/wp-graphql-cardnet.php(115): CardNet::instance()
#2 /var/www/html/wp-includes/class-wp-hook.php(303): init('')
#3 /var/www/html/wp-includes/class-wp-hook.php(327): WP_Hook->apply_filters(NULL, Array)
#4 /var/www/html/wp-includes/plugin.php(470): WP_Hook->do_action(Array)
#5 /var/www/html/wp-settings.php(441): do_action('plugins_loaded')
#6 /var/www/html/wp-config.php(131): require_once('/var/www/html/w...')
#7 /var/www/html/wp-load.php(50): require_once('/var/www/html/w...')
#8 /var/www/html/wp-admin/admin-ajax.php(22): require_once('/var/www/html/w...')
#9 {main}
  thrown in /var/www/html/wp-content/plugins/wp-grapql-cardnet/wp-graphql-cardnet.php on line 101

2021-08-15T20:58:22+00:00 CRITICAL Uncaught Error: Class 'WPGraphQL\CardNet\CarNetCustomer' not found in /var/www/html/wp-content/plugins/wp-grapql-cardnet/wp-graphql-cardnet.php:101
Stack trace:
#0 /var/www/html/wp-content/plugins/wp-grapql-cardnet/wp-graphql-cardnet.php(76): CardNet::init()
#1 /var/www/html/wp-content/plugins/wp-grapql-cardnet/wp-graphql-cardnet.php(115): CardNet::instance()
#2 /var/www/html/wp-includes/class-wp-hook.php(303): init('')
#3 /var/www/html/wp-includes/class-wp-hook.php(327): WP_Hook->apply_filters(NULL, Array)
#4 /var/www/html/wp-includes/plugin.php(470): WP_Hook->do_action(Array)
#5 /var/www/html/wp-settings.php(441): do_action('plugins_loaded')
#6 /var/www/html/wp-config.php(131): require_once('/var/www/html/w...')
#7 /var/www/html/wp-load.php(50): require_once('/var/www/html/w...')
#8 /var/www/html/wp-admin/admin-ajax.php(22): require_once('/var/www/html/w...')
#9 {main}
  thrown in /var/www/html/wp-content/plugins/wp-grapql-cardnet/wp-graphql-cardnet.php on line 101

2021-08-15T21:00:29+00:00 CRITICAL Uncaught Error: Class 'WPGraphQL\CardNet\CarNetCustomer' not found in /var/www/html/wp-content/plugins/wp-grapql-cardnet/wp-graphql-cardnet.php:101
Stack trace:
#0 /var/www/html/wp-content/plugins/wp-grapql-cardnet/wp-graphql-cardnet.php(76): CardNet::init()
#1 /var/www/html/wp-content/plugins/wp-grapql-cardnet/wp-graphql-cardnet.php(115): CardNet::instance()
#2 /var/www/html/wp-includes/class-wp-hook.php(303): init('')
#3 /var/www/html/wp-includes/class-wp-hook.php(327): WP_Hook->apply_filters(NULL, Array)
#4 /var/www/html/wp-includes/plugin.php(470): WP_Hook->do_action(Array)
#5 /var/www/html/wp-settings.php(441): do_action('plugins_loaded')
#6 /var/www/html/wp-config.php(131): require_once('/var/www/html/w...')
#7 /var/www/html/wp-load.php(50): require_once('/var/www/html/w...')
#8 /var/www/html/wp-admin/admin-ajax.php(22): require_once('/var/www/html/w...')
#9 {main}
  thrown in /var/www/html/wp-content/plugins/wp-grapql-cardnet/wp-graphql-cardnet.php on line 101

2021-08-15T21:02:33+00:00 CRITICAL Uncaught Error: Class 'WPGraphQL\CardNet\CarNetCustomer' not found in /var/www/html/wp-content/plugins/wp-grapql-cardnet/wp-graphql-cardnet.php:101
Stack trace:
#0 /var/www/html/wp-content/plugins/wp-grapql-cardnet/wp-graphql-cardnet.php(76): CardNet::init()
#1 /var/www/html/wp-content/plugins/wp-grapql-cardnet/wp-graphql-cardnet.php(115): CardNet::instance()
#2 /var/www/html/wp-includes/class-wp-hook.php(303): init('')
#3 /var/www/html/wp-includes/class-wp-hook.php(327): WP_Hook->apply_filters(NULL, Array)
#4 /var/www/html/wp-includes/plugin.php(470): WP_Hook->do_action(Array)
#5 /var/www/html/wp-settings.php(441): do_action('plugins_loaded')
#6 /var/www/html/wp-config.php(131): require_once('/var/www/html/w...')
#7 /var/www/html/wp-load.php(50): require_once('/var/www/html/w...')
#8 /var/www/html/wp-admin/admin-ajax.php(22): require_once('/var/www/html/w...')
#9 {main}
  thrown in /var/www/html/wp-content/plugins/wp-grapql-cardnet/wp-graphql-cardnet.php on line 101

2021-08-15T21:04:33+00:00 CRITICAL Uncaught Error: Class 'WPGraphQL\CardNet\CarNetCustomer' not found in /var/www/html/wp-content/plugins/wp-grapql-cardnet/wp-graphql-cardnet.php:101
Stack trace:
#0 /var/www/html/wp-content/plugins/wp-grapql-cardnet/wp-graphql-cardnet.php(76): CardNet::init()
#1 /var/www/html/wp-content/plugins/wp-grapql-cardnet/wp-graphql-cardnet.php(115): CardNet::instance()
#2 /var/www/html/wp-includes/class-wp-hook.php(303): init('')
#3 /var/www/html/wp-includes/class-wp-hook.php(327): WP_Hook->apply_filters(NULL, Array)
#4 /var/www/html/wp-includes/plugin.php(470): WP_Hook->do_action(Array)
#5 /var/www/html/wp-settings.php(441): do_action('plugins_loaded')
#6 /var/www/html/wp-config.php(131): require_once('/var/www/html/w...')
#7 /var/www/html/wp-load.php(50): require_once('/var/www/html/w...')
#8 /var/www/html/wp-admin/admin-ajax.php(22): require_once('/var/www/html/w...')
#9 {main}
  thrown in /var/www/html/wp-content/plugins/wp-grapql-cardnet/wp-graphql-cardnet.php on line 101

2021-08-15T23:07:48+00:00 CRITICAL Uncaught Error: Class 'WPGraphQL\CardNet\CarNetCustomer' not found in /var/www/html/wp-content/plugins/wp-grapql-cardnet/wp-graphql-cardnet.php:101
Stack trace:
#0 /var/www/html/wp-content/plugins/wp-grapql-cardnet/wp-graphql-cardnet.php(76): CardNet::init()
#1 /var/www/html/wp-content/plugins/wp-grapql-cardnet/wp-graphql-cardnet.php(115): CardNet::instance()
#2 /var/www/html/wp-includes/class-wp-hook.php(303): init('')
#3 /var/www/html/wp-includes/class-wp-hook.php(327): WP_Hook->apply_filters(NULL, Array)
#4 /var/www/html/wp-includes/plugin.php(470): WP_Hook->do_action(Array)
#5 /var/www/html/wp-settings.php(441): do_action('plugins_loaded')
#6 /var/www/html/wp-config.php(131): require_once('/var/www/html/w...')
#7 /var/www/html/wp-load.php(50): require_once('/var/www/html/w...')
#8 /var/www/html/wp-admin/admin-ajax.php(22): require_once('/var/www/html/w...')
#9 {main}
  thrown in /var/www/html/wp-content/plugins/wp-grapql-cardnet/wp-graphql-cardnet.php on line 101

2021-08-15T23:09:48+00:00 CRITICAL Uncaught Error: Class 'WPGraphQL\CardNet\CarNetCustomer' not found in /var/www/html/wp-content/plugins/wp-grapql-cardnet/wp-graphql-cardnet.php:101
Stack trace:
#0 /var/www/html/wp-content/plugins/wp-grapql-cardnet/wp-graphql-cardnet.php(76): CardNet::init()
#1 /var/www/html/wp-content/plugins/wp-grapql-cardnet/wp-graphql-cardnet.php(115): CardNet::instance()
#2 /var/www/html/wp-includes/class-wp-hook.php(303): init('')
#3 /var/www/html/wp-includes/class-wp-hook.php(327): WP_Hook->apply_filters(NULL, Array)
#4 /var/www/html/wp-includes/plugin.php(470): WP_Hook->do_action(Array)
#5 /var/www/html/wp-settings.php(441): do_action('plugins_loaded')
#6 /var/www/html/wp-config.php(131): require_once('/var/www/html/w...')
#7 /var/www/html/wp-load.php(50): require_once('/var/www/html/w...')
#8 /var/www/html/wp-admin/admin-ajax.php(22): require_once('/var/www/html/w...')
#9 {main}
  thrown in /var/www/html/wp-content/plugins/wp-grapql-cardnet/wp-graphql-cardnet.php on line 101

2021-08-15T23:11:49+00:00 CRITICAL Uncaught Error: Class 'WPGraphQL\CardNet\CarNetCustomer' not found in /var/www/html/wp-content/plugins/wp-grapql-cardnet/wp-graphql-cardnet.php:101
Stack trace:
#0 /var/www/html/wp-content/plugins/wp-grapql-cardnet/wp-graphql-cardnet.php(76): CardNet::init()
#1 /var/www/html/wp-content/plugins/wp-grapql-cardnet/wp-graphql-cardnet.php(115): CardNet::instance()
#2 /var/www/html/wp-includes/class-wp-hook.php(303): init('')
#3 /var/www/html/wp-includes/class-wp-hook.php(327): WP_Hook->apply_filters(NULL, Array)
#4 /var/www/html/wp-includes/plugin.php(470): WP_Hook->do_action(Array)
#5 /var/www/html/wp-settings.php(441): do_action('plugins_loaded')
#6 /var/www/html/wp-config.php(131): require_once('/var/www/html/w...')
#7 /var/www/html/wp-load.php(50): require_once('/var/www/html/w...')
#8 /var/www/html/wp-admin/admin-ajax.php(22): require_once('/var/www/html/w...')
#9 {main}
  thrown in /var/www/html/wp-content/plugins/wp-grapql-cardnet/wp-graphql-cardnet.php on line 101

2021-08-15T23:13:49+00:00 CRITICAL Uncaught Error: Class 'WPGraphQL\CardNet\CarNetCustomer' not found in /var/www/html/wp-content/plugins/wp-grapql-cardnet/wp-graphql-cardnet.php:101
Stack trace:
#0 /var/www/html/wp-content/plugins/wp-grapql-cardnet/wp-graphql-cardnet.php(76): CardNet::init()
#1 /var/www/html/wp-content/plugins/wp-grapql-cardnet/wp-graphql-cardnet.php(115): CardNet::instance()
#2 /var/www/html/wp-includes/class-wp-hook.php(303): init('')
#3 /var/www/html/wp-includes/class-wp-hook.php(327): WP_Hook->apply_filters(NULL, Array)
#4 /var/www/html/wp-includes/plugin.php(470): WP_Hook->do_action(Array)
#5 /var/www/html/wp-settings.php(441): do_action('plugins_loaded')
#6 /var/www/html/wp-config.php(131): require_once('/var/www/html/w...')
#7 /var/www/html/wp-load.php(50): require_once('/var/www/html/w...')
#8 /var/www/html/wp-admin/admin-ajax.php(22): require_once('/var/www/html/w...')
#9 {main}
  thrown in /var/www/html/wp-content/plugins/wp-grapql-cardnet/wp-graphql-cardnet.php on line 101

2021-08-15T23:15:55+00:00 CRITICAL Uncaught Error: Class 'WPGraphQL\CardNet\CarNetCustomer' not found in /var/www/html/wp-content/plugins/wp-grapql-cardnet/wp-graphql-cardnet.php:101
Stack trace:
#0 /var/www/html/wp-content/plugins/wp-grapql-cardnet/wp-graphql-cardnet.php(76): CardNet::init()
#1 /var/www/html/wp-content/plugins/wp-grapql-cardnet/wp-graphql-cardnet.php(115): CardNet::instance()
#2 /var/www/html/wp-includes/class-wp-hook.php(303): init('')
#3 /var/www/html/wp-includes/class-wp-hook.php(327): WP_Hook->apply_filters(NULL, Array)
#4 /var/www/html/wp-includes/plugin.php(470): WP_Hook->do_action(Array)
#5 /var/www/html/wp-settings.php(441): do_action('plugins_loaded')
#6 /var/www/html/wp-config.php(131): require_once('/var/www/html/w...')
#7 /var/www/html/wp-load.php(50): require_once('/var/www/html/w...')
#8 /var/www/html/wp-admin/admin-ajax.php(22): require_once('/var/www/html/w...')
#9 {main}
  thrown in /var/www/html/wp-content/plugins/wp-grapql-cardnet/wp-graphql-cardnet.php on line 101

2021-08-15T23:17:58+00:00 CRITICAL Uncaught Error: Class 'WPGraphQL\CardNet\CarNetCustomer' not found in /var/www/html/wp-content/plugins/wp-grapql-cardnet/wp-graphql-cardnet.php:101
Stack trace:
#0 /var/www/html/wp-content/plugins/wp-grapql-cardnet/wp-graphql-cardnet.php(76): CardNet::init()
#1 /var/www/html/wp-content/plugins/wp-grapql-cardnet/wp-graphql-cardnet.php(115): CardNet::instance()
#2 /var/www/html/wp-includes/class-wp-hook.php(303): init('')
#3 /var/www/html/wp-includes/class-wp-hook.php(327): WP_Hook->apply_filters(NULL, Array)
#4 /var/www/html/wp-includes/plugin.php(470): WP_Hook->do_action(Array)
#5 /var/www/html/wp-settings.php(441): do_action('plugins_loaded')
#6 /var/www/html/wp-config.php(131): require_once('/var/www/html/w...')
#7 /var/www/html/wp-load.php(50): require_once('/var/www/html/w...')
#8 /var/www/html/wp-admin/admin-ajax.php(22): require_once('/var/www/html/w...')
#9 {main}
  thrown in /var/www/html/wp-content/plugins/wp-grapql-cardnet/wp-graphql-cardnet.php on line 101

2021-08-15T23:19:58+00:00 CRITICAL Uncaught Error: Class 'WPGraphQL\CardNet\CarNetCustomer' not found in /var/www/html/wp-content/plugins/wp-grapql-cardnet/wp-graphql-cardnet.php:101
Stack trace:
#0 /var/www/html/wp-content/plugins/wp-grapql-cardnet/wp-graphql-cardnet.php(76): CardNet::init()
#1 /var/www/html/wp-content/plugins/wp-grapql-cardnet/wp-graphql-cardnet.php(115): CardNet::instance()
#2 /var/www/html/wp-includes/class-wp-hook.php(303): init('')
#3 /var/www/html/wp-includes/class-wp-hook.php(327): WP_Hook->apply_filters(NULL, Array)
#4 /var/www/html/wp-includes/plugin.php(470): WP_Hook->do_action(Array)
#5 /var/www/html/wp-settings.php(441): do_action('plugins_loaded')
#6 /var/www/html/wp-config.php(131): require_once('/var/www/html/w...')
#7 /var/www/html/wp-load.php(50): require_once('/var/www/html/w...')
#8 /var/www/html/wp-admin/admin-ajax.php(22): require_once('/var/www/html/w...')
#9 {main}
  thrown in /var/www/html/wp-content/plugins/wp-grapql-cardnet/wp-graphql-cardnet.php on line 101

