2021-08-20T21:52:06+00:00 CRITICAL syntax error, unexpected ')' in /var/www/html/wp-content/plugins/wp-grapql-cardnet/src/CardNetWooGateway.php on line 95

2021-08-20T22:24:07+00:00 CRITICAL syntax error, unexpected '(', expecting identifier (T_STRING) or variable (T_VARIABLE) or '{' or '$' in /var/www/html/wp-content/plugins/woocommerce/includes/gateways/cod/class-wc-gateway-cod.php on line 31

2021-08-20T22:24:21+00:00 CRITICAL syntax error, unexpected '(', expecting identifier (T_STRING) or variable (T_VARIABLE) or '{' or '$' in /var/www/html/wp-content/plugins/woocommerce/includes/gateways/cod/class-wc-gateway-cod.php on line 31

2021-08-20T22:24:23+00:00 CRITICAL syntax error, unexpected '(', expecting identifier (T_STRING) or variable (T_VARIABLE) or '{' or '$' in /var/www/html/wp-content/plugins/woocommerce/includes/gateways/cod/class-wc-gateway-cod.php on line 31

2021-08-20T22:24:38+00:00 CRITICAL syntax error, unexpected '(', expecting identifier (T_STRING) or variable (T_VARIABLE) or '{' or '$' in /var/www/html/wp-content/plugins/woocommerce/includes/gateways/cod/class-wc-gateway-cod.php on line 31

2021-08-20T22:24:39+00:00 CRITICAL syntax error, unexpected '(', expecting identifier (T_STRING) or variable (T_VARIABLE) or '{' or '$' in /var/www/html/wp-content/plugins/woocommerce/includes/gateways/cod/class-wc-gateway-cod.php on line 31

2021-08-20T22:24:40+00:00 CRITICAL syntax error, unexpected '(', expecting identifier (T_STRING) or variable (T_VARIABLE) or '{' or '$' in /var/www/html/wp-content/plugins/woocommerce/includes/gateways/cod/class-wc-gateway-cod.php on line 31

2021-08-20T22:24:47+00:00 CRITICAL syntax error, unexpected '(', expecting identifier (T_STRING) or variable (T_VARIABLE) or '{' or '$' in /var/www/html/wp-content/plugins/woocommerce/includes/gateways/cod/class-wc-gateway-cod.php on line 31

2021-08-20T22:24:54+00:00 CRITICAL syntax error, unexpected '(', expecting identifier (T_STRING) or variable (T_VARIABLE) or '{' or '$' in /var/www/html/wp-content/plugins/woocommerce/includes/gateways/cod/class-wc-gateway-cod.php on line 31

2021-08-20T22:24:57+00:00 CRITICAL syntax error, unexpected '(', expecting identifier (T_STRING) or variable (T_VARIABLE) or '{' or '$' in /var/www/html/wp-content/plugins/woocommerce/includes/gateways/cod/class-wc-gateway-cod.php on line 31

2021-08-20T22:38:44+00:00 CRITICAL Uncaught Error: Class 'WPGraphQL\CardNet\Constants' not found in /var/www/html/wp-content/plugins/wp-grapql-cardnet/src/CardNetWooGateway.php:191
Stack trace:
#0 /var/www/html/wp-content/plugins/wp-grapql-cardnet/src/CardNetWooGateway.php(209): WPGraphQL\CardNet\CardNetWooGateway->is_accessing_settings()
#1 /var/www/html/wp-content/plugins/wp-grapql-cardnet/src/CardNetWooGateway.php(98): WPGraphQL\CardNet\CardNetWooGateway->load_shipping_method_options()
#2 /var/www/html/wp-content/plugins/wp-grapql-cardnet/src/CardNetWooGateway.php(27): WPGraphQL\CardNet\CardNetWooGateway->init_form_fields()
#3 /var/www/html/wp-content/plugins/woocommerce/includes/class-wc-payment-gateways.php(94): WPGraphQL\CardNet\CardNetWooGateway->__construct()
#4 /var/www/html/wp-content/plugins/woocommerce/includes/class-wc-payment-gateways.php(70): WC_Payment_Gateways->init()
#5 /var/www/html/wp-content/plugins/woocommerce/includes/class-wc-payment-gateways.php(43): WC_Payment_Gateways->__construct()
#6 /var/www/html/wp-content/plugin in /var/www/html/wp-content/plugins/wp-grapql-cardnet/src/CardNetWooGateway.php on line 191

2021-08-20T22:38:44+00:00 CRITICAL Uncaught Error: Class 'WPGraphQL\CardNet\Constants' not found in /var/www/html/wp-content/plugins/wp-grapql-cardnet/src/CardNetWooGateway.php:191
Stack trace:
#0 /var/www/html/wp-content/plugins/wp-grapql-cardnet/src/CardNetWooGateway.php(209): WPGraphQL\CardNet\CardNetWooGateway->is_accessing_settings()
#1 /var/www/html/wp-content/plugins/wp-grapql-cardnet/src/CardNetWooGateway.php(98): WPGraphQL\CardNet\CardNetWooGateway->load_shipping_method_options()
#2 /var/www/html/wp-content/plugins/wp-grapql-cardnet/src/CardNetWooGateway.php(27): WPGraphQL\CardNet\CardNetWooGateway->init_form_fields()
#3 /var/www/html/wp-content/plugins/woocommerce/includes/class-wc-payment-gateways.php(94): WPGraphQL\CardNet\CardNetWooGateway->__construct()
#4 /var/www/html/wp-content/plugins/woocommerce/includes/class-wc-payment-gateways.php(70): WC_Payment_Gateways->init()
#5 /var/www/html/wp-content/plugins/woocommerce/includes/class-wc-payment-gateways.php(43): WC_Payment_Gateways->__construct()
#6 /var/www/html/wp-content/plugin in /var/www/html/wp-content/plugins/wp-grapql-cardnet/src/CardNetWooGateway.php on line 191

2021-08-20T22:38:45+00:00 CRITICAL Uncaught Error: Class 'WPGraphQL\CardNet\Constants' not found in /var/www/html/wp-content/plugins/wp-grapql-cardnet/src/CardNetWooGateway.php:191
Stack trace:
#0 /var/www/html/wp-content/plugins/wp-grapql-cardnet/src/CardNetWooGateway.php(209): WPGraphQL\CardNet\CardNetWooGateway->is_accessing_settings()
#1 /var/www/html/wp-content/plugins/wp-grapql-cardnet/src/CardNetWooGateway.php(98): WPGraphQL\CardNet\CardNetWooGateway->load_shipping_method_options()
#2 /var/www/html/wp-content/plugins/wp-grapql-cardnet/src/CardNetWooGateway.php(27): WPGraphQL\CardNet\CardNetWooGateway->init_form_fields()
#3 /var/www/html/wp-content/plugins/woocommerce/includes/class-wc-payment-gateways.php(94): WPGraphQL\CardNet\CardNetWooGateway->__construct()
#4 /var/www/html/wp-content/plugins/woocommerce/includes/class-wc-payment-gateways.php(70): WC_Payment_Gateways->init()
#5 /var/www/html/wp-content/plugins/woocommerce/includes/class-wc-payment-gateways.php(43): WC_Payment_Gateways->__construct()
#6 /var/www/html/wp-content/plugin in /var/www/html/wp-content/plugins/wp-grapql-cardnet/src/CardNetWooGateway.php on line 191

2021-08-20T22:38:45+00:00 CRITICAL Uncaught Error: Class 'WPGraphQL\CardNet\Constants' not found in /var/www/html/wp-content/plugins/wp-grapql-cardnet/src/CardNetWooGateway.php:191
Stack trace:
#0 /var/www/html/wp-content/plugins/wp-grapql-cardnet/src/CardNetWooGateway.php(209): WPGraphQL\CardNet\CardNetWooGateway->is_accessing_settings()
#1 /var/www/html/wp-content/plugins/wp-grapql-cardnet/src/CardNetWooGateway.php(98): WPGraphQL\CardNet\CardNetWooGateway->load_shipping_method_options()
#2 /var/www/html/wp-content/plugins/wp-grapql-cardnet/src/CardNetWooGateway.php(27): WPGraphQL\CardNet\CardNetWooGateway->init_form_fields()
#3 /var/www/html/wp-content/plugins/woocommerce/includes/class-wc-payment-gateways.php(94): WPGraphQL\CardNet\CardNetWooGateway->__construct()
#4 /var/www/html/wp-content/plugins/woocommerce/includes/class-wc-payment-gateways.php(70): WC_Payment_Gateways->init()
#5 /var/www/html/wp-content/plugins/woocommerce/includes/class-wc-payment-gateways.php(43): WC_Payment_Gateways->__construct()
#6 /var/www/html/wp-content/plugin in /var/www/html/wp-content/plugins/wp-grapql-cardnet/src/CardNetWooGateway.php on line 191

2021-08-20T22:38:45+00:00 CRITICAL Uncaught Error: Class 'WPGraphQL\CardNet\Constants' not found in /var/www/html/wp-content/plugins/wp-grapql-cardnet/src/CardNetWooGateway.php:191
Stack trace:
#0 /var/www/html/wp-content/plugins/wp-grapql-cardnet/src/CardNetWooGateway.php(209): WPGraphQL\CardNet\CardNetWooGateway->is_accessing_settings()
#1 /var/www/html/wp-content/plugins/wp-grapql-cardnet/src/CardNetWooGateway.php(98): WPGraphQL\CardNet\CardNetWooGateway->load_shipping_method_options()
#2 /var/www/html/wp-content/plugins/wp-grapql-cardnet/src/CardNetWooGateway.php(27): WPGraphQL\CardNet\CardNetWooGateway->init_form_fields()
#3 /var/www/html/wp-content/plugins/woocommerce/includes/class-wc-payment-gateways.php(94): WPGraphQL\CardNet\CardNetWooGateway->__construct()
#4 /var/www/html/wp-content/plugins/woocommerce/includes/class-wc-payment-gateways.php(70): WC_Payment_Gateways->init()
#5 /var/www/html/wp-content/plugins/woocommerce/includes/class-wc-payment-gateways.php(43): WC_Payment_Gateways->__construct()
#6 /var/www/html/wp-content/plugin in /var/www/html/wp-content/plugins/wp-grapql-cardnet/src/CardNetWooGateway.php on line 191

2021-08-20T22:39:17+00:00 CRITICAL Uncaught Error: Class 'WPGraphQL\CardNet\Constants' not found in /var/www/html/wp-content/plugins/wp-grapql-cardnet/src/CardNetWooGateway.php:191
Stack trace:
#0 /var/www/html/wp-content/plugins/wp-grapql-cardnet/src/CardNetWooGateway.php(209): WPGraphQL\CardNet\CardNetWooGateway->is_accessing_settings()
#1 /var/www/html/wp-content/plugins/wp-grapql-cardnet/src/CardNetWooGateway.php(98): WPGraphQL\CardNet\CardNetWooGateway->load_shipping_method_options()
#2 /var/www/html/wp-content/plugins/wp-grapql-cardnet/src/CardNetWooGateway.php(27): WPGraphQL\CardNet\CardNetWooGateway->init_form_fields()
#3 /var/www/html/wp-content/plugins/woocommerce/includes/class-wc-payment-gateways.php(94): WPGraphQL\CardNet\CardNetWooGateway->__construct()
#4 /var/www/html/wp-content/plugins/woocommerce/includes/class-wc-payment-gateways.php(70): WC_Payment_Gateways->init()
#5 /var/www/html/wp-content/plugins/woocommerce/includes/class-wc-payment-gateways.php(43): WC_Payment_Gateways->__construct()
#6 /var/www/html/wp-content/plugin in /var/www/html/wp-content/plugins/wp-grapql-cardnet/src/CardNetWooGateway.php on line 191

2021-08-20T22:39:17+00:00 CRITICAL Uncaught Error: Class 'WPGraphQL\CardNet\Constants' not found in /var/www/html/wp-content/plugins/wp-grapql-cardnet/src/CardNetWooGateway.php:191
Stack trace:
#0 /var/www/html/wp-content/plugins/wp-grapql-cardnet/src/CardNetWooGateway.php(209): WPGraphQL\CardNet\CardNetWooGateway->is_accessing_settings()
#1 /var/www/html/wp-content/plugins/wp-grapql-cardnet/src/CardNetWooGateway.php(98): WPGraphQL\CardNet\CardNetWooGateway->load_shipping_method_options()
#2 /var/www/html/wp-content/plugins/wp-grapql-cardnet/src/CardNetWooGateway.php(27): WPGraphQL\CardNet\CardNetWooGateway->init_form_fields()
#3 /var/www/html/wp-content/plugins/woocommerce/includes/class-wc-payment-gateways.php(94): WPGraphQL\CardNet\CardNetWooGateway->__construct()
#4 /var/www/html/wp-content/plugins/woocommerce/includes/class-wc-payment-gateways.php(70): WC_Payment_Gateways->init()
#5 /var/www/html/wp-content/plugins/woocommerce/includes/class-wc-payment-gateways.php(43): WC_Payment_Gateways->__construct()
#6 /var/www/html/wp-content/plugin in /var/www/html/wp-content/plugins/wp-grapql-cardnet/src/CardNetWooGateway.php on line 191

2021-08-20T22:39:18+00:00 CRITICAL Uncaught Error: Class 'WPGraphQL\CardNet\Constants' not found in /var/www/html/wp-content/plugins/wp-grapql-cardnet/src/CardNetWooGateway.php:191
Stack trace:
#0 /var/www/html/wp-content/plugins/wp-grapql-cardnet/src/CardNetWooGateway.php(209): WPGraphQL\CardNet\CardNetWooGateway->is_accessing_settings()
#1 /var/www/html/wp-content/plugins/wp-grapql-cardnet/src/CardNetWooGateway.php(98): WPGraphQL\CardNet\CardNetWooGateway->load_shipping_method_options()
#2 /var/www/html/wp-content/plugins/wp-grapql-cardnet/src/CardNetWooGateway.php(27): WPGraphQL\CardNet\CardNetWooGateway->init_form_fields()
#3 /var/www/html/wp-content/plugins/woocommerce/includes/class-wc-payment-gateways.php(94): WPGraphQL\CardNet\CardNetWooGateway->__construct()
#4 /var/www/html/wp-content/plugins/woocommerce/includes/class-wc-payment-gateways.php(70): WC_Payment_Gateways->init()
#5 /var/www/html/wp-content/plugins/woocommerce/includes/class-wc-payment-gateways.php(43): WC_Payment_Gateways->__construct()
#6 /var/www/html/wp-content/plugin in /var/www/html/wp-content/plugins/wp-grapql-cardnet/src/CardNetWooGateway.php on line 191

2021-08-20T22:39:18+00:00 CRITICAL Uncaught Error: Class 'WPGraphQL\CardNet\Constants' not found in /var/www/html/wp-content/plugins/wp-grapql-cardnet/src/CardNetWooGateway.php:191
Stack trace:
#0 /var/www/html/wp-content/plugins/wp-grapql-cardnet/src/CardNetWooGateway.php(209): WPGraphQL\CardNet\CardNetWooGateway->is_accessing_settings()
#1 /var/www/html/wp-content/plugins/wp-grapql-cardnet/src/CardNetWooGateway.php(98): WPGraphQL\CardNet\CardNetWooGateway->load_shipping_method_options()
#2 /var/www/html/wp-content/plugins/wp-grapql-cardnet/src/CardNetWooGateway.php(27): WPGraphQL\CardNet\CardNetWooGateway->init_form_fields()
#3 /var/www/html/wp-content/plugins/woocommerce/includes/class-wc-payment-gateways.php(94): WPGraphQL\CardNet\CardNetWooGateway->__construct()
#4 /var/www/html/wp-content/plugins/woocommerce/includes/class-wc-payment-gateways.php(70): WC_Payment_Gateways->init()
#5 /var/www/html/wp-content/plugins/woocommerce/includes/class-wc-payment-gateways.php(43): WC_Payment_Gateways->__construct()
#6 /var/www/html/wp-content/plugin in /var/www/html/wp-content/plugins/wp-grapql-cardnet/src/CardNetWooGateway.php on line 191

2021-08-20T22:39:18+00:00 CRITICAL Uncaught Error: Class 'WPGraphQL\CardNet\Constants' not found in /var/www/html/wp-content/plugins/wp-grapql-cardnet/src/CardNetWooGateway.php:191
Stack trace:
#0 /var/www/html/wp-content/plugins/wp-grapql-cardnet/src/CardNetWooGateway.php(209): WPGraphQL\CardNet\CardNetWooGateway->is_accessing_settings()
#1 /var/www/html/wp-content/plugins/wp-grapql-cardnet/src/CardNetWooGateway.php(98): WPGraphQL\CardNet\CardNetWooGateway->load_shipping_method_options()
#2 /var/www/html/wp-content/plugins/wp-grapql-cardnet/src/CardNetWooGateway.php(27): WPGraphQL\CardNet\CardNetWooGateway->init_form_fields()
#3 /var/www/html/wp-content/plugins/woocommerce/includes/class-wc-payment-gateways.php(94): WPGraphQL\CardNet\CardNetWooGateway->__construct()
#4 /var/www/html/wp-content/plugins/woocommerce/includes/class-wc-payment-gateways.php(70): WC_Payment_Gateways->init()
#5 /var/www/html/wp-content/plugins/woocommerce/includes/class-wc-payment-gateways.php(43): WC_Payment_Gateways->__construct()
#6 /var/www/html/wp-content/plugin in /var/www/html/wp-content/plugins/wp-grapql-cardnet/src/CardNetWooGateway.php on line 191

2021-08-20T22:39:22+00:00 CRITICAL Uncaught Error: Class 'WPGraphQL\CardNet\Constants' not found in /var/www/html/wp-content/plugins/wp-grapql-cardnet/src/CardNetWooGateway.php:191
Stack trace:
#0 /var/www/html/wp-content/plugins/wp-grapql-cardnet/src/CardNetWooGateway.php(209): WPGraphQL\CardNet\CardNetWooGateway->is_accessing_settings()
#1 /var/www/html/wp-content/plugins/wp-grapql-cardnet/src/CardNetWooGateway.php(98): WPGraphQL\CardNet\CardNetWooGateway->load_shipping_method_options()
#2 /var/www/html/wp-content/plugins/wp-grapql-cardnet/src/CardNetWooGateway.php(27): WPGraphQL\CardNet\CardNetWooGateway->init_form_fields()
#3 /var/www/html/wp-content/plugins/woocommerce/includes/class-wc-payment-gateways.php(94): WPGraphQL\CardNet\CardNetWooGateway->__construct()
#4 /var/www/html/wp-content/plugins/woocommerce/includes/class-wc-payment-gateways.php(70): WC_Payment_Gateways->init()
#5 /var/www/html/wp-content/plugins/woocommerce/includes/class-wc-payment-gateways.php(43): WC_Payment_Gateways->__construct()
#6 /var/www/html/wp-content/plugin in /var/www/html/wp-content/plugins/wp-grapql-cardnet/src/CardNetWooGateway.php on line 191

2021-08-20T22:39:22+00:00 CRITICAL Uncaught Error: Class 'WPGraphQL\CardNet\Constants' not found in /var/www/html/wp-content/plugins/wp-grapql-cardnet/src/CardNetWooGateway.php:191
Stack trace:
#0 /var/www/html/wp-content/plugins/wp-grapql-cardnet/src/CardNetWooGateway.php(209): WPGraphQL\CardNet\CardNetWooGateway->is_accessing_settings()
#1 /var/www/html/wp-content/plugins/wp-grapql-cardnet/src/CardNetWooGateway.php(98): WPGraphQL\CardNet\CardNetWooGateway->load_shipping_method_options()
#2 /var/www/html/wp-content/plugins/wp-grapql-cardnet/src/CardNetWooGateway.php(27): WPGraphQL\CardNet\CardNetWooGateway->init_form_fields()
#3 /var/www/html/wp-content/plugins/woocommerce/includes/class-wc-payment-gateways.php(94): WPGraphQL\CardNet\CardNetWooGateway->__construct()
#4 /var/www/html/wp-content/plugins/woocommerce/includes/class-wc-payment-gateways.php(70): WC_Payment_Gateways->init()
#5 /var/www/html/wp-content/plugins/woocommerce/includes/class-wc-payment-gateways.php(43): WC_Payment_Gateways->__construct()
#6 /var/www/html/wp-content/plugin in /var/www/html/wp-content/plugins/wp-grapql-cardnet/src/CardNetWooGateway.php on line 191

2021-08-20T22:39:22+00:00 CRITICAL Uncaught Error: Class 'WPGraphQL\CardNet\Constants' not found in /var/www/html/wp-content/plugins/wp-grapql-cardnet/src/CardNetWooGateway.php:191
Stack trace:
#0 /var/www/html/wp-content/plugins/wp-grapql-cardnet/src/CardNetWooGateway.php(209): WPGraphQL\CardNet\CardNetWooGateway->is_accessing_settings()
#1 /var/www/html/wp-content/plugins/wp-grapql-cardnet/src/CardNetWooGateway.php(98): WPGraphQL\CardNet\CardNetWooGateway->load_shipping_method_options()
#2 /var/www/html/wp-content/plugins/wp-grapql-cardnet/src/CardNetWooGateway.php(27): WPGraphQL\CardNet\CardNetWooGateway->init_form_fields()
#3 /var/www/html/wp-content/plugins/woocommerce/includes/class-wc-payment-gateways.php(94): WPGraphQL\CardNet\CardNetWooGateway->__construct()
#4 /var/www/html/wp-content/plugins/woocommerce/includes/class-wc-payment-gateways.php(70): WC_Payment_Gateways->init()
#5 /var/www/html/wp-content/plugins/woocommerce/includes/class-wc-payment-gateways.php(43): WC_Payment_Gateways->__construct()
#6 /var/www/html/wp-content/plugin in /var/www/html/wp-content/plugins/wp-grapql-cardnet/src/CardNetWooGateway.php on line 191

2021-08-20T22:40:51+00:00 CRITICAL Uncaught Error: Call to undefined method WPGraphQL\CardNet\CardNetWooGateway::load_shipping_method_options() in /var/www/html/wp-content/plugins/wp-grapql-cardnet/src/CardNetWooGateway.php:96
Stack trace:
#0 /var/www/html/wp-content/plugins/wp-grapql-cardnet/src/CardNetWooGateway.php(26): WPGraphQL\CardNet\CardNetWooGateway->init_form_fields()
#1 /var/www/html/wp-content/plugins/woocommerce/includes/class-wc-payment-gateways.php(94): WPGraphQL\CardNet\CardNetWooGateway->__construct()
#2 /var/www/html/wp-content/plugins/woocommerce/includes/class-wc-payment-gateways.php(70): WC_Payment_Gateways->init()
#3 /var/www/html/wp-content/plugins/woocommerce/includes/class-wc-payment-gateways.php(43): WC_Payment_Gateways->__construct()
#4 /var/www/html/wp-content/plugins/woocommerce/includes/class-woocommerce.php(881): WC_Payment_Gateways::instance()
#5 /var/www/html/wp-content/plugins/woocommerce/includes/admin/class-wc-admin-menus.php(93): WooCommerce->payment_gateways()
#6 /var/www/html/wp-includes/class-wp-hook.php in /var/www/html/wp-content/plugins/wp-grapql-cardnet/src/CardNetWooGateway.php on line 96

2021-08-20T22:40:53+00:00 CRITICAL Uncaught Error: Call to undefined method WPGraphQL\CardNet\CardNetWooGateway::load_shipping_method_options() in /var/www/html/wp-content/plugins/wp-grapql-cardnet/src/CardNetWooGateway.php:96
Stack trace:
#0 /var/www/html/wp-content/plugins/wp-grapql-cardnet/src/CardNetWooGateway.php(26): WPGraphQL\CardNet\CardNetWooGateway->init_form_fields()
#1 /var/www/html/wp-content/plugins/woocommerce/includes/class-wc-payment-gateways.php(94): WPGraphQL\CardNet\CardNetWooGateway->__construct()
#2 /var/www/html/wp-content/plugins/woocommerce/includes/class-wc-payment-gateways.php(70): WC_Payment_Gateways->init()
#3 /var/www/html/wp-content/plugins/woocommerce/includes/class-wc-payment-gateways.php(43): WC_Payment_Gateways->__construct()
#4 /var/www/html/wp-content/plugins/woocommerce/includes/class-woocommerce.php(881): WC_Payment_Gateways::instance()
#5 /var/www/html/wp-content/plugins/woocommerce/includes/admin/class-wc-admin-menus.php(93): WooCommerce->payment_gateways()
#6 /var/www/html/wp-includes/class-wp-hook.php in /var/www/html/wp-content/plugins/wp-grapql-cardnet/src/CardNetWooGateway.php on line 96

2021-08-20T23:13:22+00:00 CRITICAL Uncaught Error: Using $this when not in object context in /var/www/html/wp-content/plugins/woocommerce/includes/abstracts/abstract-wc-settings-api.php:281
Stack trace:
#0 /var/www/html/wp-content/plugins/wp-grapql-cardnet/src/CardNetConfig.php(35): WC_Settings_API::get_option('cardnet_demo_ap...')
#1 /var/www/html/wp-includes/class-wp-hook.php(303): WPGraphQL\CardNet\CardNetConfig->add_api_keys_callback('')
#2 /var/www/html/wp-includes/class-wp-hook.php(327): WP_Hook->apply_filters('', Array)
#3 /var/www/html/wp-includes/plugin.php(470): WP_Hook->do_action(Array)
#4 /var/www/html/wp-admin/admin.php(259): do_action('tools_page_card...')
#5 /var/www/html/wp-admin/tools.php(40): require_once('/var/www/html/w...')
#6 {main}
  thrown in /var/www/html/wp-content/plugins/woocommerce/includes/abstracts/abstract-wc-settings-api.php on line 281

2021-08-20T23:14:06+00:00 CRITICAL Uncaught Error: Cannot instantiate abstract class WC_Settings_API in /var/www/html/wp-content/plugins/wp-grapql-cardnet/src/CardNetConfig.php:35
Stack trace:
#0 /var/www/html/wp-includes/class-wp-hook.php(303): WPGraphQL\CardNet\CardNetConfig->add_api_keys_callback('')
#1 /var/www/html/wp-includes/class-wp-hook.php(327): WP_Hook->apply_filters('', Array)
#2 /var/www/html/wp-includes/plugin.php(470): WP_Hook->do_action(Array)
#3 /var/www/html/wp-admin/admin.php(259): do_action('tools_page_card...')
#4 /var/www/html/wp-admin/tools.php(40): require_once('/var/www/html/w...')
#5 {main}
  thrown in /var/www/html/wp-content/plugins/wp-grapql-cardnet/src/CardNetConfig.php on line 35

2021-08-20T23:14:41+00:00 CRITICAL Uncaught Error: Using $this when not in object context in /var/www/html/wp-content/plugins/woocommerce/includes/abstracts/abstract-wc-settings-api.php:281
Stack trace:
#0 /var/www/html/wp-content/plugins/wp-grapql-cardnet/src/CardNetConfig.php(35): WC_Settings_API::get_option('cardnet_demo_ap...')
#1 /var/www/html/wp-includes/class-wp-hook.php(303): WPGraphQL\CardNet\CardNetConfig::add_api_keys_callback('')
#2 /var/www/html/wp-includes/class-wp-hook.php(327): WP_Hook->apply_filters('', Array)
#3 /var/www/html/wp-includes/plugin.php(470): WP_Hook->do_action(Array)
#4 /var/www/html/wp-admin/admin.php(259): do_action('tools_page_card...')
#5 /var/www/html/wp-admin/tools.php(40): require_once('/var/www/html/w...')
#6 {main}
  thrown in /var/www/html/wp-content/plugins/woocommerce/includes/abstracts/abstract-wc-settings-api.php on line 281

2021-08-20T23:33:42+00:00 CRITICAL Uncaught Error: Using $this when not in object context in /var/www/html/wp-content/plugins/woocommerce/includes/abstracts/abstract-wc-settings-api.php:281
Stack trace:
#0 /var/www/html/wp-content/plugins/wp-grapql-cardnet/src/CardNetConfig.php(36): WC_Settings_API::get_option('cardnet_demo_pu...')
#1 /var/www/html/wp-includes/class-wp-hook.php(303): WPGraphQL\CardNet\CardNetConfig->add_api_keys_callback('')
#2 /var/www/html/wp-includes/class-wp-hook.php(327): WP_Hook->apply_filters('', Array)
#3 /var/www/html/wp-includes/plugin.php(470): WP_Hook->do_action(Array)
#4 /var/www/html/wp-admin/admin.php(259): do_action('tools_page_card...')
#5 /var/www/html/wp-admin/tools.php(40): require_once('/var/www/html/w...')
#6 {main}
  thrown in /var/www/html/wp-content/plugins/woocommerce/includes/abstracts/abstract-wc-settings-api.php on line 281

2021-08-20T23:35:22+00:00 CRITICAL Uncaught Error: Using $this when not in object context in /var/www/html/wp-content/plugins/woocommerce/includes/abstracts/abstract-wc-settings-api.php:281
Stack trace:
#0 /var/www/html/wp-content/plugins/wp-grapql-cardnet/src/CardNetConfig.php(36): WC_Settings_API::get_option('cardnet_demo_pu...')
#1 /var/www/html/wp-includes/class-wp-hook.php(303): WPGraphQL\CardNet\CardNetConfig::add_api_keys_callback('')
#2 /var/www/html/wp-includes/class-wp-hook.php(327): WP_Hook->apply_filters('', Array)
#3 /var/www/html/wp-includes/plugin.php(470): WP_Hook->do_action(Array)
#4 /var/www/html/wp-admin/admin.php(259): do_action('tools_page_card...')
#5 /var/www/html/wp-admin/tools.php(40): require_once('/var/www/html/w...')
#6 {main}
  thrown in /var/www/html/wp-content/plugins/woocommerce/includes/abstracts/abstract-wc-settings-api.php on line 281

2021-08-20T23:35:44+00:00 CRITICAL Uncaught Error: Using $this when not in object context in /var/www/html/wp-content/plugins/woocommerce/includes/abstracts/abstract-wc-settings-api.php:281
Stack trace:
#0 /var/www/html/wp-content/plugins/wp-grapql-cardnet/src/CardNetConfig.php(36): WC_Settings_API::get_option('cardnet_demo_pu...')
#1 /var/www/html/wp-includes/class-wp-hook.php(303): WPGraphQL\CardNet\CardNetConfig::add_api_keys_callback('')
#2 /var/www/html/wp-includes/class-wp-hook.php(327): WP_Hook->apply_filters('', Array)
#3 /var/www/html/wp-includes/plugin.php(470): WP_Hook->do_action(Array)
#4 /var/www/html/wp-admin/admin.php(259): do_action('tools_page_card...')
#5 /var/www/html/wp-admin/tools.php(40): require_once('/var/www/html/w...')
#6 {main}
  thrown in /var/www/html/wp-content/plugins/woocommerce/includes/abstracts/abstract-wc-settings-api.php on line 281

2021-08-20T23:36:03+00:00 CRITICAL Uncaught Error: Using $this when not in object context in /var/www/html/wp-content/plugins/woocommerce/includes/abstracts/abstract-wc-settings-api.php:281
Stack trace:
#0 /var/www/html/wp-content/plugins/wp-grapql-cardnet/src/CardNetConfig.php(36): WC_Settings_API::get_option('cardnet_demo_pu...')
#1 /var/www/html/wp-includes/class-wp-hook.php(303): WPGraphQL\CardNet\CardNetConfig::add_api_keys_callback('')
#2 /var/www/html/wp-includes/class-wp-hook.php(327): WP_Hook->apply_filters('', Array)
#3 /var/www/html/wp-includes/plugin.php(470): WP_Hook->do_action(Array)
#4 /var/www/html/wp-admin/admin.php(259): do_action('tools_page_card...')
#5 /var/www/html/wp-admin/tools.php(40): require_once('/var/www/html/w...')
#6 {main}
  thrown in /var/www/html/wp-content/plugins/woocommerce/includes/abstracts/abstract-wc-settings-api.php on line 281

2021-08-20T23:36:58+00:00 CRITICAL Uncaught Error: Cannot instantiate abstract class WC_Settings_API in /var/www/html/wp-content/plugins/wp-grapql-cardnet/src/CardNetConfig.php:35
Stack trace:
#0 /var/www/html/wp-includes/class-wp-hook.php(303): WPGraphQL\CardNet\CardNetConfig::add_api_keys_callback('')
#1 /var/www/html/wp-includes/class-wp-hook.php(327): WP_Hook->apply_filters('', Array)
#2 /var/www/html/wp-includes/plugin.php(470): WP_Hook->do_action(Array)
#3 /var/www/html/wp-admin/admin.php(259): do_action('tools_page_card...')
#4 /var/www/html/wp-admin/tools.php(40): require_once('/var/www/html/w...')
#5 {main}
  thrown in /var/www/html/wp-content/plugins/wp-grapql-cardnet/src/CardNetConfig.php on line 35

2021-08-20T23:37:26+00:00 CRITICAL Uncaught Error: Cannot instantiate abstract class WC_Settings_API in /var/www/html/wp-content/plugins/wp-grapql-cardnet/src/CardNetConfig.php:35
Stack trace:
#0 /var/www/html/wp-includes/class-wp-hook.php(303): WPGraphQL\CardNet\CardNetConfig->add_api_keys_callback('')
#1 /var/www/html/wp-includes/class-wp-hook.php(327): WP_Hook->apply_filters('', Array)
#2 /var/www/html/wp-includes/plugin.php(470): WP_Hook->do_action(Array)
#3 /var/www/html/wp-admin/admin.php(259): do_action('tools_page_card...')
#4 /var/www/html/wp-admin/tools.php(40): require_once('/var/www/html/w...')
#5 {main}
  thrown in /var/www/html/wp-content/plugins/wp-grapql-cardnet/src/CardNetConfig.php on line 35

2021-08-20T23:39:09+00:00 CRITICAL Uncaught Error: Cannot instantiate abstract class WC_Settings_API in /var/www/html/wp-content/plugins/wp-grapql-cardnet/src/CardNetConfig.php:35
Stack trace:
#0 /var/www/html/wp-includes/class-wp-hook.php(303): WPGraphQL\CardNet\CardNetConfig->add_api_keys_callback('')
#1 /var/www/html/wp-includes/class-wp-hook.php(327): WP_Hook->apply_filters('', Array)
#2 /var/www/html/wp-includes/plugin.php(470): WP_Hook->do_action(Array)
#3 /var/www/html/wp-admin/admin.php(259): do_action('tools_page_card...')
#4 /var/www/html/wp-admin/tools.php(40): require_once('/var/www/html/w...')
#5 {main}
  thrown in /var/www/html/wp-content/plugins/wp-grapql-cardnet/src/CardNetConfig.php on line 35

