2021-08-19T00:00:06+00:00 CRITICAL Uncaught Error: Call to undefined method WPGraphQL\CardNet\CardNetCustomer::init() in /var/www/html/wp-content/plugins/wp-grapql-cardnet/wp-graphql-cardnet.php:99
Stack trace:
#0 /var/www/html/wp-content/plugins/wp-grapql-cardnet/wp-graphql-cardnet.php(74): CardNet::init()
#1 /var/www/html/wp-content/plugins/wp-grapql-cardnet/wp-graphql-cardnet.php(115): CardNet::instance()
#2 /var/www/html/wp-includes/class-wp-hook.php(303): init('')
#3 /var/www/html/wp-includes/class-wp-hook.php(327): WP_Hook->apply_filters(NULL, Array)
#4 /var/www/html/wp-includes/plugin.php(470): WP_Hook->do_action(Array)
#5 /var/www/html/wp-settings.php(441): do_action('plugins_loaded')
#6 /var/www/html/wp-config.php(131): require_once('/var/www/html/w...')
#7 /var/www/html/wp-load.php(50): require_once('/var/www/html/w...')
#8 /var/www/html/wp-blog-header.php(13): require_once('/var/www/html/w...')
#9 /var/www/html/index.php(17): require('/var/www/html/w...')
#10 {main}
  thrown in /var/www/html/wp-content/plugins/wp-grapql-cardnet/wp-graphql-cardnet.php on line 99

2021-08-19T00:00:06+00:00 CRITICAL Uncaught Error: Call to undefined method WPGraphQL\CardNet\CardNetCustomer::init() in /var/www/html/wp-content/plugins/wp-grapql-cardnet/wp-graphql-cardnet.php:99
Stack trace:
#0 /var/www/html/wp-content/plugins/wp-grapql-cardnet/wp-graphql-cardnet.php(74): CardNet::init()
#1 /var/www/html/wp-content/plugins/wp-grapql-cardnet/wp-graphql-cardnet.php(115): CardNet::instance()
#2 /var/www/html/wp-includes/class-wp-hook.php(303): init('')
#3 /var/www/html/wp-includes/class-wp-hook.php(327): WP_Hook->apply_filters(NULL, Array)
#4 /var/www/html/wp-includes/plugin.php(470): WP_Hook->do_action(Array)
#5 /var/www/html/wp-settings.php(441): do_action('plugins_loaded')
#6 /var/www/html/wp-config.php(131): require_once('/var/www/html/w...')
#7 /var/www/html/wp-load.php(50): require_once('/var/www/html/w...')
#8 /var/www/html/wp-blog-header.php(13): require_once('/var/www/html/w...')
#9 /var/www/html/index.php(17): require('/var/www/html/w...')
#10 {main}
  thrown in /var/www/html/wp-content/plugins/wp-grapql-cardnet/wp-graphql-cardnet.php on line 99

2021-08-19T00:00:07+00:00 CRITICAL Uncaught Error: Call to undefined method WPGraphQL\CardNet\CardNetCustomer::init() in /var/www/html/wp-content/plugins/wp-grapql-cardnet/wp-graphql-cardnet.php:99
Stack trace:
#0 /var/www/html/wp-content/plugins/wp-grapql-cardnet/wp-graphql-cardnet.php(74): CardNet::init()
#1 /var/www/html/wp-content/plugins/wp-grapql-cardnet/wp-graphql-cardnet.php(115): CardNet::instance()
#2 /var/www/html/wp-includes/class-wp-hook.php(303): init('')
#3 /var/www/html/wp-includes/class-wp-hook.php(327): WP_Hook->apply_filters(NULL, Array)
#4 /var/www/html/wp-includes/plugin.php(470): WP_Hook->do_action(Array)
#5 /var/www/html/wp-settings.php(441): do_action('plugins_loaded')
#6 /var/www/html/wp-config.php(131): require_once('/var/www/html/w...')
#7 /var/www/html/wp-load.php(50): require_once('/var/www/html/w...')
#8 /var/www/html/wp-admin/admin-ajax.php(22): require_once('/var/www/html/w...')
#9 {main}
  thrown in /var/www/html/wp-content/plugins/wp-grapql-cardnet/wp-graphql-cardnet.php on line 99

2021-08-19T00:00:09+00:00 CRITICAL Uncaught Error: Call to undefined method WPGraphQL\CardNet\CardNetCustomer::init() in /var/www/html/wp-content/plugins/wp-grapql-cardnet/wp-graphql-cardnet.php:99
Stack trace:
#0 /var/www/html/wp-content/plugins/wp-grapql-cardnet/wp-graphql-cardnet.php(74): CardNet::init()
#1 /var/www/html/wp-content/plugins/wp-grapql-cardnet/wp-graphql-cardnet.php(115): CardNet::instance()
#2 /var/www/html/wp-includes/class-wp-hook.php(303): init('')
#3 /var/www/html/wp-includes/class-wp-hook.php(327): WP_Hook->apply_filters(NULL, Array)
#4 /var/www/html/wp-includes/plugin.php(470): WP_Hook->do_action(Array)
#5 /var/www/html/wp-settings.php(441): do_action('plugins_loaded')
#6 /var/www/html/wp-config.php(131): require_once('/var/www/html/w...')
#7 /var/www/html/wp-load.php(50): require_once('/var/www/html/w...')
#8 /var/www/html/wp-blog-header.php(13): require_once('/var/www/html/w...')
#9 /var/www/html/index.php(17): require('/var/www/html/w...')
#10 {main}
  thrown in /var/www/html/wp-content/plugins/wp-grapql-cardnet/wp-graphql-cardnet.php on line 99

2021-08-19T00:00:09+00:00 CRITICAL Uncaught Error: Call to undefined method WPGraphQL\CardNet\CardNetCustomer::init() in /var/www/html/wp-content/plugins/wp-grapql-cardnet/wp-graphql-cardnet.php:99
Stack trace:
#0 /var/www/html/wp-content/plugins/wp-grapql-cardnet/wp-graphql-cardnet.php(74): CardNet::init()
#1 /var/www/html/wp-content/plugins/wp-grapql-cardnet/wp-graphql-cardnet.php(115): CardNet::instance()
#2 /var/www/html/wp-includes/class-wp-hook.php(303): init('')
#3 /var/www/html/wp-includes/class-wp-hook.php(327): WP_Hook->apply_filters(NULL, Array)
#4 /var/www/html/wp-includes/plugin.php(470): WP_Hook->do_action(Array)
#5 /var/www/html/wp-settings.php(441): do_action('plugins_loaded')
#6 /var/www/html/wp-config.php(131): require_once('/var/www/html/w...')
#7 /var/www/html/wp-load.php(50): require_once('/var/www/html/w...')
#8 /var/www/html/wp-blog-header.php(13): require_once('/var/www/html/w...')
#9 /var/www/html/index.php(17): require('/var/www/html/w...')
#10 {main}
  thrown in /var/www/html/wp-content/plugins/wp-grapql-cardnet/wp-graphql-cardnet.php on line 99

2021-08-19T00:00:32+00:00 CRITICAL Uncaught Error: Call to undefined method WPGraphQL\CardNet\CardNetCustomer::init() in /var/www/html/wp-content/plugins/wp-grapql-cardnet/wp-graphql-cardnet.php:99
Stack trace:
#0 /var/www/html/wp-content/plugins/wp-grapql-cardnet/wp-graphql-cardnet.php(74): CardNet::init()
#1 /var/www/html/wp-content/plugins/wp-grapql-cardnet/wp-graphql-cardnet.php(115): CardNet::instance()
#2 /var/www/html/wp-includes/class-wp-hook.php(303): init('')
#3 /var/www/html/wp-includes/class-wp-hook.php(327): WP_Hook->apply_filters(NULL, Array)
#4 /var/www/html/wp-includes/plugin.php(470): WP_Hook->do_action(Array)
#5 /var/www/html/wp-settings.php(441): do_action('plugins_loaded')
#6 /var/www/html/wp-config.php(131): require_once('/var/www/html/w...')
#7 /var/www/html/wp-load.php(50): require_once('/var/www/html/w...')
#8 /var/www/html/wp-blog-header.php(13): require_once('/var/www/html/w...')
#9 /var/www/html/index.php(17): require('/var/www/html/w...')
#10 {main}
  thrown in /var/www/html/wp-content/plugins/wp-grapql-cardnet/wp-graphql-cardnet.php on line 99

2021-08-19T00:00:32+00:00 CRITICAL Uncaught Error: Call to undefined method WPGraphQL\CardNet\CardNetCustomer::init() in /var/www/html/wp-content/plugins/wp-grapql-cardnet/wp-graphql-cardnet.php:99
Stack trace:
#0 /var/www/html/wp-content/plugins/wp-grapql-cardnet/wp-graphql-cardnet.php(74): CardNet::init()
#1 /var/www/html/wp-content/plugins/wp-grapql-cardnet/wp-graphql-cardnet.php(115): CardNet::instance()
#2 /var/www/html/wp-includes/class-wp-hook.php(303): init('')
#3 /var/www/html/wp-includes/class-wp-hook.php(327): WP_Hook->apply_filters(NULL, Array)
#4 /var/www/html/wp-includes/plugin.php(470): WP_Hook->do_action(Array)
#5 /var/www/html/wp-settings.php(441): do_action('plugins_loaded')
#6 /var/www/html/wp-config.php(131): require_once('/var/www/html/w...')
#7 /var/www/html/wp-load.php(50): require_once('/var/www/html/w...')
#8 /var/www/html/wp-blog-header.php(13): require_once('/var/www/html/w...')
#9 /var/www/html/index.php(17): require('/var/www/html/w...')
#10 {main}
  thrown in /var/www/html/wp-content/plugins/wp-grapql-cardnet/wp-graphql-cardnet.php on line 99

2021-08-19T00:00:34+00:00 CRITICAL Uncaught Error: Call to undefined method WPGraphQL\CardNet\CardNetCustomer::init() in /var/www/html/wp-content/plugins/wp-grapql-cardnet/wp-graphql-cardnet.php:99
Stack trace:
#0 /var/www/html/wp-content/plugins/wp-grapql-cardnet/wp-graphql-cardnet.php(74): CardNet::init()
#1 /var/www/html/wp-content/plugins/wp-grapql-cardnet/wp-graphql-cardnet.php(115): CardNet::instance()
#2 /var/www/html/wp-includes/class-wp-hook.php(303): init('')
#3 /var/www/html/wp-includes/class-wp-hook.php(327): WP_Hook->apply_filters(NULL, Array)
#4 /var/www/html/wp-includes/plugin.php(470): WP_Hook->do_action(Array)
#5 /var/www/html/wp-settings.php(441): do_action('plugins_loaded')
#6 /var/www/html/wp-config.php(131): require_once('/var/www/html/w...')
#7 /var/www/html/wp-load.php(50): require_once('/var/www/html/w...')
#8 /var/www/html/wp-blog-header.php(13): require_once('/var/www/html/w...')
#9 /var/www/html/index.php(17): require('/var/www/html/w...')
#10 {main}
  thrown in /var/www/html/wp-content/plugins/wp-grapql-cardnet/wp-graphql-cardnet.php on line 99

2021-08-19T00:00:34+00:00 CRITICAL Uncaught Error: Call to undefined method WPGraphQL\CardNet\CardNetCustomer::init() in /var/www/html/wp-content/plugins/wp-grapql-cardnet/wp-graphql-cardnet.php:99
Stack trace:
#0 /var/www/html/wp-content/plugins/wp-grapql-cardnet/wp-graphql-cardnet.php(74): CardNet::init()
#1 /var/www/html/wp-content/plugins/wp-grapql-cardnet/wp-graphql-cardnet.php(115): CardNet::instance()
#2 /var/www/html/wp-includes/class-wp-hook.php(303): init('')
#3 /var/www/html/wp-includes/class-wp-hook.php(327): WP_Hook->apply_filters(NULL, Array)
#4 /var/www/html/wp-includes/plugin.php(470): WP_Hook->do_action(Array)
#5 /var/www/html/wp-settings.php(441): do_action('plugins_loaded')
#6 /var/www/html/wp-config.php(131): require_once('/var/www/html/w...')
#7 /var/www/html/wp-load.php(50): require_once('/var/www/html/w...')
#8 /var/www/html/wp-blog-header.php(13): require_once('/var/www/html/w...')
#9 /var/www/html/index.php(17): require('/var/www/html/w...')
#10 {main}
  thrown in /var/www/html/wp-content/plugins/wp-grapql-cardnet/wp-graphql-cardnet.php on line 99

2021-08-19T00:29:23+00:00 CRITICAL Uncaught Error: Object of class WP_User could not be converted to string in /var/www/html/wp-content/plugins/wp-grapql-cardnet/src/Template/cardnet-theme.php:53
Stack trace:
#0 /var/www/html/wp-content/plugins/wp-grapql-cardnet/src/Template/cardnet-theme.php(102): getUniqueId()
#1 /var/www/html/wp-content/plugins/wp-grapql-cardnet/src/Template/cardnet-theme.php(155): initCardnet()
#2 /var/www/html/wp-includes/template-loader.php(106): include('/var/www/html/w...')
#3 /var/www/html/wp-blog-header.php(19): require_once('/var/www/html/w...')
#4 /var/www/html/index.php(17): require('/var/www/html/w...')
#5 {main}
  thrown in /var/www/html/wp-content/plugins/wp-grapql-cardnet/src/Template/cardnet-theme.php on line 53

2021-08-19T00:29:28+00:00 CRITICAL Uncaught Error: Object of class WP_User could not be converted to string in /var/www/html/wp-content/plugins/wp-grapql-cardnet/src/Template/cardnet-theme.php:53
Stack trace:
#0 /var/www/html/wp-content/plugins/wp-grapql-cardnet/src/Template/cardnet-theme.php(102): getUniqueId()
#1 /var/www/html/wp-content/plugins/wp-grapql-cardnet/src/Template/cardnet-theme.php(155): initCardnet()
#2 /var/www/html/wp-includes/template-loader.php(106): include('/var/www/html/w...')
#3 /var/www/html/wp-blog-header.php(19): require_once('/var/www/html/w...')
#4 /var/www/html/index.php(17): require('/var/www/html/w...')
#5 {main}
  thrown in /var/www/html/wp-content/plugins/wp-grapql-cardnet/src/Template/cardnet-theme.php on line 53

2021-08-19T00:29:50+00:00 CRITICAL Uncaught Error: Object of class WP_User could not be converted to string in /var/www/html/wp-content/plugins/wp-grapql-cardnet/src/Template/cardnet-theme.php:53
Stack trace:
#0 /var/www/html/wp-content/plugins/wp-grapql-cardnet/src/Template/cardnet-theme.php(102): getUniqueId()
#1 /var/www/html/wp-content/plugins/wp-grapql-cardnet/src/Template/cardnet-theme.php(155): initCardnet()
#2 /var/www/html/wp-includes/template-loader.php(106): include('/var/www/html/w...')
#3 /var/www/html/wp-blog-header.php(19): require_once('/var/www/html/w...')
#4 /var/www/html/index.php(17): require('/var/www/html/w...')
#5 {main}
  thrown in /var/www/html/wp-content/plugins/wp-grapql-cardnet/src/Template/cardnet-theme.php on line 53

2021-08-19T00:30:11+00:00 CRITICAL Uncaught Error: Object of class WP_User could not be converted to string in /var/www/html/wp-content/plugins/wp-grapql-cardnet/src/Template/cardnet-theme.php:53
Stack trace:
#0 /var/www/html/wp-content/plugins/wp-grapql-cardnet/src/Template/cardnet-theme.php(102): getUniqueId()
#1 /var/www/html/wp-content/plugins/wp-grapql-cardnet/src/Template/cardnet-theme.php(155): initCardnet()
#2 /var/www/html/wp-includes/template-loader.php(106): include('/var/www/html/w...')
#3 /var/www/html/wp-blog-header.php(19): require_once('/var/www/html/w...')
#4 /var/www/html/index.php(17): require('/var/www/html/w...')
#5 {main}
  thrown in /var/www/html/wp-content/plugins/wp-grapql-cardnet/src/Template/cardnet-theme.php on line 53

2021-08-19T00:31:14+00:00 CRITICAL Uncaught Error: Object of class WP_User could not be converted to string in /var/www/html/wp-content/plugins/wp-grapql-cardnet/src/Template/cardnet-theme.php:156
Stack trace:
#0 /var/www/html/wp-includes/template-loader.php(106): include()
#1 /var/www/html/wp-blog-header.php(19): require_once('/var/www/html/w...')
#2 /var/www/html/index.php(17): require('/var/www/html/w...')
#3 {main}
  thrown in /var/www/html/wp-content/plugins/wp-grapql-cardnet/src/Template/cardnet-theme.php on line 156

2021-08-19T00:33:02+00:00 CRITICAL Uncaught Error: Object of class WP_User could not be converted to string in /var/www/html/wp-content/plugins/wp-grapql-cardnet/src/Template/cardnet-theme.php:156
Stack trace:
#0 /var/www/html/wp-includes/template-loader.php(106): include()
#1 /var/www/html/wp-blog-header.php(19): require_once('/var/www/html/w...')
#2 /var/www/html/index.php(17): require('/var/www/html/w...')
#3 {main}
  thrown in /var/www/html/wp-content/plugins/wp-grapql-cardnet/src/Template/cardnet-theme.php on line 156

2021-08-19T00:33:42+00:00 CRITICAL Uncaught Error: Object of class WP_User could not be converted to string in /var/www/html/wp-content/plugins/wp-grapql-cardnet/src/Template/cardnet-theme.php:156
Stack trace:
#0 /var/www/html/wp-includes/template-loader.php(106): include()
#1 /var/www/html/wp-blog-header.php(19): require_once('/var/www/html/w...')
#2 /var/www/html/index.php(17): require('/var/www/html/w...')
#3 {main}
  thrown in /var/www/html/wp-content/plugins/wp-grapql-cardnet/src/Template/cardnet-theme.php on line 156

2021-08-19T00:34:28+00:00 CRITICAL syntax error, unexpected '}', expecting ';' or ',' in /var/www/html/wp-content/plugins/wp-grapql-cardnet/src/Template/cardnet-theme.php on line 157

2021-08-19T00:52:52+00:00 CRITICAL syntax error, unexpected 'function' (T_FUNCTION) in /var/www/html/wp-content/plugins/wp-grapql-cardnet/src/Template/cardnet-theme.php on line 11

2021-08-19T01:03:33+00:00 CRITICAL require_once(): Failed opening required '../CardNetApi.php' (include_path='.:/usr/local/lib/php') in /var/www/html/wp-content/plugins/wp-grapql-cardnet/src/Template/cardnet-theme.php on line 8

2021-08-19T01:04:21+00:00 CRITICAL require_once(): Failed opening required '/var/www/html/wp-content/plugins/wp-grapql-cardnet/src/Template../CardNetApi.php' (include_path='.:/usr/local/lib/php') in /var/www/html/wp-content/plugins/wp-grapql-cardnet/src/Template/cardnet-theme.php on line 8

2021-08-19T01:05:39+00:00 CRITICAL Uncaught Error: Class 'CardNetApi' not found in /var/www/html/wp-content/plugins/wp-grapql-cardnet/src/Template/cardnet-theme.php:165
Stack trace:
#0 /var/www/html/wp-includes/template-loader.php(106): include()
#1 /var/www/html/wp-blog-header.php(19): require_once('/var/www/html/w...')
#2 /var/www/html/index.php(17): require('/var/www/html/w...')
#3 {main}
  thrown in /var/www/html/wp-content/plugins/wp-grapql-cardnet/src/Template/cardnet-theme.php on line 165

2021-08-19T01:10:21+00:00 CRITICAL Uncaught ArgumentCountError: Too few arguments to function WPGraphQL\CardNet\CardNetApi::add_new_customer(), 0 passed in /var/www/html/wp-content/plugins/wp-grapql-cardnet/src/Template/cardnet-theme.php on line 178 and exactly 1 expected in /var/www/html/wp-content/plugins/wp-grapql-cardnet/src/CardNetApi.php:74
Stack trace:
#0 /var/www/html/wp-content/plugins/wp-grapql-cardnet/src/Template/cardnet-theme.php(178): WPGraphQL\CardNet\CardNetApi->add_new_customer()
#1 /var/www/html/wp-includes/template-loader.php(106): include('/var/www/html/w...')
#2 /var/www/html/wp-blog-header.php(19): require_once('/var/www/html/w...')
#3 /var/www/html/index.php(17): require('/var/www/html/w...')
#4 {main}
  thrown in /var/www/html/wp-content/plugins/wp-grapql-cardnet/src/CardNetApi.php on line 74

2021-08-19T16:46:11+00:00 CRITICAL syntax error, unexpected 'register_cardnet_purchase_fiel' (T_STRING), expecting '(' in /var/www/html/wp-content/plugins/wp-grapql-cardnet/src/CardNetPurchase.php on line 116

