2021-08-11T14:05:28+00:00 CRITICAL Uncaught Error: Class 'WPGraphQL\CardNet\CardNetConfig' not found in /var/www/html/wp-content/plugins/wp-grapql-cardnet/wp-graphql-cardnet.php:112
Stack trace:
#0 /var/www/html/wp-includes/class-wp-hook.php(303): WPGraphQL\CardNet\init('')
#1 /var/www/html/wp-includes/class-wp-hook.php(327): WP_Hook->apply_filters(NULL, Array)
#2 /var/www/html/wp-includes/plugin.php(470): WP_Hook->do_action(Array)
#3 /var/www/html/wp-settings.php(441): do_action('plugins_loaded')
#4 /var/www/html/wp-config.php(131): require_once('/var/www/html/w...')
#5 /var/www/html/wp-load.php(50): require_once('/var/www/html/w...')
#6 /var/www/html/wp-admin/admin-ajax.php(22): require_once('/var/www/html/w...')
#7 {main}
  thrown in /var/www/html/wp-content/plugins/wp-grapql-cardnet/wp-graphql-cardnet.php on line 112

2021-08-11T14:07:28+00:00 CRITICAL Uncaught Error: Class 'WPGraphQL\CardNet\CardNetConfig' not found in /var/www/html/wp-content/plugins/wp-grapql-cardnet/wp-graphql-cardnet.php:112
Stack trace:
#0 /var/www/html/wp-includes/class-wp-hook.php(303): WPGraphQL\CardNet\init('')
#1 /var/www/html/wp-includes/class-wp-hook.php(327): WP_Hook->apply_filters(NULL, Array)
#2 /var/www/html/wp-includes/plugin.php(470): WP_Hook->do_action(Array)
#3 /var/www/html/wp-settings.php(441): do_action('plugins_loaded')
#4 /var/www/html/wp-config.php(131): require_once('/var/www/html/w...')
#5 /var/www/html/wp-load.php(50): require_once('/var/www/html/w...')
#6 /var/www/html/wp-admin/admin-ajax.php(22): require_once('/var/www/html/w...')
#7 {main}
  thrown in /var/www/html/wp-content/plugins/wp-grapql-cardnet/wp-graphql-cardnet.php on line 112

2021-08-11T14:09:30+00:00 CRITICAL Uncaught Error: Class 'WPGraphQL\CardNet\CardNetConfig' not found in /var/www/html/wp-content/plugins/wp-grapql-cardnet/wp-graphql-cardnet.php:112
Stack trace:
#0 /var/www/html/wp-includes/class-wp-hook.php(303): WPGraphQL\CardNet\init('')
#1 /var/www/html/wp-includes/class-wp-hook.php(327): WP_Hook->apply_filters(NULL, Array)
#2 /var/www/html/wp-includes/plugin.php(470): WP_Hook->do_action(Array)
#3 /var/www/html/wp-settings.php(441): do_action('plugins_loaded')
#4 /var/www/html/wp-config.php(131): require_once('/var/www/html/w...')
#5 /var/www/html/wp-load.php(50): require_once('/var/www/html/w...')
#6 /var/www/html/wp-admin/admin-ajax.php(22): require_once('/var/www/html/w...')
#7 {main}
  thrown in /var/www/html/wp-content/plugins/wp-grapql-cardnet/wp-graphql-cardnet.php on line 112

2021-08-11T14:11:30+00:00 CRITICAL Uncaught Error: Class 'WPGraphQL\CardNet\CardNetConfig' not found in /var/www/html/wp-content/plugins/wp-grapql-cardnet/wp-graphql-cardnet.php:112
Stack trace:
#0 /var/www/html/wp-includes/class-wp-hook.php(303): WPGraphQL\CardNet\init('')
#1 /var/www/html/wp-includes/class-wp-hook.php(327): WP_Hook->apply_filters(NULL, Array)
#2 /var/www/html/wp-includes/plugin.php(470): WP_Hook->do_action(Array)
#3 /var/www/html/wp-settings.php(441): do_action('plugins_loaded')
#4 /var/www/html/wp-config.php(131): require_once('/var/www/html/w...')
#5 /var/www/html/wp-load.php(50): require_once('/var/www/html/w...')
#6 /var/www/html/wp-admin/admin-ajax.php(22): require_once('/var/www/html/w...')
#7 {main}
  thrown in /var/www/html/wp-content/plugins/wp-grapql-cardnet/wp-graphql-cardnet.php on line 112

2021-08-11T14:13:31+00:00 CRITICAL Uncaught Error: Class 'WPGraphQL\CardNet\CardNetConfig' not found in /var/www/html/wp-content/plugins/wp-grapql-cardnet/wp-graphql-cardnet.php:112
Stack trace:
#0 /var/www/html/wp-includes/class-wp-hook.php(303): WPGraphQL\CardNet\init('')
#1 /var/www/html/wp-includes/class-wp-hook.php(327): WP_Hook->apply_filters(NULL, Array)
#2 /var/www/html/wp-includes/plugin.php(470): WP_Hook->do_action(Array)
#3 /var/www/html/wp-settings.php(441): do_action('plugins_loaded')
#4 /var/www/html/wp-config.php(131): require_once('/var/www/html/w...')
#5 /var/www/html/wp-load.php(50): require_once('/var/www/html/w...')
#6 /var/www/html/wp-admin/admin-ajax.php(22): require_once('/var/www/html/w...')
#7 {main}
  thrown in /var/www/html/wp-content/plugins/wp-grapql-cardnet/wp-graphql-cardnet.php on line 112

2021-08-11T14:15:32+00:00 CRITICAL Uncaught Error: Class 'WPGraphQL\CardNet\CardNetConfig' not found in /var/www/html/wp-content/plugins/wp-grapql-cardnet/wp-graphql-cardnet.php:112
Stack trace:
#0 /var/www/html/wp-includes/class-wp-hook.php(303): WPGraphQL\CardNet\init('')
#1 /var/www/html/wp-includes/class-wp-hook.php(327): WP_Hook->apply_filters(NULL, Array)
#2 /var/www/html/wp-includes/plugin.php(470): WP_Hook->do_action(Array)
#3 /var/www/html/wp-settings.php(441): do_action('plugins_loaded')
#4 /var/www/html/wp-config.php(131): require_once('/var/www/html/w...')
#5 /var/www/html/wp-load.php(50): require_once('/var/www/html/w...')
#6 /var/www/html/wp-admin/admin-ajax.php(22): require_once('/var/www/html/w...')
#7 {main}
  thrown in /var/www/html/wp-content/plugins/wp-grapql-cardnet/wp-graphql-cardnet.php on line 112

