2021-08-12T02:17:21+00:00 CRITICAL Uncaught Error: Class 'WPGraphQL\CardNet\CardNetConfig' not found in /var/www/html/wp-content/plugins/wp-grapql-cardnet/wp-graphql-cardnet.php:112
Stack trace:
#0 /var/www/html/wp-includes/class-wp-hook.php(303): WPGraphQL\CardNet\init('')
#1 /var/www/html/wp-includes/class-wp-hook.php(327): WP_Hook->apply_filters(NULL, Array)
#2 /var/www/html/wp-includes/plugin.php(470): WP_Hook->do_action(Array)
#3 /var/www/html/wp-settings.php(441): do_action('plugins_loaded')
#4 /var/www/html/wp-config.php(131): require_once('/var/www/html/w...')
#5 /var/www/html/wp-load.php(50): require_once('/var/www/html/w...')
#6 /var/www/html/wp-admin/admin-ajax.php(22): require_once('/var/www/html/w...')
#7 {main}
  thrown in /var/www/html/wp-content/plugins/wp-grapql-cardnet/wp-graphql-cardnet.php on line 112

2021-08-12T02:17:22+00:00 CRITICAL Uncaught Error: Class 'WPGraphQL\CardNet\CardNetConfig' not found in /var/www/html/wp-content/plugins/wp-grapql-cardnet/wp-graphql-cardnet.php:112
Stack trace:
#0 /var/www/html/wp-includes/class-wp-hook.php(303): WPGraphQL\CardNet\init('')
#1 /var/www/html/wp-includes/class-wp-hook.php(327): WP_Hook->apply_filters(NULL, Array)
#2 /var/www/html/wp-includes/plugin.php(470): WP_Hook->do_action(Array)
#3 /var/www/html/wp-settings.php(441): do_action('plugins_loaded')
#4 /var/www/html/wp-config.php(131): require_once('/var/www/html/w...')
#5 /var/www/html/wp-load.php(50): require_once('/var/www/html/w...')
#6 /var/www/html/wp-blog-header.php(13): require_once('/var/www/html/w...')
#7 /var/www/html/index.php(17): require('/var/www/html/w...')
#8 {main}
  thrown in /var/www/html/wp-content/plugins/wp-grapql-cardnet/wp-graphql-cardnet.php on line 112

2021-08-12T02:45:49+00:00 CRITICAL Uncaught Error: Class 'WPGraphQL\CardNet\CarNetCustomer' not found in /var/www/html/wp-content/plugins/wp-grapql-cardnet/wp-graphql-cardnet.php:101
Stack trace:
#0 /var/www/html/wp-content/plugins/wp-grapql-cardnet/wp-graphql-cardnet.php(76): CardNet::init()
#1 /var/www/html/wp-content/plugins/wp-grapql-cardnet/wp-graphql-cardnet.php(115): CardNet::instance()
#2 /var/www/html/wp-includes/class-wp-hook.php(303): init('')
#3 /var/www/html/wp-includes/class-wp-hook.php(327): WP_Hook->apply_filters(NULL, Array)
#4 /var/www/html/wp-includes/plugin.php(470): WP_Hook->do_action(Array)
#5 /var/www/html/wp-settings.php(441): do_action('plugins_loaded')
#6 /var/www/html/wp-config.php(131): require_once('/var/www/html/w...')
#7 /var/www/html/wp-load.php(50): require_once('/var/www/html/w...')
#8 /var/www/html/wp-blog-header.php(13): require_once('/var/www/html/w...')
#9 /var/www/html/index.php(17): require('/var/www/html/w...')
#10 {main}
  thrown in /var/www/html/wp-content/plugins/wp-grapql-cardnet/wp-graphql-cardnet.php on line 101

2021-08-12T12:06:33+00:00 CRITICAL Uncaught Error: Class 'WPGraphQL\CardNet\CarNetCustomer' not found in /var/www/html/wp-content/plugins/wp-grapql-cardnet/wp-graphql-cardnet.php:101
Stack trace:
#0 /var/www/html/wp-content/plugins/wp-grapql-cardnet/wp-graphql-cardnet.php(76): CardNet::init()
#1 /var/www/html/wp-content/plugins/wp-grapql-cardnet/wp-graphql-cardnet.php(115): CardNet::instance()
#2 /var/www/html/wp-includes/class-wp-hook.php(303): init('')
#3 /var/www/html/wp-includes/class-wp-hook.php(327): WP_Hook->apply_filters(NULL, Array)
#4 /var/www/html/wp-includes/plugin.php(470): WP_Hook->do_action(Array)
#5 /var/www/html/wp-settings.php(441): do_action('plugins_loaded')
#6 /var/www/html/wp-config.php(131): require_once('/var/www/html/w...')
#7 /var/www/html/wp-load.php(50): require_once('/var/www/html/w...')
#8 /var/www/html/wp-admin/admin-ajax.php(22): require_once('/var/www/html/w...')
#9 {main}
  thrown in /var/www/html/wp-content/plugins/wp-grapql-cardnet/wp-graphql-cardnet.php on line 101

2021-08-12T12:08:34+00:00 CRITICAL Uncaught Error: Class 'WPGraphQL\CardNet\CarNetCustomer' not found in /var/www/html/wp-content/plugins/wp-grapql-cardnet/wp-graphql-cardnet.php:101
Stack trace:
#0 /var/www/html/wp-content/plugins/wp-grapql-cardnet/wp-graphql-cardnet.php(76): CardNet::init()
#1 /var/www/html/wp-content/plugins/wp-grapql-cardnet/wp-graphql-cardnet.php(115): CardNet::instance()
#2 /var/www/html/wp-includes/class-wp-hook.php(303): init('')
#3 /var/www/html/wp-includes/class-wp-hook.php(327): WP_Hook->apply_filters(NULL, Array)
#4 /var/www/html/wp-includes/plugin.php(470): WP_Hook->do_action(Array)
#5 /var/www/html/wp-settings.php(441): do_action('plugins_loaded')
#6 /var/www/html/wp-config.php(131): require_once('/var/www/html/w...')
#7 /var/www/html/wp-load.php(50): require_once('/var/www/html/w...')
#8 /var/www/html/wp-admin/admin-ajax.php(22): require_once('/var/www/html/w...')
#9 {main}
  thrown in /var/www/html/wp-content/plugins/wp-grapql-cardnet/wp-graphql-cardnet.php on line 101

2021-08-12T12:10:34+00:00 CRITICAL Uncaught Error: Class 'WPGraphQL\CardNet\CarNetCustomer' not found in /var/www/html/wp-content/plugins/wp-grapql-cardnet/wp-graphql-cardnet.php:101
Stack trace:
#0 /var/www/html/wp-content/plugins/wp-grapql-cardnet/wp-graphql-cardnet.php(76): CardNet::init()
#1 /var/www/html/wp-content/plugins/wp-grapql-cardnet/wp-graphql-cardnet.php(115): CardNet::instance()
#2 /var/www/html/wp-includes/class-wp-hook.php(303): init('')
#3 /var/www/html/wp-includes/class-wp-hook.php(327): WP_Hook->apply_filters(NULL, Array)
#4 /var/www/html/wp-includes/plugin.php(470): WP_Hook->do_action(Array)
#5 /var/www/html/wp-settings.php(441): do_action('plugins_loaded')
#6 /var/www/html/wp-config.php(131): require_once('/var/www/html/w...')
#7 /var/www/html/wp-load.php(50): require_once('/var/www/html/w...')
#8 /var/www/html/wp-admin/admin-ajax.php(22): require_once('/var/www/html/w...')
#9 {main}
  thrown in /var/www/html/wp-content/plugins/wp-grapql-cardnet/wp-graphql-cardnet.php on line 101

2021-08-12T12:12:35+00:00 CRITICAL Uncaught Error: Class 'WPGraphQL\CardNet\CarNetCustomer' not found in /var/www/html/wp-content/plugins/wp-grapql-cardnet/wp-graphql-cardnet.php:101
Stack trace:
#0 /var/www/html/wp-content/plugins/wp-grapql-cardnet/wp-graphql-cardnet.php(76): CardNet::init()
#1 /var/www/html/wp-content/plugins/wp-grapql-cardnet/wp-graphql-cardnet.php(115): CardNet::instance()
#2 /var/www/html/wp-includes/class-wp-hook.php(303): init('')
#3 /var/www/html/wp-includes/class-wp-hook.php(327): WP_Hook->apply_filters(NULL, Array)
#4 /var/www/html/wp-includes/plugin.php(470): WP_Hook->do_action(Array)
#5 /var/www/html/wp-settings.php(441): do_action('plugins_loaded')
#6 /var/www/html/wp-config.php(131): require_once('/var/www/html/w...')
#7 /var/www/html/wp-load.php(50): require_once('/var/www/html/w...')
#8 /var/www/html/wp-admin/admin-ajax.php(22): require_once('/var/www/html/w...')
#9 {main}
  thrown in /var/www/html/wp-content/plugins/wp-grapql-cardnet/wp-graphql-cardnet.php on line 101

2021-08-12T12:14:36+00:00 CRITICAL Uncaught Error: Class 'WPGraphQL\CardNet\CarNetCustomer' not found in /var/www/html/wp-content/plugins/wp-grapql-cardnet/wp-graphql-cardnet.php:101
Stack trace:
#0 /var/www/html/wp-content/plugins/wp-grapql-cardnet/wp-graphql-cardnet.php(76): CardNet::init()
#1 /var/www/html/wp-content/plugins/wp-grapql-cardnet/wp-graphql-cardnet.php(115): CardNet::instance()
#2 /var/www/html/wp-includes/class-wp-hook.php(303): init('')
#3 /var/www/html/wp-includes/class-wp-hook.php(327): WP_Hook->apply_filters(NULL, Array)
#4 /var/www/html/wp-includes/plugin.php(470): WP_Hook->do_action(Array)
#5 /var/www/html/wp-settings.php(441): do_action('plugins_loaded')
#6 /var/www/html/wp-config.php(131): require_once('/var/www/html/w...')
#7 /var/www/html/wp-load.php(50): require_once('/var/www/html/w...')
#8 /var/www/html/wp-admin/admin-ajax.php(22): require_once('/var/www/html/w...')
#9 {main}
  thrown in /var/www/html/wp-content/plugins/wp-grapql-cardnet/wp-graphql-cardnet.php on line 101

2021-08-12T12:16:36+00:00 CRITICAL Uncaught Error: Class 'WPGraphQL\CardNet\CarNetCustomer' not found in /var/www/html/wp-content/plugins/wp-grapql-cardnet/wp-graphql-cardnet.php:101
Stack trace:
#0 /var/www/html/wp-content/plugins/wp-grapql-cardnet/wp-graphql-cardnet.php(76): CardNet::init()
#1 /var/www/html/wp-content/plugins/wp-grapql-cardnet/wp-graphql-cardnet.php(115): CardNet::instance()
#2 /var/www/html/wp-includes/class-wp-hook.php(303): init('')
#3 /var/www/html/wp-includes/class-wp-hook.php(327): WP_Hook->apply_filters(NULL, Array)
#4 /var/www/html/wp-includes/plugin.php(470): WP_Hook->do_action(Array)
#5 /var/www/html/wp-settings.php(441): do_action('plugins_loaded')
#6 /var/www/html/wp-config.php(131): require_once('/var/www/html/w...')
#7 /var/www/html/wp-load.php(50): require_once('/var/www/html/w...')
#8 /var/www/html/wp-admin/admin-ajax.php(22): require_once('/var/www/html/w...')
#9 {main}
  thrown in /var/www/html/wp-content/plugins/wp-grapql-cardnet/wp-graphql-cardnet.php on line 101

2021-08-12T12:18:36+00:00 CRITICAL Uncaught Error: Class 'WPGraphQL\CardNet\CarNetCustomer' not found in /var/www/html/wp-content/plugins/wp-grapql-cardnet/wp-graphql-cardnet.php:101
Stack trace:
#0 /var/www/html/wp-content/plugins/wp-grapql-cardnet/wp-graphql-cardnet.php(76): CardNet::init()
#1 /var/www/html/wp-content/plugins/wp-grapql-cardnet/wp-graphql-cardnet.php(115): CardNet::instance()
#2 /var/www/html/wp-includes/class-wp-hook.php(303): init('')
#3 /var/www/html/wp-includes/class-wp-hook.php(327): WP_Hook->apply_filters(NULL, Array)
#4 /var/www/html/wp-includes/plugin.php(470): WP_Hook->do_action(Array)
#5 /var/www/html/wp-settings.php(441): do_action('plugins_loaded')
#6 /var/www/html/wp-config.php(131): require_once('/var/www/html/w...')
#7 /var/www/html/wp-load.php(50): require_once('/var/www/html/w...')
#8 /var/www/html/wp-admin/admin-ajax.php(22): require_once('/var/www/html/w...')
#9 {main}
  thrown in /var/www/html/wp-content/plugins/wp-grapql-cardnet/wp-graphql-cardnet.php on line 101

2021-08-12T12:20:37+00:00 CRITICAL Uncaught Error: Class 'WPGraphQL\CardNet\CarNetCustomer' not found in /var/www/html/wp-content/plugins/wp-grapql-cardnet/wp-graphql-cardnet.php:101
Stack trace:
#0 /var/www/html/wp-content/plugins/wp-grapql-cardnet/wp-graphql-cardnet.php(76): CardNet::init()
#1 /var/www/html/wp-content/plugins/wp-grapql-cardnet/wp-graphql-cardnet.php(115): CardNet::instance()
#2 /var/www/html/wp-includes/class-wp-hook.php(303): init('')
#3 /var/www/html/wp-includes/class-wp-hook.php(327): WP_Hook->apply_filters(NULL, Array)
#4 /var/www/html/wp-includes/plugin.php(470): WP_Hook->do_action(Array)
#5 /var/www/html/wp-settings.php(441): do_action('plugins_loaded')
#6 /var/www/html/wp-config.php(131): require_once('/var/www/html/w...')
#7 /var/www/html/wp-load.php(50): require_once('/var/www/html/w...')
#8 /var/www/html/wp-admin/admin-ajax.php(22): require_once('/var/www/html/w...')
#9 {main}
  thrown in /var/www/html/wp-content/plugins/wp-grapql-cardnet/wp-graphql-cardnet.php on line 101

2021-08-12T12:22:38+00:00 CRITICAL Uncaught Error: Class 'WPGraphQL\CardNet\CarNetCustomer' not found in /var/www/html/wp-content/plugins/wp-grapql-cardnet/wp-graphql-cardnet.php:101
Stack trace:
#0 /var/www/html/wp-content/plugins/wp-grapql-cardnet/wp-graphql-cardnet.php(76): CardNet::init()
#1 /var/www/html/wp-content/plugins/wp-grapql-cardnet/wp-graphql-cardnet.php(115): CardNet::instance()
#2 /var/www/html/wp-includes/class-wp-hook.php(303): init('')
#3 /var/www/html/wp-includes/class-wp-hook.php(327): WP_Hook->apply_filters(NULL, Array)
#4 /var/www/html/wp-includes/plugin.php(470): WP_Hook->do_action(Array)
#5 /var/www/html/wp-settings.php(441): do_action('plugins_loaded')
#6 /var/www/html/wp-config.php(131): require_once('/var/www/html/w...')
#7 /var/www/html/wp-load.php(50): require_once('/var/www/html/w...')
#8 /var/www/html/wp-admin/admin-ajax.php(22): require_once('/var/www/html/w...')
#9 {main}
  thrown in /var/www/html/wp-content/plugins/wp-grapql-cardnet/wp-graphql-cardnet.php on line 101

2021-08-12T12:24:39+00:00 CRITICAL Uncaught Error: Class 'WPGraphQL\CardNet\CarNetCustomer' not found in /var/www/html/wp-content/plugins/wp-grapql-cardnet/wp-graphql-cardnet.php:101
Stack trace:
#0 /var/www/html/wp-content/plugins/wp-grapql-cardnet/wp-graphql-cardnet.php(76): CardNet::init()
#1 /var/www/html/wp-content/plugins/wp-grapql-cardnet/wp-graphql-cardnet.php(115): CardNet::instance()
#2 /var/www/html/wp-includes/class-wp-hook.php(303): init('')
#3 /var/www/html/wp-includes/class-wp-hook.php(327): WP_Hook->apply_filters(NULL, Array)
#4 /var/www/html/wp-includes/plugin.php(470): WP_Hook->do_action(Array)
#5 /var/www/html/wp-settings.php(441): do_action('plugins_loaded')
#6 /var/www/html/wp-config.php(131): require_once('/var/www/html/w...')
#7 /var/www/html/wp-load.php(50): require_once('/var/www/html/w...')
#8 /var/www/html/wp-admin/admin-ajax.php(22): require_once('/var/www/html/w...')
#9 {main}
  thrown in /var/www/html/wp-content/plugins/wp-grapql-cardnet/wp-graphql-cardnet.php on line 101

2021-08-12T12:26:40+00:00 CRITICAL Uncaught Error: Class 'WPGraphQL\CardNet\CarNetCustomer' not found in /var/www/html/wp-content/plugins/wp-grapql-cardnet/wp-graphql-cardnet.php:101
Stack trace:
#0 /var/www/html/wp-content/plugins/wp-grapql-cardnet/wp-graphql-cardnet.php(76): CardNet::init()
#1 /var/www/html/wp-content/plugins/wp-grapql-cardnet/wp-graphql-cardnet.php(115): CardNet::instance()
#2 /var/www/html/wp-includes/class-wp-hook.php(303): init('')
#3 /var/www/html/wp-includes/class-wp-hook.php(327): WP_Hook->apply_filters(NULL, Array)
#4 /var/www/html/wp-includes/plugin.php(470): WP_Hook->do_action(Array)
#5 /var/www/html/wp-settings.php(441): do_action('plugins_loaded')
#6 /var/www/html/wp-config.php(131): require_once('/var/www/html/w...')
#7 /var/www/html/wp-load.php(50): require_once('/var/www/html/w...')
#8 /var/www/html/wp-admin/admin-ajax.php(22): require_once('/var/www/html/w...')
#9 {main}
  thrown in /var/www/html/wp-content/plugins/wp-grapql-cardnet/wp-graphql-cardnet.php on line 101

2021-08-12T12:28:41+00:00 CRITICAL Uncaught Error: Class 'WPGraphQL\CardNet\CarNetCustomer' not found in /var/www/html/wp-content/plugins/wp-grapql-cardnet/wp-graphql-cardnet.php:101
Stack trace:
#0 /var/www/html/wp-content/plugins/wp-grapql-cardnet/wp-graphql-cardnet.php(76): CardNet::init()
#1 /var/www/html/wp-content/plugins/wp-grapql-cardnet/wp-graphql-cardnet.php(115): CardNet::instance()
#2 /var/www/html/wp-includes/class-wp-hook.php(303): init('')
#3 /var/www/html/wp-includes/class-wp-hook.php(327): WP_Hook->apply_filters(NULL, Array)
#4 /var/www/html/wp-includes/plugin.php(470): WP_Hook->do_action(Array)
#5 /var/www/html/wp-settings.php(441): do_action('plugins_loaded')
#6 /var/www/html/wp-config.php(131): require_once('/var/www/html/w...')
#7 /var/www/html/wp-load.php(50): require_once('/var/www/html/w...')
#8 /var/www/html/wp-admin/admin-ajax.php(22): require_once('/var/www/html/w...')
#9 {main}
  thrown in /var/www/html/wp-content/plugins/wp-grapql-cardnet/wp-graphql-cardnet.php on line 101

2021-08-12T14:31:55+00:00 CRITICAL Uncaught Error: Class 'WPGraphQL\CardNet\CarNetCustomer' not found in /var/www/html/wp-content/plugins/wp-grapql-cardnet/wp-graphql-cardnet.php:101
Stack trace:
#0 /var/www/html/wp-content/plugins/wp-grapql-cardnet/wp-graphql-cardnet.php(76): CardNet::init()
#1 /var/www/html/wp-content/plugins/wp-grapql-cardnet/wp-graphql-cardnet.php(115): CardNet::instance()
#2 /var/www/html/wp-includes/class-wp-hook.php(303): init('')
#3 /var/www/html/wp-includes/class-wp-hook.php(327): WP_Hook->apply_filters(NULL, Array)
#4 /var/www/html/wp-includes/plugin.php(470): WP_Hook->do_action(Array)
#5 /var/www/html/wp-settings.php(441): do_action('plugins_loaded')
#6 /var/www/html/wp-config.php(131): require_once('/var/www/html/w...')
#7 /var/www/html/wp-load.php(50): require_once('/var/www/html/w...')
#8 /var/www/html/wp-admin/admin-ajax.php(22): require_once('/var/www/html/w...')
#9 {main}
  thrown in /var/www/html/wp-content/plugins/wp-grapql-cardnet/wp-graphql-cardnet.php on line 101

2021-08-12T14:33:56+00:00 CRITICAL Uncaught Error: Class 'WPGraphQL\CardNet\CarNetCustomer' not found in /var/www/html/wp-content/plugins/wp-grapql-cardnet/wp-graphql-cardnet.php:101
Stack trace:
#0 /var/www/html/wp-content/plugins/wp-grapql-cardnet/wp-graphql-cardnet.php(76): CardNet::init()
#1 /var/www/html/wp-content/plugins/wp-grapql-cardnet/wp-graphql-cardnet.php(115): CardNet::instance()
#2 /var/www/html/wp-includes/class-wp-hook.php(303): init('')
#3 /var/www/html/wp-includes/class-wp-hook.php(327): WP_Hook->apply_filters(NULL, Array)
#4 /var/www/html/wp-includes/plugin.php(470): WP_Hook->do_action(Array)
#5 /var/www/html/wp-settings.php(441): do_action('plugins_loaded')
#6 /var/www/html/wp-config.php(131): require_once('/var/www/html/w...')
#7 /var/www/html/wp-load.php(50): require_once('/var/www/html/w...')
#8 /var/www/html/wp-admin/admin-ajax.php(22): require_once('/var/www/html/w...')
#9 {main}
  thrown in /var/www/html/wp-content/plugins/wp-grapql-cardnet/wp-graphql-cardnet.php on line 101

2021-08-12T15:36:22+00:00 CRITICAL Uncaught Error: Class 'WPGraphQL\CardNet\CarNetCustomer' not found in /var/www/html/wp-content/plugins/wp-grapql-cardnet/wp-graphql-cardnet.php:101
Stack trace:
#0 /var/www/html/wp-content/plugins/wp-grapql-cardnet/wp-graphql-cardnet.php(76): CardNet::init()
#1 /var/www/html/wp-content/plugins/wp-grapql-cardnet/wp-graphql-cardnet.php(115): CardNet::instance()
#2 /var/www/html/wp-includes/class-wp-hook.php(303): init('')
#3 /var/www/html/wp-includes/class-wp-hook.php(327): WP_Hook->apply_filters(NULL, Array)
#4 /var/www/html/wp-includes/plugin.php(470): WP_Hook->do_action(Array)
#5 /var/www/html/wp-settings.php(441): do_action('plugins_loaded')
#6 /var/www/html/wp-config.php(131): require_once('/var/www/html/w...')
#7 /var/www/html/wp-load.php(50): require_once('/var/www/html/w...')
#8 /var/www/html/wp-admin/admin-ajax.php(22): require_once('/var/www/html/w...')
#9 {main}
  thrown in /var/www/html/wp-content/plugins/wp-grapql-cardnet/wp-graphql-cardnet.php on line 101

2021-08-12T15:38:24+00:00 CRITICAL Uncaught Error: Class 'WPGraphQL\CardNet\CarNetCustomer' not found in /var/www/html/wp-content/plugins/wp-grapql-cardnet/wp-graphql-cardnet.php:101
Stack trace:
#0 /var/www/html/wp-content/plugins/wp-grapql-cardnet/wp-graphql-cardnet.php(76): CardNet::init()
#1 /var/www/html/wp-content/plugins/wp-grapql-cardnet/wp-graphql-cardnet.php(115): CardNet::instance()
#2 /var/www/html/wp-includes/class-wp-hook.php(303): init('')
#3 /var/www/html/wp-includes/class-wp-hook.php(327): WP_Hook->apply_filters(NULL, Array)
#4 /var/www/html/wp-includes/plugin.php(470): WP_Hook->do_action(Array)
#5 /var/www/html/wp-settings.php(441): do_action('plugins_loaded')
#6 /var/www/html/wp-config.php(131): require_once('/var/www/html/w...')
#7 /var/www/html/wp-load.php(50): require_once('/var/www/html/w...')
#8 /var/www/html/wp-admin/admin-ajax.php(22): require_once('/var/www/html/w...')
#9 {main}
  thrown in /var/www/html/wp-content/plugins/wp-grapql-cardnet/wp-graphql-cardnet.php on line 101

2021-08-12T15:40:25+00:00 CRITICAL Uncaught Error: Class 'WPGraphQL\CardNet\CarNetCustomer' not found in /var/www/html/wp-content/plugins/wp-grapql-cardnet/wp-graphql-cardnet.php:101
Stack trace:
#0 /var/www/html/wp-content/plugins/wp-grapql-cardnet/wp-graphql-cardnet.php(76): CardNet::init()
#1 /var/www/html/wp-content/plugins/wp-grapql-cardnet/wp-graphql-cardnet.php(115): CardNet::instance()
#2 /var/www/html/wp-includes/class-wp-hook.php(303): init('')
#3 /var/www/html/wp-includes/class-wp-hook.php(327): WP_Hook->apply_filters(NULL, Array)
#4 /var/www/html/wp-includes/plugin.php(470): WP_Hook->do_action(Array)
#5 /var/www/html/wp-settings.php(441): do_action('plugins_loaded')
#6 /var/www/html/wp-config.php(131): require_once('/var/www/html/w...')
#7 /var/www/html/wp-load.php(50): require_once('/var/www/html/w...')
#8 /var/www/html/wp-admin/admin-ajax.php(22): require_once('/var/www/html/w...')
#9 {main}
  thrown in /var/www/html/wp-content/plugins/wp-grapql-cardnet/wp-graphql-cardnet.php on line 101

2021-08-12T18:43:52+00:00 CRITICAL Uncaught Error: Class 'WPGraphQL\CardNet\CarNetCustomer' not found in /var/www/html/wp-content/plugins/wp-grapql-cardnet/wp-graphql-cardnet.php:101
Stack trace:
#0 /var/www/html/wp-content/plugins/wp-grapql-cardnet/wp-graphql-cardnet.php(76): CardNet::init()
#1 /var/www/html/wp-content/plugins/wp-grapql-cardnet/wp-graphql-cardnet.php(115): CardNet::instance()
#2 /var/www/html/wp-includes/class-wp-hook.php(303): init('')
#3 /var/www/html/wp-includes/class-wp-hook.php(327): WP_Hook->apply_filters(NULL, Array)
#4 /var/www/html/wp-includes/plugin.php(470): WP_Hook->do_action(Array)
#5 /var/www/html/wp-settings.php(441): do_action('plugins_loaded')
#6 /var/www/html/wp-config.php(131): require_once('/var/www/html/w...')
#7 /var/www/html/wp-load.php(50): require_once('/var/www/html/w...')
#8 /var/www/html/wp-admin/admin-ajax.php(22): require_once('/var/www/html/w...')
#9 {main}
  thrown in /var/www/html/wp-content/plugins/wp-grapql-cardnet/wp-graphql-cardnet.php on line 101

2021-08-12T18:45:52+00:00 CRITICAL Uncaught Error: Class 'WPGraphQL\CardNet\CarNetCustomer' not found in /var/www/html/wp-content/plugins/wp-grapql-cardnet/wp-graphql-cardnet.php:101
Stack trace:
#0 /var/www/html/wp-content/plugins/wp-grapql-cardnet/wp-graphql-cardnet.php(76): CardNet::init()
#1 /var/www/html/wp-content/plugins/wp-grapql-cardnet/wp-graphql-cardnet.php(115): CardNet::instance()
#2 /var/www/html/wp-includes/class-wp-hook.php(303): init('')
#3 /var/www/html/wp-includes/class-wp-hook.php(327): WP_Hook->apply_filters(NULL, Array)
#4 /var/www/html/wp-includes/plugin.php(470): WP_Hook->do_action(Array)
#5 /var/www/html/wp-settings.php(441): do_action('plugins_loaded')
#6 /var/www/html/wp-config.php(131): require_once('/var/www/html/w...')
#7 /var/www/html/wp-load.php(50): require_once('/var/www/html/w...')
#8 /var/www/html/wp-admin/admin-ajax.php(22): require_once('/var/www/html/w...')
#9 {main}
  thrown in /var/www/html/wp-content/plugins/wp-grapql-cardnet/wp-graphql-cardnet.php on line 101

2021-08-12T18:47:52+00:00 CRITICAL Uncaught Error: Class 'WPGraphQL\CardNet\CarNetCustomer' not found in /var/www/html/wp-content/plugins/wp-grapql-cardnet/wp-graphql-cardnet.php:101
Stack trace:
#0 /var/www/html/wp-content/plugins/wp-grapql-cardnet/wp-graphql-cardnet.php(76): CardNet::init()
#1 /var/www/html/wp-content/plugins/wp-grapql-cardnet/wp-graphql-cardnet.php(115): CardNet::instance()
#2 /var/www/html/wp-includes/class-wp-hook.php(303): init('')
#3 /var/www/html/wp-includes/class-wp-hook.php(327): WP_Hook->apply_filters(NULL, Array)
#4 /var/www/html/wp-includes/plugin.php(470): WP_Hook->do_action(Array)
#5 /var/www/html/wp-settings.php(441): do_action('plugins_loaded')
#6 /var/www/html/wp-config.php(131): require_once('/var/www/html/w...')
#7 /var/www/html/wp-load.php(50): require_once('/var/www/html/w...')
#8 /var/www/html/wp-admin/admin-ajax.php(22): require_once('/var/www/html/w...')
#9 {main}
  thrown in /var/www/html/wp-content/plugins/wp-grapql-cardnet/wp-graphql-cardnet.php on line 101

2021-08-12T18:49:53+00:00 CRITICAL Uncaught Error: Class 'WPGraphQL\CardNet\CarNetCustomer' not found in /var/www/html/wp-content/plugins/wp-grapql-cardnet/wp-graphql-cardnet.php:101
Stack trace:
#0 /var/www/html/wp-content/plugins/wp-grapql-cardnet/wp-graphql-cardnet.php(76): CardNet::init()
#1 /var/www/html/wp-content/plugins/wp-grapql-cardnet/wp-graphql-cardnet.php(115): CardNet::instance()
#2 /var/www/html/wp-includes/class-wp-hook.php(303): init('')
#3 /var/www/html/wp-includes/class-wp-hook.php(327): WP_Hook->apply_filters(NULL, Array)
#4 /var/www/html/wp-includes/plugin.php(470): WP_Hook->do_action(Array)
#5 /var/www/html/wp-settings.php(441): do_action('plugins_loaded')
#6 /var/www/html/wp-config.php(131): require_once('/var/www/html/w...')
#7 /var/www/html/wp-load.php(50): require_once('/var/www/html/w...')
#8 /var/www/html/wp-admin/admin-ajax.php(22): require_once('/var/www/html/w...')
#9 {main}
  thrown in /var/www/html/wp-content/plugins/wp-grapql-cardnet/wp-graphql-cardnet.php on line 101

2021-08-12T18:51:53+00:00 CRITICAL Uncaught Error: Class 'WPGraphQL\CardNet\CarNetCustomer' not found in /var/www/html/wp-content/plugins/wp-grapql-cardnet/wp-graphql-cardnet.php:101
Stack trace:
#0 /var/www/html/wp-content/plugins/wp-grapql-cardnet/wp-graphql-cardnet.php(76): CardNet::init()
#1 /var/www/html/wp-content/plugins/wp-grapql-cardnet/wp-graphql-cardnet.php(115): CardNet::instance()
#2 /var/www/html/wp-includes/class-wp-hook.php(303): init('')
#3 /var/www/html/wp-includes/class-wp-hook.php(327): WP_Hook->apply_filters(NULL, Array)
#4 /var/www/html/wp-includes/plugin.php(470): WP_Hook->do_action(Array)
#5 /var/www/html/wp-settings.php(441): do_action('plugins_loaded')
#6 /var/www/html/wp-config.php(131): require_once('/var/www/html/w...')
#7 /var/www/html/wp-load.php(50): require_once('/var/www/html/w...')
#8 /var/www/html/wp-admin/admin-ajax.php(22): require_once('/var/www/html/w...')
#9 {main}
  thrown in /var/www/html/wp-content/plugins/wp-grapql-cardnet/wp-graphql-cardnet.php on line 101

2021-08-12T18:53:53+00:00 CRITICAL Uncaught Error: Class 'WPGraphQL\CardNet\CarNetCustomer' not found in /var/www/html/wp-content/plugins/wp-grapql-cardnet/wp-graphql-cardnet.php:101
Stack trace:
#0 /var/www/html/wp-content/plugins/wp-grapql-cardnet/wp-graphql-cardnet.php(76): CardNet::init()
#1 /var/www/html/wp-content/plugins/wp-grapql-cardnet/wp-graphql-cardnet.php(115): CardNet::instance()
#2 /var/www/html/wp-includes/class-wp-hook.php(303): init('')
#3 /var/www/html/wp-includes/class-wp-hook.php(327): WP_Hook->apply_filters(NULL, Array)
#4 /var/www/html/wp-includes/plugin.php(470): WP_Hook->do_action(Array)
#5 /var/www/html/wp-settings.php(441): do_action('plugins_loaded')
#6 /var/www/html/wp-config.php(131): require_once('/var/www/html/w...')
#7 /var/www/html/wp-load.php(50): require_once('/var/www/html/w...')
#8 /var/www/html/wp-admin/admin-ajax.php(22): require_once('/var/www/html/w...')
#9 {main}
  thrown in /var/www/html/wp-content/plugins/wp-grapql-cardnet/wp-graphql-cardnet.php on line 101

2021-08-12T18:55:53+00:00 CRITICAL Uncaught Error: Class 'WPGraphQL\CardNet\CarNetCustomer' not found in /var/www/html/wp-content/plugins/wp-grapql-cardnet/wp-graphql-cardnet.php:101
Stack trace:
#0 /var/www/html/wp-content/plugins/wp-grapql-cardnet/wp-graphql-cardnet.php(76): CardNet::init()
#1 /var/www/html/wp-content/plugins/wp-grapql-cardnet/wp-graphql-cardnet.php(115): CardNet::instance()
#2 /var/www/html/wp-includes/class-wp-hook.php(303): init('')
#3 /var/www/html/wp-includes/class-wp-hook.php(327): WP_Hook->apply_filters(NULL, Array)
#4 /var/www/html/wp-includes/plugin.php(470): WP_Hook->do_action(Array)
#5 /var/www/html/wp-settings.php(441): do_action('plugins_loaded')
#6 /var/www/html/wp-config.php(131): require_once('/var/www/html/w...')
#7 /var/www/html/wp-load.php(50): require_once('/var/www/html/w...')
#8 /var/www/html/wp-admin/admin-ajax.php(22): require_once('/var/www/html/w...')
#9 {main}
  thrown in /var/www/html/wp-content/plugins/wp-grapql-cardnet/wp-graphql-cardnet.php on line 101

2021-08-12T19:58:28+00:00 CRITICAL Uncaught Error: Class 'WPGraphQL\CardNet\CarNetCustomer' not found in /var/www/html/wp-content/plugins/wp-grapql-cardnet/wp-graphql-cardnet.php:101
Stack trace:
#0 /var/www/html/wp-content/plugins/wp-grapql-cardnet/wp-graphql-cardnet.php(76): CardNet::init()
#1 /var/www/html/wp-content/plugins/wp-grapql-cardnet/wp-graphql-cardnet.php(115): CardNet::instance()
#2 /var/www/html/wp-includes/class-wp-hook.php(303): init('')
#3 /var/www/html/wp-includes/class-wp-hook.php(327): WP_Hook->apply_filters(NULL, Array)
#4 /var/www/html/wp-includes/plugin.php(470): WP_Hook->do_action(Array)
#5 /var/www/html/wp-settings.php(441): do_action('plugins_loaded')
#6 /var/www/html/wp-config.php(131): require_once('/var/www/html/w...')
#7 /var/www/html/wp-load.php(50): require_once('/var/www/html/w...')
#8 /var/www/html/wp-admin/admin-ajax.php(22): require_once('/var/www/html/w...')
#9 {main}
  thrown in /var/www/html/wp-content/plugins/wp-grapql-cardnet/wp-graphql-cardnet.php on line 101

2021-08-12T20:00:30+00:00 CRITICAL Uncaught Error: Class 'WPGraphQL\CardNet\CarNetCustomer' not found in /var/www/html/wp-content/plugins/wp-grapql-cardnet/wp-graphql-cardnet.php:101
Stack trace:
#0 /var/www/html/wp-content/plugins/wp-grapql-cardnet/wp-graphql-cardnet.php(76): CardNet::init()
#1 /var/www/html/wp-content/plugins/wp-grapql-cardnet/wp-graphql-cardnet.php(115): CardNet::instance()
#2 /var/www/html/wp-includes/class-wp-hook.php(303): init('')
#3 /var/www/html/wp-includes/class-wp-hook.php(327): WP_Hook->apply_filters(NULL, Array)
#4 /var/www/html/wp-includes/plugin.php(470): WP_Hook->do_action(Array)
#5 /var/www/html/wp-settings.php(441): do_action('plugins_loaded')
#6 /var/www/html/wp-config.php(131): require_once('/var/www/html/w...')
#7 /var/www/html/wp-load.php(50): require_once('/var/www/html/w...')
#8 /var/www/html/wp-admin/admin-ajax.php(22): require_once('/var/www/html/w...')
#9 {main}
  thrown in /var/www/html/wp-content/plugins/wp-grapql-cardnet/wp-graphql-cardnet.php on line 101

2021-08-12T20:02:32+00:00 CRITICAL Uncaught Error: Class 'WPGraphQL\CardNet\CarNetCustomer' not found in /var/www/html/wp-content/plugins/wp-grapql-cardnet/wp-graphql-cardnet.php:101
Stack trace:
#0 /var/www/html/wp-content/plugins/wp-grapql-cardnet/wp-graphql-cardnet.php(76): CardNet::init()
#1 /var/www/html/wp-content/plugins/wp-grapql-cardnet/wp-graphql-cardnet.php(115): CardNet::instance()
#2 /var/www/html/wp-includes/class-wp-hook.php(303): init('')
#3 /var/www/html/wp-includes/class-wp-hook.php(327): WP_Hook->apply_filters(NULL, Array)
#4 /var/www/html/wp-includes/plugin.php(470): WP_Hook->do_action(Array)
#5 /var/www/html/wp-settings.php(441): do_action('plugins_loaded')
#6 /var/www/html/wp-config.php(131): require_once('/var/www/html/w...')
#7 /var/www/html/wp-load.php(50): require_once('/var/www/html/w...')
#8 /var/www/html/wp-admin/admin-ajax.php(22): require_once('/var/www/html/w...')
#9 {main}
  thrown in /var/www/html/wp-content/plugins/wp-grapql-cardnet/wp-graphql-cardnet.php on line 101

2021-08-12T20:04:33+00:00 CRITICAL Uncaught Error: Class 'WPGraphQL\CardNet\CarNetCustomer' not found in /var/www/html/wp-content/plugins/wp-grapql-cardnet/wp-graphql-cardnet.php:101
Stack trace:
#0 /var/www/html/wp-content/plugins/wp-grapql-cardnet/wp-graphql-cardnet.php(76): CardNet::init()
#1 /var/www/html/wp-content/plugins/wp-grapql-cardnet/wp-graphql-cardnet.php(115): CardNet::instance()
#2 /var/www/html/wp-includes/class-wp-hook.php(303): init('')
#3 /var/www/html/wp-includes/class-wp-hook.php(327): WP_Hook->apply_filters(NULL, Array)
#4 /var/www/html/wp-includes/plugin.php(470): WP_Hook->do_action(Array)
#5 /var/www/html/wp-settings.php(441): do_action('plugins_loaded')
#6 /var/www/html/wp-config.php(131): require_once('/var/www/html/w...')
#7 /var/www/html/wp-load.php(50): require_once('/var/www/html/w...')
#8 /var/www/html/wp-admin/admin-ajax.php(22): require_once('/var/www/html/w...')
#9 {main}
  thrown in /var/www/html/wp-content/plugins/wp-grapql-cardnet/wp-graphql-cardnet.php on line 101

2021-08-12T20:06:34+00:00 CRITICAL Uncaught Error: Class 'WPGraphQL\CardNet\CarNetCustomer' not found in /var/www/html/wp-content/plugins/wp-grapql-cardnet/wp-graphql-cardnet.php:101
Stack trace:
#0 /var/www/html/wp-content/plugins/wp-grapql-cardnet/wp-graphql-cardnet.php(76): CardNet::init()
#1 /var/www/html/wp-content/plugins/wp-grapql-cardnet/wp-graphql-cardnet.php(115): CardNet::instance()
#2 /var/www/html/wp-includes/class-wp-hook.php(303): init('')
#3 /var/www/html/wp-includes/class-wp-hook.php(327): WP_Hook->apply_filters(NULL, Array)
#4 /var/www/html/wp-includes/plugin.php(470): WP_Hook->do_action(Array)
#5 /var/www/html/wp-settings.php(441): do_action('plugins_loaded')
#6 /var/www/html/wp-config.php(131): require_once('/var/www/html/w...')
#7 /var/www/html/wp-load.php(50): require_once('/var/www/html/w...')
#8 /var/www/html/wp-admin/admin-ajax.php(22): require_once('/var/www/html/w...')
#9 {main}
  thrown in /var/www/html/wp-content/plugins/wp-grapql-cardnet/wp-graphql-cardnet.php on line 101

2021-08-12T20:08:35+00:00 CRITICAL Uncaught Error: Class 'WPGraphQL\CardNet\CarNetCustomer' not found in /var/www/html/wp-content/plugins/wp-grapql-cardnet/wp-graphql-cardnet.php:101
Stack trace:
#0 /var/www/html/wp-content/plugins/wp-grapql-cardnet/wp-graphql-cardnet.php(76): CardNet::init()
#1 /var/www/html/wp-content/plugins/wp-grapql-cardnet/wp-graphql-cardnet.php(115): CardNet::instance()
#2 /var/www/html/wp-includes/class-wp-hook.php(303): init('')
#3 /var/www/html/wp-includes/class-wp-hook.php(327): WP_Hook->apply_filters(NULL, Array)
#4 /var/www/html/wp-includes/plugin.php(470): WP_Hook->do_action(Array)
#5 /var/www/html/wp-settings.php(441): do_action('plugins_loaded')
#6 /var/www/html/wp-config.php(131): require_once('/var/www/html/w...')
#7 /var/www/html/wp-load.php(50): require_once('/var/www/html/w...')
#8 /var/www/html/wp-admin/admin-ajax.php(22): require_once('/var/www/html/w...')
#9 {main}
  thrown in /var/www/html/wp-content/plugins/wp-grapql-cardnet/wp-graphql-cardnet.php on line 101

2021-08-12T22:11:42+00:00 CRITICAL Uncaught Error: Class 'WPGraphQL\CardNet\CarNetCustomer' not found in /var/www/html/wp-content/plugins/wp-grapql-cardnet/wp-graphql-cardnet.php:101
Stack trace:
#0 /var/www/html/wp-content/plugins/wp-grapql-cardnet/wp-graphql-cardnet.php(76): CardNet::init()
#1 /var/www/html/wp-content/plugins/wp-grapql-cardnet/wp-graphql-cardnet.php(115): CardNet::instance()
#2 /var/www/html/wp-includes/class-wp-hook.php(303): init('')
#3 /var/www/html/wp-includes/class-wp-hook.php(327): WP_Hook->apply_filters(NULL, Array)
#4 /var/www/html/wp-includes/plugin.php(470): WP_Hook->do_action(Array)
#5 /var/www/html/wp-settings.php(441): do_action('plugins_loaded')
#6 /var/www/html/wp-config.php(131): require_once('/var/www/html/w...')
#7 /var/www/html/wp-load.php(50): require_once('/var/www/html/w...')
#8 /var/www/html/wp-admin/admin-ajax.php(22): require_once('/var/www/html/w...')
#9 {main}
  thrown in /var/www/html/wp-content/plugins/wp-grapql-cardnet/wp-graphql-cardnet.php on line 101

2021-08-12T22:13:42+00:00 CRITICAL Uncaught Error: Class 'WPGraphQL\CardNet\CarNetCustomer' not found in /var/www/html/wp-content/plugins/wp-grapql-cardnet/wp-graphql-cardnet.php:101
Stack trace:
#0 /var/www/html/wp-content/plugins/wp-grapql-cardnet/wp-graphql-cardnet.php(76): CardNet::init()
#1 /var/www/html/wp-content/plugins/wp-grapql-cardnet/wp-graphql-cardnet.php(115): CardNet::instance()
#2 /var/www/html/wp-includes/class-wp-hook.php(303): init('')
#3 /var/www/html/wp-includes/class-wp-hook.php(327): WP_Hook->apply_filters(NULL, Array)
#4 /var/www/html/wp-includes/plugin.php(470): WP_Hook->do_action(Array)
#5 /var/www/html/wp-settings.php(441): do_action('plugins_loaded')
#6 /var/www/html/wp-config.php(131): require_once('/var/www/html/w...')
#7 /var/www/html/wp-load.php(50): require_once('/var/www/html/w...')
#8 /var/www/html/wp-admin/admin-ajax.php(22): require_once('/var/www/html/w...')
#9 {main}
  thrown in /var/www/html/wp-content/plugins/wp-grapql-cardnet/wp-graphql-cardnet.php on line 101

2021-08-12T22:15:44+00:00 CRITICAL Uncaught Error: Class 'WPGraphQL\CardNet\CarNetCustomer' not found in /var/www/html/wp-content/plugins/wp-grapql-cardnet/wp-graphql-cardnet.php:101
Stack trace:
#0 /var/www/html/wp-content/plugins/wp-grapql-cardnet/wp-graphql-cardnet.php(76): CardNet::init()
#1 /var/www/html/wp-content/plugins/wp-grapql-cardnet/wp-graphql-cardnet.php(115): CardNet::instance()
#2 /var/www/html/wp-includes/class-wp-hook.php(303): init('')
#3 /var/www/html/wp-includes/class-wp-hook.php(327): WP_Hook->apply_filters(NULL, Array)
#4 /var/www/html/wp-includes/plugin.php(470): WP_Hook->do_action(Array)
#5 /var/www/html/wp-settings.php(441): do_action('plugins_loaded')
#6 /var/www/html/wp-config.php(131): require_once('/var/www/html/w...')
#7 /var/www/html/wp-load.php(50): require_once('/var/www/html/w...')
#8 /var/www/html/wp-admin/admin-ajax.php(22): require_once('/var/www/html/w...')
#9 {main}
  thrown in /var/www/html/wp-content/plugins/wp-grapql-cardnet/wp-graphql-cardnet.php on line 101

2021-08-12T22:17:45+00:00 CRITICAL Uncaught Error: Class 'WPGraphQL\CardNet\CarNetCustomer' not found in /var/www/html/wp-content/plugins/wp-grapql-cardnet/wp-graphql-cardnet.php:101
Stack trace:
#0 /var/www/html/wp-content/plugins/wp-grapql-cardnet/wp-graphql-cardnet.php(76): CardNet::init()
#1 /var/www/html/wp-content/plugins/wp-grapql-cardnet/wp-graphql-cardnet.php(115): CardNet::instance()
#2 /var/www/html/wp-includes/class-wp-hook.php(303): init('')
#3 /var/www/html/wp-includes/class-wp-hook.php(327): WP_Hook->apply_filters(NULL, Array)
#4 /var/www/html/wp-includes/plugin.php(470): WP_Hook->do_action(Array)
#5 /var/www/html/wp-settings.php(441): do_action('plugins_loaded')
#6 /var/www/html/wp-config.php(131): require_once('/var/www/html/w...')
#7 /var/www/html/wp-load.php(50): require_once('/var/www/html/w...')
#8 /var/www/html/wp-admin/admin-ajax.php(22): require_once('/var/www/html/w...')
#9 {main}
  thrown in /var/www/html/wp-content/plugins/wp-grapql-cardnet/wp-graphql-cardnet.php on line 101

2021-08-12T22:19:46+00:00 CRITICAL Uncaught Error: Class 'WPGraphQL\CardNet\CarNetCustomer' not found in /var/www/html/wp-content/plugins/wp-grapql-cardnet/wp-graphql-cardnet.php:101
Stack trace:
#0 /var/www/html/wp-content/plugins/wp-grapql-cardnet/wp-graphql-cardnet.php(76): CardNet::init()
#1 /var/www/html/wp-content/plugins/wp-grapql-cardnet/wp-graphql-cardnet.php(115): CardNet::instance()
#2 /var/www/html/wp-includes/class-wp-hook.php(303): init('')
#3 /var/www/html/wp-includes/class-wp-hook.php(327): WP_Hook->apply_filters(NULL, Array)
#4 /var/www/html/wp-includes/plugin.php(470): WP_Hook->do_action(Array)
#5 /var/www/html/wp-settings.php(441): do_action('plugins_loaded')
#6 /var/www/html/wp-config.php(131): require_once('/var/www/html/w...')
#7 /var/www/html/wp-load.php(50): require_once('/var/www/html/w...')
#8 /var/www/html/wp-admin/admin-ajax.php(22): require_once('/var/www/html/w...')
#9 {main}
  thrown in /var/www/html/wp-content/plugins/wp-grapql-cardnet/wp-graphql-cardnet.php on line 101

2021-08-12T23:22:20+00:00 CRITICAL Uncaught Error: Class 'WPGraphQL\CardNet\CarNetCustomer' not found in /var/www/html/wp-content/plugins/wp-grapql-cardnet/wp-graphql-cardnet.php:101
Stack trace:
#0 /var/www/html/wp-content/plugins/wp-grapql-cardnet/wp-graphql-cardnet.php(76): CardNet::init()
#1 /var/www/html/wp-content/plugins/wp-grapql-cardnet/wp-graphql-cardnet.php(115): CardNet::instance()
#2 /var/www/html/wp-includes/class-wp-hook.php(303): init('')
#3 /var/www/html/wp-includes/class-wp-hook.php(327): WP_Hook->apply_filters(NULL, Array)
#4 /var/www/html/wp-includes/plugin.php(470): WP_Hook->do_action(Array)
#5 /var/www/html/wp-settings.php(441): do_action('plugins_loaded')
#6 /var/www/html/wp-config.php(131): require_once('/var/www/html/w...')
#7 /var/www/html/wp-load.php(50): require_once('/var/www/html/w...')
#8 /var/www/html/wp-admin/admin-ajax.php(22): require_once('/var/www/html/w...')
#9 {main}
  thrown in /var/www/html/wp-content/plugins/wp-grapql-cardnet/wp-graphql-cardnet.php on line 101

2021-08-12T23:24:22+00:00 CRITICAL Uncaught Error: Class 'WPGraphQL\CardNet\CarNetCustomer' not found in /var/www/html/wp-content/plugins/wp-grapql-cardnet/wp-graphql-cardnet.php:101
Stack trace:
#0 /var/www/html/wp-content/plugins/wp-grapql-cardnet/wp-graphql-cardnet.php(76): CardNet::init()
#1 /var/www/html/wp-content/plugins/wp-grapql-cardnet/wp-graphql-cardnet.php(115): CardNet::instance()
#2 /var/www/html/wp-includes/class-wp-hook.php(303): init('')
#3 /var/www/html/wp-includes/class-wp-hook.php(327): WP_Hook->apply_filters(NULL, Array)
#4 /var/www/html/wp-includes/plugin.php(470): WP_Hook->do_action(Array)
#5 /var/www/html/wp-settings.php(441): do_action('plugins_loaded')
#6 /var/www/html/wp-config.php(131): require_once('/var/www/html/w...')
#7 /var/www/html/wp-load.php(50): require_once('/var/www/html/w...')
#8 /var/www/html/wp-admin/admin-ajax.php(22): require_once('/var/www/html/w...')
#9 {main}
  thrown in /var/www/html/wp-content/plugins/wp-grapql-cardnet/wp-graphql-cardnet.php on line 101

2021-08-12T23:26:28+00:00 CRITICAL Uncaught Error: Class 'WPGraphQL\CardNet\CarNetCustomer' not found in /var/www/html/wp-content/plugins/wp-grapql-cardnet/wp-graphql-cardnet.php:101
Stack trace:
#0 /var/www/html/wp-content/plugins/wp-grapql-cardnet/wp-graphql-cardnet.php(76): CardNet::init()
#1 /var/www/html/wp-content/plugins/wp-grapql-cardnet/wp-graphql-cardnet.php(115): CardNet::instance()
#2 /var/www/html/wp-includes/class-wp-hook.php(303): init('')
#3 /var/www/html/wp-includes/class-wp-hook.php(327): WP_Hook->apply_filters(NULL, Array)
#4 /var/www/html/wp-includes/plugin.php(470): WP_Hook->do_action(Array)
#5 /var/www/html/wp-settings.php(441): do_action('plugins_loaded')
#6 /var/www/html/wp-config.php(131): require_once('/var/www/html/w...')
#7 /var/www/html/wp-load.php(50): require_once('/var/www/html/w...')
#8 /var/www/html/wp-admin/admin-ajax.php(22): require_once('/var/www/html/w...')
#9 {main}
  thrown in /var/www/html/wp-content/plugins/wp-grapql-cardnet/wp-graphql-cardnet.php on line 101

2021-08-12T23:28:31+00:00 CRITICAL Uncaught Error: Class 'WPGraphQL\CardNet\CarNetCustomer' not found in /var/www/html/wp-content/plugins/wp-grapql-cardnet/wp-graphql-cardnet.php:101
Stack trace:
#0 /var/www/html/wp-content/plugins/wp-grapql-cardnet/wp-graphql-cardnet.php(76): CardNet::init()
#1 /var/www/html/wp-content/plugins/wp-grapql-cardnet/wp-graphql-cardnet.php(115): CardNet::instance()
#2 /var/www/html/wp-includes/class-wp-hook.php(303): init('')
#3 /var/www/html/wp-includes/class-wp-hook.php(327): WP_Hook->apply_filters(NULL, Array)
#4 /var/www/html/wp-includes/plugin.php(470): WP_Hook->do_action(Array)
#5 /var/www/html/wp-settings.php(441): do_action('plugins_loaded')
#6 /var/www/html/wp-config.php(131): require_once('/var/www/html/w...')
#7 /var/www/html/wp-load.php(50): require_once('/var/www/html/w...')
#8 /var/www/html/wp-admin/admin-ajax.php(22): require_once('/var/www/html/w...')
#9 {main}
  thrown in /var/www/html/wp-content/plugins/wp-grapql-cardnet/wp-graphql-cardnet.php on line 101

2021-08-12T23:30:31+00:00 CRITICAL Uncaught Error: Class 'WPGraphQL\CardNet\CarNetCustomer' not found in /var/www/html/wp-content/plugins/wp-grapql-cardnet/wp-graphql-cardnet.php:101
Stack trace:
#0 /var/www/html/wp-content/plugins/wp-grapql-cardnet/wp-graphql-cardnet.php(76): CardNet::init()
#1 /var/www/html/wp-content/plugins/wp-grapql-cardnet/wp-graphql-cardnet.php(115): CardNet::instance()
#2 /var/www/html/wp-includes/class-wp-hook.php(303): init('')
#3 /var/www/html/wp-includes/class-wp-hook.php(327): WP_Hook->apply_filters(NULL, Array)
#4 /var/www/html/wp-includes/plugin.php(470): WP_Hook->do_action(Array)
#5 /var/www/html/wp-settings.php(441): do_action('plugins_loaded')
#6 /var/www/html/wp-config.php(131): require_once('/var/www/html/w...')
#7 /var/www/html/wp-load.php(50): require_once('/var/www/html/w...')
#8 /var/www/html/wp-admin/admin-ajax.php(22): require_once('/var/www/html/w...')
#9 {main}
  thrown in /var/www/html/wp-content/plugins/wp-grapql-cardnet/wp-graphql-cardnet.php on line 101

2021-08-12T23:32:32+00:00 CRITICAL Uncaught Error: Class 'WPGraphQL\CardNet\CarNetCustomer' not found in /var/www/html/wp-content/plugins/wp-grapql-cardnet/wp-graphql-cardnet.php:101
Stack trace:
#0 /var/www/html/wp-content/plugins/wp-grapql-cardnet/wp-graphql-cardnet.php(76): CardNet::init()
#1 /var/www/html/wp-content/plugins/wp-grapql-cardnet/wp-graphql-cardnet.php(115): CardNet::instance()
#2 /var/www/html/wp-includes/class-wp-hook.php(303): init('')
#3 /var/www/html/wp-includes/class-wp-hook.php(327): WP_Hook->apply_filters(NULL, Array)
#4 /var/www/html/wp-includes/plugin.php(470): WP_Hook->do_action(Array)
#5 /var/www/html/wp-settings.php(441): do_action('plugins_loaded')
#6 /var/www/html/wp-config.php(131): require_once('/var/www/html/w...')
#7 /var/www/html/wp-load.php(50): require_once('/var/www/html/w...')
#8 /var/www/html/wp-admin/admin-ajax.php(22): require_once('/var/www/html/w...')
#9 {main}
  thrown in /var/www/html/wp-content/plugins/wp-grapql-cardnet/wp-graphql-cardnet.php on line 101

2021-08-12T23:34:33+00:00 CRITICAL Uncaught Error: Class 'WPGraphQL\CardNet\CarNetCustomer' not found in /var/www/html/wp-content/plugins/wp-grapql-cardnet/wp-graphql-cardnet.php:101
Stack trace:
#0 /var/www/html/wp-content/plugins/wp-grapql-cardnet/wp-graphql-cardnet.php(76): CardNet::init()
#1 /var/www/html/wp-content/plugins/wp-grapql-cardnet/wp-graphql-cardnet.php(115): CardNet::instance()
#2 /var/www/html/wp-includes/class-wp-hook.php(303): init('')
#3 /var/www/html/wp-includes/class-wp-hook.php(327): WP_Hook->apply_filters(NULL, Array)
#4 /var/www/html/wp-includes/plugin.php(470): WP_Hook->do_action(Array)
#5 /var/www/html/wp-settings.php(441): do_action('plugins_loaded')
#6 /var/www/html/wp-config.php(131): require_once('/var/www/html/w...')
#7 /var/www/html/wp-load.php(50): require_once('/var/www/html/w...')
#8 /var/www/html/wp-admin/admin-ajax.php(22): require_once('/var/www/html/w...')
#9 {main}
  thrown in /var/www/html/wp-content/plugins/wp-grapql-cardnet/wp-graphql-cardnet.php on line 101

